<?xml version="1.0" encoding="UTF-8"?>
<testsuites name="Master Kategori Toko" time="131.784" tests="6" failures="1" errors="0">
   <testsuite name="Master Kategori Toko" tests="6" failures="1" errors="0" time="131.784" skipped="0" timestamp="2023-07-11 10:00:55" hostname="202102359 - KPO-Blicicil.pdc.megafinance.co.id" id="Test Suites/Master Kategori Toko">
      <properties>
         <property name="deviceName" value=""/>
         <property name="devicePlatform" value=""/>
         <property name="logFolder" value="C:\\Users\\202102359\\git\\blicicil-dashboard-uat\\Reports\\20230711_100050\\Master Kategori Toko\\20230711_100052"/>
         <property name="logFiles" value="C:\\Users\\202102359\\git\\blicicil-dashboard-uat\\Reports\\20230711_100050\\Master Kategori Toko\\20230711_100052\\execution0.log"/>
         <property name="attachments" value="C:\\Users\\202102359\\git\\blicicil-dashboard-uat\\Reports\\20230711_100050\\Master Kategori Toko\\20230711_100052\\1689044560322.png, C:\\Users\\202102359\\git\\blicicil-dashboard-uat\\Reports\\20230711_100050\\Master Kategori Toko\\20230711_100052\\1689044560516.png"/>
         <property name="hostName" value="202102359 - KPO-Blicicil.pdc.megafinance.co.id"/>
         <property name="os" value="Windows 10 64bit"/>
         <property name="katalonVersion" value="8.6.0.208"/>
         <property name="browser" value="Chrome 114.0.0.0"/>
         <property name="hostAddress" value="192.168.16.53"/>
         <property name="sessionId" value="058dba00d4c1318c291f8eb273b669fb"/>
         <property name="seleniumVersion" value="3.141.59"/>
         <property name="proxyInformation" value="ProxyInformation { proxyOption=NO_PROXY, proxyServerType=HTTP, username=, password=********, proxyServerAddress=, proxyServerPort=0, executionList=&quot;&quot;, isApplyToDesiredCapabilities=true }"/>
         <property name="platform" value="Windows 10"/>
      </properties>
      <testcase name="Test Cases/Master Kategori Toko/Beranda" time="21.61" classname="Test Cases/Master Kategori Toko/Beranda" status="PASSED">
         <system-out><![CDATA[2023-07-11 10:00:56 - [TEST_CASE][PASSED] - Test Cases/Master Kategori Toko/Beranda: Test Cases/Master Kategori Toko/Beranda

2023-07-11 10:00:56 - [TEST_STEP][PASSED] - openBrowser(""): Browser is opened with url: ''

2023-07-11 10:00:57 - [MESSAGE][INFO] - Starting 'Chrome' driver

2023-07-11 10:00:57 - [MESSAGE][INFO] - User set preference: ['args', '[--start-maximized]']

2023-07-11 10:00:57 - [MESSAGE][INFO] - Action delay is set to 0 milliseconds

2023-07-11 10:01:00 - [MESSAGE][PASSED] - Browser is opened with url: ''

2023-07-11 10:01:00 - [TEST_STEP][PASSED] - maximizeWindow(): Current window maximized

2023-07-11 10:01:00 - [MESSAGE][PASSED] - Current window maximized

2023-07-11 10:01:00 - [TEST_STEP][PASSED] - navigateToUrl("https://uat-dashboard.blicicil.com/auth/login"): Navigate to 'https://uat-dashboard.blicicil.com/auth/login' successfully

2023-07-11 10:01:01 - [MESSAGE][PASSED] - Navigate to 'https://uat-dashboard.blicicil.com/auth/login' successfully

2023-07-11 10:01:01 - [TEST_STEP][PASSED] - setText(findTestObject("Object Repository/Master Kategori Toko/Beranda/input_Email_email"), "eva.mayadila@megafinance.co.id"): Text 'eva.mayadila@megafinance.co.id' is set on object 'Object Repository/Master Kategori Toko/Beranda/input_Email_email'

2023-07-11 10:01:02 - [MESSAGE][PASSED] - Text 'eva.mayadila@megafinance.co.id' is set on object 'Object Repository/Master Kategori Toko/Beranda/input_Email_email'

2023-07-11 10:01:02 - [TEST_STEP][PASSED] - setEncryptedText(findTestObject("Object Repository/Master Kategori Toko/Beranda/input_Password_password"), "aeHFOx8jV/A="): Text ****** has been set on object 'Object Repository/Master Kategori Toko/Beranda/input_Password_password'

2023-07-11 10:01:03 - [MESSAGE][PASSED] - Text ****** has been set on object 'Object Repository/Master Kategori Toko/Beranda/input_Password_password'

2023-07-11 10:01:03 - [TEST_STEP][PASSED] - click(findTestObject("Object Repository/Master Kategori Toko/Beranda/button_Login")): Object: 'Object Repository/Master Kategori Toko/Beranda/button_Login' is clicked on

2023-07-11 10:01:03 - [MESSAGE][PASSED] - Object: 'Object Repository/Master Kategori Toko/Beranda/button_Login' is clicked on

2023-07-11 10:01:03 - [TEST_STEP][PASSED] - click(findTestObject("Object Repository/Master Kategori Toko/Beranda/a_Master")): Object: 'Object Repository/Master Kategori Toko/Beranda/a_Master' is clicked on

2023-07-11 10:01:05 - [MESSAGE][PASSED] - Object: 'Object Repository/Master Kategori Toko/Beranda/a_Master' is clicked on

2023-07-11 10:01:05 - [TEST_STEP][PASSED] - click(findTestObject("Object Repository/Master Kategori Toko/Beranda/a_Kategori Toko")): Object: 'Object Repository/Master Kategori Toko/Beranda/a_Kategori Toko' is clicked on

2023-07-11 10:01:06 - [MESSAGE][PASSED] - Object: 'Object Repository/Master Kategori Toko/Beranda/a_Kategori Toko' is clicked on

2023-07-11 10:01:06 - [TEST_STEP][PASSED] - getText(findTestObject("Object Repository/Master Kategori Toko/Beranda/div_List Kategori Toko BliCicil Admin as   _2278a0")): Text of object 'Object Repository/Master Kategori Toko/Beranda/div_List Kategori Toko BliCicil Admin as   _2278a0' is: 'List Kategori Toko BliCicil Admin as
New Kategori Toko'

2023-07-11 10:01:07 - [MESSAGE][PASSED] - Text of object 'Object Repository/Master Kategori Toko/Beranda/div_List Kategori Toko BliCicil Admin as   _2278a0' is: 'List Kategori Toko BliCicil Admin as
New Kategori Toko'

2023-07-11 10:01:07 - [TEST_STEP][PASSED] - click(findTestObject("Object Repository/Master Kategori Toko/Beranda/a_2")): Object: 'Object Repository/Master Kategori Toko/Beranda/a_2' is clicked on

2023-07-11 10:01:10 - [MESSAGE][PASSED] - Object: 'Object Repository/Master Kategori Toko/Beranda/a_2' is clicked on

2023-07-11 10:01:10 - [TEST_STEP][PASSED] - click(findTestObject("Object Repository/Master Kategori Toko/Beranda/a_Previous")): Object: 'Object Repository/Master Kategori Toko/Beranda/a_Previous' is clicked on

2023-07-11 10:01:10 - [MESSAGE][PASSED] - Object: 'Object Repository/Master Kategori Toko/Beranda/a_Previous' is clicked on

2023-07-11 10:01:10 - [TEST_STEP][PASSED] - click(findTestObject("Object Repository/Master Kategori Toko/Beranda/a_Next")): Object: 'Object Repository/Master Kategori Toko/Beranda/a_Next' is clicked on

2023-07-11 10:01:13 - [MESSAGE][PASSED] - Object: 'Object Repository/Master Kategori Toko/Beranda/a_Next' is clicked on

2023-07-11 10:01:13 - [TEST_STEP][PASSED] - click(findTestObject("Object Repository/Master Kategori Toko/Beranda/a_1")): Object: 'Object Repository/Master Kategori Toko/Beranda/a_1' is clicked on

2023-07-11 10:01:13 - [MESSAGE][PASSED] - Object: 'Object Repository/Master Kategori Toko/Beranda/a_1' is clicked on

2023-07-11 10:01:13 - [TEST_STEP][PASSED] - click(findTestObject("Object Repository/Master Kategori Toko/Beranda/button_Hapus")): Object: 'Object Repository/Master Kategori Toko/Beranda/button_Hapus' is clicked on

2023-07-11 10:01:14 - [MESSAGE][PASSED] - Object: 'Object Repository/Master Kategori Toko/Beranda/button_Hapus' is clicked on

2023-07-11 10:01:14 - [TEST_STEP][PASSED] - getText(findTestObject("Object Repository/Master Kategori Toko/Beranda/div_Are you sure want to delete Panasonic R_24412a")): Text of object 'Object Repository/Master Kategori Toko/Beranda/div_Are you sure want to delete Panasonic R_24412a' is: 'Messages
Timeline
Exceptions
Views5
Route
Queries31
Models77
Mails
Gate
Session
Request
7.4.30
64.87ms
5MB
GET master/katetoko'

2023-07-11 10:01:14 - [MESSAGE][PASSED] - Text of object 'Object Repository/Master Kategori Toko/Beranda/div_Are you sure want to delete Panasonic R_24412a' is: 'Messages
Timeline
Exceptions
Views5
Route
Queries31
Models77
Mails
Gate
Session
Request
7.4.30
64.87ms
5MB
GET master/katetoko'

2023-07-11 10:01:14 - [TEST_STEP][PASSED] - click(findTestObject("Master Kategori Toko/Beranda/button_No")): Object: 'Object Repository/Master Kategori Toko/Beranda/button_No' is clicked on

2023-07-11 10:01:15 - [MESSAGE][PASSED] - Object: 'Object Repository/Master Kategori Toko/Beranda/button_No' is clicked on

2023-07-11 10:01:15 - [TEST_STEP][PASSED] - click(findTestObject("Object Repository/Master Kategori Toko/Beranda/button_Hapus")): Object: 'Object Repository/Master Kategori Toko/Beranda/button_Hapus' is clicked on

2023-07-11 10:01:15 - [MESSAGE][PASSED] - Object: 'Object Repository/Master Kategori Toko/Beranda/button_Hapus' is clicked on

2023-07-11 10:01:15 - [TEST_STEP][PASSED] - getText(findTestObject("Object Repository/Master Kategori Toko/Beranda/div_Are you sure want to delete Panasonic R_24412a")): Text of object 'Object Repository/Master Kategori Toko/Beranda/div_Are you sure want to delete Panasonic R_24412a' is: 'Messages
Timeline
Exceptions
Views5
Route
Queries31
Models77
Mails
Gate
Session
Request
7.4.30
64.87ms
5MB
GET master/katetoko'

2023-07-11 10:01:16 - [MESSAGE][PASSED] - Text of object 'Object Repository/Master Kategori Toko/Beranda/div_Are you sure want to delete Panasonic R_24412a' is: 'Messages
Timeline
Exceptions
Views5
Route
Queries31
Models77
Mails
Gate
Session
Request
7.4.30
64.87ms
5MB
GET master/katetoko'

2023-07-11 10:01:16 - [TEST_STEP][PASSED] - click(findTestObject("Object Repository/Master Kategori Toko/Beranda/button_Yes")): Object: 'Object Repository/Master Kategori Toko/Beranda/button_Yes' is clicked on

2023-07-11 10:01:16 - [MESSAGE][PASSED] - Object: 'Object Repository/Master Kategori Toko/Beranda/button_Yes' is clicked on

2023-07-11 10:01:16 - [TEST_STEP][PASSED] - closeBrowser(): Browser is closed

2023-07-11 10:01:17 - [MESSAGE][PASSED] - Browser is closed]]></system-out>
         <system-err><![CDATA[]]></system-err>
      </testcase>
      <testcase name="Test Cases/Master Kategori Toko/Add Success" time="51.087" classname="Test Cases/Master Kategori Toko/Add Success" status="PASSED">
         <system-out><![CDATA[2023-07-11 10:01:17 - [TEST_CASE][PASSED] - Test Cases/Master Kategori Toko/Add Success: Test Cases/Master Kategori Toko/Add Success

2023-07-11 10:01:18 - [TEST_STEP][PASSED] - openBrowser(""): Browser is opened with url: ''

2023-07-11 10:01:18 - [MESSAGE][INFO] - Starting 'Chrome' driver

2023-07-11 10:01:18 - [MESSAGE][INFO] - User set preference: ['args', '[--start-maximized]']

2023-07-11 10:01:18 - [MESSAGE][INFO] - Action delay is set to 0 milliseconds

2023-07-11 10:01:20 - [MESSAGE][PASSED] - Browser is opened with url: ''

2023-07-11 10:01:20 - [TEST_STEP][PASSED] - maximizeWindow(): Current window maximized

2023-07-11 10:01:20 - [MESSAGE][PASSED] - Current window maximized

2023-07-11 10:01:20 - [TEST_STEP][PASSED] - navigateToUrl("https://uat-dashboard.blicicil.com/auth/login"): Navigate to 'https://uat-dashboard.blicicil.com/auth/login' successfully

2023-07-11 10:01:21 - [MESSAGE][PASSED] - Navigate to 'https://uat-dashboard.blicicil.com/auth/login' successfully

2023-07-11 10:01:21 - [TEST_STEP][PASSED] - setText(findTestObject("Object Repository/Master Kategori Toko/Add Success/input_Email_email"), "eva.mayadila@megafinance.co.id"): Text 'eva.mayadila@megafinance.co.id' is set on object 'Object Repository/Master Kategori Toko/Add Success/input_Email_email'

2023-07-11 10:01:22 - [MESSAGE][PASSED] - Text 'eva.mayadila@megafinance.co.id' is set on object 'Object Repository/Master Kategori Toko/Add Success/input_Email_email'

2023-07-11 10:01:22 - [TEST_STEP][PASSED] - setEncryptedText(findTestObject("Object Repository/Master Kategori Toko/Add Success/input_Password_password"), "aeHFOx8jV/A="): Text ****** has been set on object 'Object Repository/Master Kategori Toko/Add Success/input_Password_password'

2023-07-11 10:01:22 - [MESSAGE][PASSED] - Text ****** has been set on object 'Object Repository/Master Kategori Toko/Add Success/input_Password_password'

2023-07-11 10:01:22 - [TEST_STEP][PASSED] - click(findTestObject("Object Repository/Master Kategori Toko/Add Success/button_Login")): Object: 'Object Repository/Master Kategori Toko/Add Success/button_Login' is clicked on

2023-07-11 10:01:23 - [MESSAGE][PASSED] - Object: 'Object Repository/Master Kategori Toko/Add Success/button_Login' is clicked on

2023-07-11 10:01:23 - [TEST_STEP][PASSED] - click(findTestObject("Object Repository/Master Kategori Toko/Add Success/a_Master")): Object: 'Object Repository/Master Kategori Toko/Add Success/a_Master' is clicked on

2023-07-11 10:01:25 - [MESSAGE][PASSED] - Object: 'Object Repository/Master Kategori Toko/Add Success/a_Master' is clicked on

2023-07-11 10:01:25 - [TEST_STEP][PASSED] - click(findTestObject("Master Kategori Toko/Add Success/a_Kategori Toko")): Object: 'Object Repository/Master Kategori Toko/Add Success/a_Kategori Toko' is clicked on

2023-07-11 10:01:25 - [MESSAGE][PASSED] - Object: 'Object Repository/Master Kategori Toko/Add Success/a_Kategori Toko' is clicked on

2023-07-11 10:01:25 - [TEST_STEP][PASSED] - click(findTestObject("Master Kategori Toko/Add Success/a_New Kategori Toko")): Object: 'Object Repository/Master Kategori Toko/Add Success/a_New Kategori Toko' is clicked on

2023-07-11 10:01:27 - [MESSAGE][PASSED] - Object: 'Object Repository/Master Kategori Toko/Add Success/a_New Kategori Toko' is clicked on

2023-07-11 10:01:27 - [TEST_STEP][PASSED] - selectOptionByValue(findTestObject("Master Kategori Toko/Add Success/Pilih toko"), toko, true): All options with value '27' are selected in object 'Object Repository/Master Kategori Toko/Add Success/Pilih toko'  using regular expression

2023-07-11 10:02:03 - [MESSAGE][PASSED] - All options with value '27' are selected in object 'Object Repository/Master Kategori Toko/Add Success/Pilih toko'  using regular expression

2023-07-11 10:02:03 - [TEST_STEP][PASSED] - click(findTestObject("Object Repository/Master Kategori Toko/Add Success/div_--Pilih Kategori--")): Object: 'Object Repository/Master Kategori Toko/Add Success/div_--Pilih Kategori--' is clicked on

2023-07-11 10:02:04 - [MESSAGE][PASSED] - Object: 'Object Repository/Master Kategori Toko/Add Success/div_--Pilih Kategori--' is clicked on

2023-07-11 10:02:04 - [TEST_STEP][PASSED] - notChecked = verifyElementNotChecked(findTestObject("Master Kategori Toko/Add Success/input_Komputer  Laptop_category"), 0): Object 'Object Repository/Master Kategori Toko/Add Success/input_Komputer  Laptop_category' is not checked

2023-07-11 10:02:04 - [MESSAGE][WARNING] - Timeout '0' is invalid. Using default page load timeout: '30'

2023-07-11 10:02:04 - [MESSAGE][PASSED] - Object 'Object Repository/Master Kategori Toko/Add Success/input_Komputer  Laptop_category' is not checked

2023-07-11 10:02:04 - [TEST_STEP][PASSED] - if (notChecked == true): Object 'Object Repository/Master Kategori Toko/Add Success/input_Komputer  Laptop_category' is checked

2023-07-11 10:02:04 - [TEST_STEP][PASSED] - check(findTestObject("Master Kategori Toko/Add Success/input_Komputer  Laptop_category")): Object 'Object Repository/Master Kategori Toko/Add Success/input_Komputer  Laptop_category' is checked

2023-07-11 10:02:05 - [MESSAGE][PASSED] - Object 'Object Repository/Master Kategori Toko/Add Success/input_Komputer  Laptop_category' is checked

2023-07-11 10:02:05 - [TEST_STEP][PASSED] - notChecked = verifyElementNotChecked(findTestObject("Master Kategori Toko/Add Success/input_TV_category"), 0): Object 'Object Repository/Master Kategori Toko/Add Success/input_TV_category' is not checked

2023-07-11 10:02:05 - [MESSAGE][WARNING] - Timeout '0' is invalid. Using default page load timeout: '30'

2023-07-11 10:02:05 - [MESSAGE][PASSED] - Object 'Object Repository/Master Kategori Toko/Add Success/input_TV_category' is not checked

2023-07-11 10:02:05 - [TEST_STEP][PASSED] - if (notChecked == true): Object 'Object Repository/Master Kategori Toko/Add Success/input_TV_category' is checked

2023-07-11 10:02:05 - [TEST_STEP][PASSED] - check(findTestObject("Master Kategori Toko/Add Success/input_TV_category")): Object 'Object Repository/Master Kategori Toko/Add Success/input_TV_category' is checked

2023-07-11 10:02:05 - [MESSAGE][PASSED] - Object 'Object Repository/Master Kategori Toko/Add Success/input_TV_category' is checked

2023-07-11 10:02:05 - [TEST_STEP][PASSED] - notChecked = verifyElementNotChecked(findTestObject("Master Kategori Toko/Add Success/input_Dapur_category"), 0): Object 'Object Repository/Master Kategori Toko/Add Success/input_Dapur_category' is not checked

2023-07-11 10:02:05 - [MESSAGE][WARNING] - Timeout '0' is invalid. Using default page load timeout: '30'

2023-07-11 10:02:06 - [MESSAGE][PASSED] - Object 'Object Repository/Master Kategori Toko/Add Success/input_Dapur_category' is not checked

2023-07-11 10:02:06 - [TEST_STEP][PASSED] - if (notChecked == true): Object 'Object Repository/Master Kategori Toko/Add Success/input_Dapur_category' is checked

2023-07-11 10:02:06 - [TEST_STEP][PASSED] - check(findTestObject("Master Kategori Toko/Add Success/input_Dapur_category")): Object 'Object Repository/Master Kategori Toko/Add Success/input_Dapur_category' is checked

2023-07-11 10:02:06 - [MESSAGE][PASSED] - Object 'Object Repository/Master Kategori Toko/Add Success/input_Dapur_category' is checked

2023-07-11 10:02:06 - [TEST_STEP][PASSED] - notChecked = verifyElementNotChecked(findTestObject("Master Kategori Toko/Add Success/input_Kamera  Recoder_category"), 0): Object 'Object Repository/Master Kategori Toko/Add Success/input_Kamera  Recoder_category' is not checked

2023-07-11 10:02:06 - [MESSAGE][WARNING] - Timeout '0' is invalid. Using default page load timeout: '30'

2023-07-11 10:02:07 - [MESSAGE][PASSED] - Object 'Object Repository/Master Kategori Toko/Add Success/input_Kamera  Recoder_category' is not checked

2023-07-11 10:02:07 - [TEST_STEP][PASSED] - if (notChecked == true): Object 'Object Repository/Master Kategori Toko/Add Success/input_Kamera  Recoder_category' is checked

2023-07-11 10:02:07 - [TEST_STEP][PASSED] - check(findTestObject("Master Kategori Toko/Add Success/input_Kamera  Recoder_category")): Object 'Object Repository/Master Kategori Toko/Add Success/input_Kamera  Recoder_category' is checked

2023-07-11 10:02:07 - [MESSAGE][PASSED] - Object 'Object Repository/Master Kategori Toko/Add Success/input_Kamera  Recoder_category' is checked

2023-07-11 10:02:07 - [TEST_STEP][PASSED] - click(findTestObject("Master Kategori Toko/Add Success/button_Submit")): Object: 'Object Repository/Master Kategori Toko/Add Success/button_Submit' is clicked on

2023-07-11 10:02:07 - [MESSAGE][PASSED] - Object: 'Object Repository/Master Kategori Toko/Add Success/button_Submit' is clicked on

2023-07-11 10:02:07 - [TEST_STEP][PASSED] - closeBrowser(): Browser is closed

2023-07-11 10:02:08 - [MESSAGE][PASSED] - Browser is closed]]></system-out>
         <system-err><![CDATA[]]></system-err>
      </testcase>
      <testcase name="Test Cases/Master Kategori Toko/Add Failed" time="18.983" classname="Test Cases/Master Kategori Toko/Add Failed" status="PASSED">
         <system-out><![CDATA[2023-07-11 10:02:08 - [TEST_CASE][PASSED] - Test Cases/Master Kategori Toko/Add Failed: Test Cases/Master Kategori Toko/Add Failed

2023-07-11 10:02:08 - [TEST_STEP][PASSED] - openBrowser(""): Browser is opened with url: ''

2023-07-11 10:02:08 - [MESSAGE][INFO] - Starting 'Chrome' driver

2023-07-11 10:02:08 - [MESSAGE][INFO] - User set preference: ['args', '[--start-maximized]']

2023-07-11 10:02:08 - [MESSAGE][INFO] - Action delay is set to 0 milliseconds

2023-07-11 10:02:10 - [MESSAGE][PASSED] - Browser is opened with url: ''

2023-07-11 10:02:10 - [TEST_STEP][PASSED] - maximizeWindow(): Current window maximized

2023-07-11 10:02:10 - [MESSAGE][PASSED] - Current window maximized

2023-07-11 10:02:10 - [TEST_STEP][PASSED] - navigateToUrl("https://uat-dashboard.blicicil.com/auth/login"): Navigate to 'https://uat-dashboard.blicicil.com/auth/login' successfully

2023-07-11 10:02:13 - [MESSAGE][PASSED] - Navigate to 'https://uat-dashboard.blicicil.com/auth/login' successfully

2023-07-11 10:02:13 - [TEST_STEP][PASSED] - setText(findTestObject("Object Repository/Master Kategori Toko/Add/input_Email_email"), "eva.mayadila@megafinance.co.id"): Text 'eva.mayadila@megafinance.co.id' is set on object 'Object Repository/Master Kategori Toko/Add/input_Email_email'

2023-07-11 10:02:15 - [MESSAGE][PASSED] - Text 'eva.mayadila@megafinance.co.id' is set on object 'Object Repository/Master Kategori Toko/Add/input_Email_email'

2023-07-11 10:02:15 - [TEST_STEP][PASSED] - setEncryptedText(findTestObject("Object Repository/Master Kategori Toko/Add/input_Password_password"), "aeHFOx8jV/A="): Text ****** has been set on object 'Object Repository/Master Kategori Toko/Add/input_Password_password'

2023-07-11 10:02:16 - [MESSAGE][PASSED] - Text ****** has been set on object 'Object Repository/Master Kategori Toko/Add/input_Password_password'

2023-07-11 10:02:16 - [TEST_STEP][PASSED] - click(findTestObject("Object Repository/Master Kategori Toko/Add/button_Login")): Object: 'Object Repository/Master Kategori Toko/Add/button_Login' is clicked on

2023-07-11 10:02:16 - [MESSAGE][PASSED] - Object: 'Object Repository/Master Kategori Toko/Add/button_Login' is clicked on

2023-07-11 10:02:16 - [TEST_STEP][PASSED] - click(findTestObject("Object Repository/Master Kategori Toko/Add/a_Master")): Object: 'Object Repository/Master Kategori Toko/Add/a_Master' is clicked on

2023-07-11 10:02:18 - [MESSAGE][PASSED] - Object: 'Object Repository/Master Kategori Toko/Add/a_Master' is clicked on

2023-07-11 10:02:18 - [TEST_STEP][PASSED] - click(findTestObject("Object Repository/Master Kategori Toko/Add/a_Kategori Toko")): Object: 'Object Repository/Master Kategori Toko/Add/a_Kategori Toko' is clicked on

2023-07-11 10:02:19 - [MESSAGE][PASSED] - Object: 'Object Repository/Master Kategori Toko/Add/a_Kategori Toko' is clicked on

2023-07-11 10:02:19 - [TEST_STEP][PASSED] - click(findTestObject("Object Repository/Master Kategori Toko/Add/a_New Kategori Toko")): Object: 'Object Repository/Master Kategori Toko/Add/a_New Kategori Toko' is clicked on

2023-07-11 10:02:21 - [MESSAGE][PASSED] - Object: 'Object Repository/Master Kategori Toko/Add/a_New Kategori Toko' is clicked on

2023-07-11 10:02:21 - [TEST_STEP][PASSED] - click(findTestObject("Master Kategori Toko/Add/select_--Pilih Toko")): Object: 'Object Repository/Master Kategori Toko/Add/select_--Pilih Toko' is clicked on

2023-07-11 10:02:22 - [MESSAGE][PASSED] - Object: 'Object Repository/Master Kategori Toko/Add/select_--Pilih Toko' is clicked on

2023-07-11 10:02:22 - [TEST_STEP][PASSED] - click(findTestObject("Master Kategori Toko/Add/div_--Pilih Kategori--")): Object: 'Object Repository/Master Kategori Toko/Add/div_--Pilih Kategori--' is clicked on

2023-07-11 10:02:23 - [MESSAGE][PASSED] - Object: 'Object Repository/Master Kategori Toko/Add/div_--Pilih Kategori--' is clicked on

2023-07-11 10:02:23 - [TEST_STEP][PASSED] - click(findTestObject("Master Kategori Toko/Add/button_Submit")): Object: 'Object Repository/Master Kategori Toko/Add/button_Submit' is clicked on

2023-07-11 10:02:23 - [MESSAGE][PASSED] - Object: 'Object Repository/Master Kategori Toko/Add/button_Submit' is clicked on

2023-07-11 10:02:23 - [TEST_STEP][PASSED] - refresh(): Refresh successfully

2023-07-11 10:02:23 - [MESSAGE][PASSED] - Refresh successfully

2023-07-11 10:02:23 - [TEST_STEP][PASSED] - click(findTestObject("Master Kategori Toko/Add/select_--Pilih Toko")): Object: 'Object Repository/Master Kategori Toko/Add/select_--Pilih Toko' is clicked on

2023-07-11 10:02:24 - [MESSAGE][PASSED] - Object: 'Object Repository/Master Kategori Toko/Add/select_--Pilih Toko' is clicked on

2023-07-11 10:02:24 - [TEST_STEP][PASSED] - click(findTestObject("Master Kategori Toko/Add/div_--Pilih Kategori--")): Object: 'Object Repository/Master Kategori Toko/Add/div_--Pilih Kategori--' is clicked on

2023-07-11 10:02:25 - [MESSAGE][PASSED] - Object: 'Object Repository/Master Kategori Toko/Add/div_--Pilih Kategori--' is clicked on

2023-07-11 10:02:25 - [TEST_STEP][PASSED] - notChecked = verifyElementNotChecked(findTestObject("Master Kategori Toko/Add/input_Komputer Laptop_category"), 0): Object 'Object Repository/Master Kategori Toko/Add/input_Komputer Laptop_category' is not checked

2023-07-11 10:02:25 - [MESSAGE][WARNING] - Timeout '0' is invalid. Using default page load timeout: '30'

2023-07-11 10:02:26 - [MESSAGE][PASSED] - Object 'Object Repository/Master Kategori Toko/Add/input_Komputer Laptop_category' is not checked

2023-07-11 10:02:26 - [TEST_STEP][PASSED] - if (notChecked == true): Object 'Object Repository/Master Kategori Toko/Add Success/input_Komputer  Laptop_category' is checked

2023-07-11 10:02:26 - [TEST_STEP][PASSED] - check(findTestObject("Master Kategori Toko/Add Success/input_Komputer  Laptop_category")): Object 'Object Repository/Master Kategori Toko/Add Success/input_Komputer  Laptop_category' is checked

2023-07-11 10:02:26 - [MESSAGE][PASSED] - Object 'Object Repository/Master Kategori Toko/Add Success/input_Komputer  Laptop_category' is checked

2023-07-11 10:02:26 - [TEST_STEP][PASSED] - click(findTestObject("Master Kategori Toko/Add/button_Submit")): Object: 'Object Repository/Master Kategori Toko/Add/button_Submit' is clicked on

2023-07-11 10:02:26 - [MESSAGE][PASSED] - Object: 'Object Repository/Master Kategori Toko/Add/button_Submit' is clicked on

2023-07-11 10:02:26 - [TEST_STEP][PASSED] - closeBrowser(): Browser is closed

2023-07-11 10:02:27 - [MESSAGE][PASSED] - Browser is closed]]></system-out>
         <system-err><![CDATA[]]></system-err>
      </testcase>
      <testcase name="Test Cases/Master Kategori Toko/Edit Sukses" time="13.015" classname="Test Cases/Master Kategori Toko/Edit Sukses" status="FAILED">
         <failure type="FAILED" message="Test Cases/Master Kategori Toko/Edit Sukses FAILED.
Reason:
com.kms.katalon.core.exception.StepFailedException: Unable to verify object 'Object Repository/Master Kategori Toko/Edit/input_Kamera Recorder_category' is checked
	at com.kms.katalon.core.webui.keyword.internal.WebUIKeywordMain.stepFailed(WebUIKeywordMain.groovy:64)
	at com.kms.katalon.core.webui.keyword.internal.WebUIKeywordMain.runKeyword(WebUIKeywordMain.groovy:26)
	at com.kms.katalon.core.webui.keyword.builtin.VerifyElementCheckedKeyword.verifyElementChecked(VerifyElementCheckedKeyword.groovy:92)
	at com.kms.katalon.core.webui.keyword.builtin.VerifyElementCheckedKeyword.execute(VerifyElementCheckedKeyword.groovy:68)
	at com.kms.katalon.core.keyword.internal.KeywordExecutor.executeKeywordForPlatform(KeywordExecutor.groovy:74)
	at com.kms.katalon.core.webui.keyword.WebUiBuiltInKeywords.verifyElementChecked(WebUiBuiltInKeywords.groovy:1397)
	at com.kms.katalon.core.webui.keyword.WebUiBuiltInKeywords$verifyElementChecked$11.call(Unknown Source)
	at Edit Sukses.run(Edit Sukses:52)
	at com.kms.katalon.core.main.ScriptEngine.run(ScriptEngine.java:194)
	at com.kms.katalon.core.main.ScriptEngine.runScriptAsRawText(ScriptEngine.java:119)
	at com.kms.katalon.core.main.TestCaseExecutor.runScript(TestCaseExecutor.java:448)
	at com.kms.katalon.core.main.TestCaseExecutor.doExecute(TestCaseExecutor.java:439)
	at com.kms.katalon.core.main.TestCaseExecutor.processExecutionPhase(TestCaseExecutor.java:418)
	at com.kms.katalon.core.main.TestCaseExecutor.accessMainPhase(TestCaseExecutor.java:410)
	at com.kms.katalon.core.main.TestCaseExecutor.execute(TestCaseExecutor.java:285)
	at com.kms.katalon.core.common.CommonExecutor.accessTestCaseMainPhase(CommonExecutor.java:65)
	at com.kms.katalon.core.main.TestSuiteExecutor.accessTestSuiteMainPhase(TestSuiteExecutor.java:148)
	at com.kms.katalon.core.main.TestSuiteExecutor.execute(TestSuiteExecutor.java:106)
	at com.kms.katalon.core.main.TestCaseMain.startTestSuite(TestCaseMain.java:187)
	at com.kms.katalon.core.main.TestCaseMain$startTestSuite$0.call(Unknown Source)
	at TempTestSuite1689044452003.run(TempTestSuite1689044452003.groovy:36)
Caused by: com.kms.katalon.core.exception.StepFailedException: Object 'Object Repository/Master Kategori Toko/Edit/input_Kamera Recorder_category' is not checked
	at com.kms.katalon.core.webui.keyword.internal.WebUIKeywordMain.stepFailed(WebUIKeywordMain.groovy:64)
	at com.kms.katalon.core.webui.keyword.builtin.VerifyElementCheckedKeyword$_verifyElementChecked_closure1.doCall(VerifyElementCheckedKeyword.groovy:81)
	at com.kms.katalon.core.webui.keyword.builtin.VerifyElementCheckedKeyword$_verifyElementChecked_closure1.call(VerifyElementCheckedKeyword.groovy)
	at com.kms.katalon.core.webui.keyword.internal.WebUIKeywordMain.runKeyword(WebUIKeywordMain.groovy:20)
	... 19 more
"/>
         <system-out><![CDATA[2023-07-11 10:02:27 - [TEST_CASE][FAILED] - Test Cases/Master Kategori Toko/Edit Sukses: Test Cases/Master Kategori Toko/Edit Sukses FAILED.
Reason:
com.kms.katalon.core.exception.StepFailedException: Unable to verify object 'Object Repository/Master Kategori Toko/Edit/input_Kamera Recorder_category' is checked
	at com.kms.katalon.core.webui.keyword.internal.WebUIKeywordMain.stepFailed(WebUIKeywordMain.groovy:64)
	at com.kms.katalon.core.webui.keyword.internal.WebUIKeywordMain.runKeyword(WebUIKeywordMain.groovy:26)
	at com.kms.katalon.core.webui.keyword.builtin.VerifyElementCheckedKeyword.verifyElementChecked(VerifyElementCheckedKeyword.groovy:92)
	at com.kms.katalon.core.webui.keyword.builtin.VerifyElementCheckedKeyword.execute(VerifyElementCheckedKeyword.groovy:68)
	at com.kms.katalon.core.keyword.internal.KeywordExecutor.executeKeywordForPlatform(KeywordExecutor.groovy:74)
	at com.kms.katalon.core.webui.keyword.WebUiBuiltInKeywords.verifyElementChecked(WebUiBuiltInKeywords.groovy:1397)
	at com.kms.katalon.core.webui.keyword.WebUiBuiltInKeywords$verifyElementChecked$11.call(Unknown Source)
	at Edit Sukses.run(Edit Sukses:52)
	at com.kms.katalon.core.main.ScriptEngine.run(ScriptEngine.java:194)
	at com.kms.katalon.core.main.ScriptEngine.runScriptAsRawText(ScriptEngine.java:119)
	at com.kms.katalon.core.main.TestCaseExecutor.runScript(TestCaseExecutor.java:448)
	at com.kms.katalon.core.main.TestCaseExecutor.doExecute(TestCaseExecutor.java:439)
	at com.kms.katalon.core.main.TestCaseExecutor.processExecutionPhase(TestCaseExecutor.java:418)
	at com.kms.katalon.core.main.TestCaseExecutor.accessMainPhase(TestCaseExecutor.java:410)
	at com.kms.katalon.core.main.TestCaseExecutor.execute(TestCaseExecutor.java:285)
	at com.kms.katalon.core.common.CommonExecutor.accessTestCaseMainPhase(CommonExecutor.java:65)
	at com.kms.katalon.core.main.TestSuiteExecutor.accessTestSuiteMainPhase(TestSuiteExecutor.java:148)
	at com.kms.katalon.core.main.TestSuiteExecutor.execute(TestSuiteExecutor.java:106)
	at com.kms.katalon.core.main.TestCaseMain.startTestSuite(TestCaseMain.java:187)
	at com.kms.katalon.core.main.TestCaseMain$startTestSuite$0.call(Unknown Source)
	at TempTestSuite1689044452003.run(TempTestSuite1689044452003.groovy:36)
Caused by: com.kms.katalon.core.exception.StepFailedException: Object 'Object Repository/Master Kategori Toko/Edit/input_Kamera Recorder_category' is not checked
	at com.kms.katalon.core.webui.keyword.internal.WebUIKeywordMain.stepFailed(WebUIKeywordMain.groovy:64)
	at com.kms.katalon.core.webui.keyword.builtin.VerifyElementCheckedKeyword$_verifyElementChecked_closure1.doCall(VerifyElementCheckedKeyword.groovy:81)
	at com.kms.katalon.core.webui.keyword.builtin.VerifyElementCheckedKeyword$_verifyElementChecked_closure1.call(VerifyElementCheckedKeyword.groovy)
	at com.kms.katalon.core.webui.keyword.internal.WebUIKeywordMain.runKeyword(WebUIKeywordMain.groovy:20)
	... 19 more


2023-07-11 10:02:28 - [TEST_STEP][PASSED] - openBrowser(""): Browser is opened with url: ''

2023-07-11 10:02:28 - [MESSAGE][INFO] - Starting 'Chrome' driver

2023-07-11 10:02:28 - [MESSAGE][INFO] - User set preference: ['args', '[--start-maximized]']

2023-07-11 10:02:28 - [MESSAGE][INFO] - Action delay is set to 0 milliseconds

2023-07-11 10:02:29 - [MESSAGE][PASSED] - Browser is opened with url: ''

2023-07-11 10:02:29 - [TEST_STEP][PASSED] - maximizeWindow(): Current window maximized

2023-07-11 10:02:29 - [MESSAGE][PASSED] - Current window maximized

2023-07-11 10:02:29 - [TEST_STEP][PASSED] - navigateToUrl("https://uat-dashboard.blicicil.com/auth/login"): Navigate to 'https://uat-dashboard.blicicil.com/auth/login' successfully

2023-07-11 10:02:30 - [MESSAGE][PASSED] - Navigate to 'https://uat-dashboard.blicicil.com/auth/login' successfully

2023-07-11 10:02:30 - [TEST_STEP][PASSED] - setText(findTestObject("Object Repository/Master Kategori Toko/Edit/input_Email_email"), "eva.mayadila@megafinance.co.id"): Text 'eva.mayadila@megafinance.co.id' is set on object 'Object Repository/Master Kategori Toko/Edit/input_Email_email'

2023-07-11 10:02:32 - [MESSAGE][PASSED] - Text 'eva.mayadila@megafinance.co.id' is set on object 'Object Repository/Master Kategori Toko/Edit/input_Email_email'

2023-07-11 10:02:32 - [TEST_STEP][PASSED] - setEncryptedText(findTestObject("Object Repository/Master Kategori Toko/Edit/input_Password_password"), "aeHFOx8jV/A="): Text ****** has been set on object 'Object Repository/Master Kategori Toko/Edit/input_Password_password'

2023-07-11 10:02:32 - [MESSAGE][PASSED] - Text ****** has been set on object 'Object Repository/Master Kategori Toko/Edit/input_Password_password'

2023-07-11 10:02:32 - [TEST_STEP][PASSED] - click(findTestObject("Object Repository/Master Kategori Toko/Edit/button_Login")): Object: 'Object Repository/Master Kategori Toko/Edit/button_Login' is clicked on

2023-07-11 10:02:33 - [MESSAGE][PASSED] - Object: 'Object Repository/Master Kategori Toko/Edit/button_Login' is clicked on

2023-07-11 10:02:33 - [TEST_STEP][PASSED] - click(findTestObject("Object Repository/Master Kategori Toko/Edit/a_Master")): Object: 'Object Repository/Master Kategori Toko/Edit/a_Master' is clicked on

2023-07-11 10:02:35 - [MESSAGE][PASSED] - Object: 'Object Repository/Master Kategori Toko/Edit/a_Master' is clicked on

2023-07-11 10:02:35 - [TEST_STEP][PASSED] - click(findTestObject("Object Repository/Master Kategori Toko/Edit/a_Kategori Toko")): Object: 'Object Repository/Master Kategori Toko/Edit/a_Kategori Toko' is clicked on

2023-07-11 10:02:35 - [MESSAGE][PASSED] - Object: 'Object Repository/Master Kategori Toko/Edit/a_Kategori Toko' is clicked on

2023-07-11 10:02:35 - [TEST_STEP][PASSED] - click(findTestObject("Object Repository/Master Kategori Toko/Edit/a_Edit")): Object: 'Object Repository/Master Kategori Toko/Edit/a_Edit' is clicked on

2023-07-11 10:02:37 - [MESSAGE][PASSED] - Object: 'Object Repository/Master Kategori Toko/Edit/a_Edit' is clicked on

2023-07-11 10:02:37 - [TEST_STEP][PASSED] - click(findTestObject("Master Kategori Toko/Edit/div_Kategori")): Object: 'Object Repository/Master Kategori Toko/Edit/div_Kategori' is clicked on

2023-07-11 10:02:38 - [MESSAGE][PASSED] - Object: 'Object Repository/Master Kategori Toko/Edit/div_Kategori' is clicked on

2023-07-11 10:02:38 - [TEST_STEP][PASSED] - checked = verifyElementChecked(findTestObject("Master Kategori Toko/Edit/input_Komputer Laptop_category"), 0): Object 'Object Repository/Master Kategori Toko/Edit/input_Komputer Laptop_category' is checked

2023-07-11 10:02:38 - [MESSAGE][WARNING] - Timeout '0' is invalid. Using default page load timeout: '30'

2023-07-11 10:02:38 - [MESSAGE][PASSED] - Object 'Object Repository/Master Kategori Toko/Edit/input_Komputer Laptop_category' is checked

2023-07-11 10:02:38 - [TEST_STEP][PASSED] - if (checked == true): Object 'Object Repository/Master Kategori Toko/Edit/input_Komputer Laptop_category' is un-checked

2023-07-11 10:02:38 - [TEST_STEP][PASSED] - uncheck(findTestObject("Master Kategori Toko/Edit/input_Komputer Laptop_category")): Object 'Object Repository/Master Kategori Toko/Edit/input_Komputer Laptop_category' is un-checked

2023-07-11 10:02:39 - [MESSAGE][PASSED] - Object 'Object Repository/Master Kategori Toko/Edit/input_Komputer Laptop_category' is un-checked

2023-07-11 10:02:39 - [TEST_STEP][PASSED] - checked = verifyElementChecked(findTestObject("Master Kategori Toko/Edit/input_TV_category"), 0): Object 'Object Repository/Master Kategori Toko/Edit/input_TV_category' is checked

2023-07-11 10:02:39 - [MESSAGE][WARNING] - Timeout '0' is invalid. Using default page load timeout: '30'

2023-07-11 10:02:39 - [MESSAGE][PASSED] - Object 'Object Repository/Master Kategori Toko/Edit/input_TV_category' is checked

2023-07-11 10:02:39 - [TEST_STEP][PASSED] - if (checked == true): Object 'Object Repository/Master Kategori Toko/Edit/input_TV_category' is un-checked

2023-07-11 10:02:39 - [TEST_STEP][PASSED] - uncheck(findTestObject("Master Kategori Toko/Edit/input_TV_category")): Object 'Object Repository/Master Kategori Toko/Edit/input_TV_category' is un-checked

2023-07-11 10:02:39 - [MESSAGE][PASSED] - Object 'Object Repository/Master Kategori Toko/Edit/input_TV_category' is un-checked

2023-07-11 10:02:39 - [TEST_STEP][FAILED] - checked = verifyElementChecked(findTestObject("Master Kategori Toko/Edit/input_Kamera Recorder_category"), 0): Unable to verify object 'Object Repository/Master Kategori Toko/Edit/input_Kamera Recorder_category' is checked (Root cause: com.kms.katalon.core.exception.StepFailedException: Unable to verify object 'Object Repository/Master Kategori Toko/Edit/input_Kamera Recorder_category' is checked
	at com.kms.katalon.core.webui.keyword.internal.WebUIKeywordMain.stepFailed(WebUIKeywordMain.groovy:64)
	at com.kms.katalon.core.webui.keyword.internal.WebUIKeywordMain.runKeyword(WebUIKeywordMain.groovy:26)
	at com.kms.katalon.core.webui.keyword.builtin.VerifyElementCheckedKeyword.verifyElementChecked(VerifyElementCheckedKeyword.groovy:92)
	at com.kms.katalon.core.webui.keyword.builtin.VerifyElementCheckedKeyword.execute(VerifyElementCheckedKeyword.groovy:68)
	at com.kms.katalon.core.keyword.internal.KeywordExecutor.executeKeywordForPlatform(KeywordExecutor.groovy:74)
	at com.kms.katalon.core.webui.keyword.WebUiBuiltInKeywords.verifyElementChecked(WebUiBuiltInKeywords.groovy:1397)
	at com.kms.katalon.core.webui.keyword.WebUiBuiltInKeywords$verifyElementChecked$11.call(Unknown Source)
	at Edit Sukses.run(Edit Sukses:52)
	at com.kms.katalon.core.main.ScriptEngine.run(ScriptEngine.java:194)
	at com.kms.katalon.core.main.ScriptEngine.runScriptAsRawText(ScriptEngine.java:119)
	at com.kms.katalon.core.main.TestCaseExecutor.runScript(TestCaseExecutor.java:448)
	at com.kms.katalon.core.main.TestCaseExecutor.doExecute(TestCaseExecutor.java:439)
	at com.kms.katalon.core.main.TestCaseExecutor.processExecutionPhase(TestCaseExecutor.java:418)
	at com.kms.katalon.core.main.TestCaseExecutor.accessMainPhase(TestCaseExecutor.java:410)
	at com.kms.katalon.core.main.TestCaseExecutor.execute(TestCaseExecutor.java:285)
	at com.kms.katalon.core.common.CommonExecutor.accessTestCaseMainPhase(CommonExecutor.java:65)
	at com.kms.katalon.core.main.TestSuiteExecutor.accessTestSuiteMainPhase(TestSuiteExecutor.java:148)
	at com.kms.katalon.core.main.TestSuiteExecutor.execute(TestSuiteExecutor.java:106)
	at com.kms.katalon.core.main.TestCaseMain.startTestSuite(TestCaseMain.java:187)
	at com.kms.katalon.core.main.TestCaseMain$startTestSuite$0.call(Unknown Source)
	at TempTestSuite1689044452003.run(TempTestSuite1689044452003.groovy:36)
Caused by: com.kms.katalon.core.exception.StepFailedException: Object 'Object Repository/Master Kategori Toko/Edit/input_Kamera Recorder_category' is not checked
	at com.kms.katalon.core.webui.keyword.internal.WebUIKeywordMain.stepFailed(WebUIKeywordMain.groovy:64)
	at com.kms.katalon.core.webui.keyword.builtin.VerifyElementCheckedKeyword$_verifyElementChecked_closure1.doCall(VerifyElementCheckedKeyword.groovy:81)
	at com.kms.katalon.core.webui.keyword.builtin.VerifyElementCheckedKeyword$_verifyElementChecked_closure1.call(VerifyElementCheckedKeyword.groovy)
	at com.kms.katalon.core.webui.keyword.internal.WebUIKeywordMain.runKeyword(WebUIKeywordMain.groovy:20)
	... 19 more
)

2023-07-11 10:02:39 - [MESSAGE][WARNING] - Timeout '0' is invalid. Using default page load timeout: '30'

2023-07-11 10:02:40 - [MESSAGE][FAILED] - Object 'Object Repository/Master Kategori Toko/Edit/input_Kamera Recorder_category' is not checked (Root cause: com.kms.katalon.core.exception.StepFailedException: Object 'Object Repository/Master Kategori Toko/Edit/input_Kamera Recorder_category' is not checked
	at com.kms.katalon.core.webui.keyword.internal.WebUIKeywordMain.stepFailed(WebUIKeywordMain.groovy:64)
	at com.kms.katalon.core.webui.keyword.builtin.VerifyElementCheckedKeyword$_verifyElementChecked_closure1.doCall(VerifyElementCheckedKeyword.groovy:81)
	at com.kms.katalon.core.webui.keyword.builtin.VerifyElementCheckedKeyword$_verifyElementChecked_closure1.call(VerifyElementCheckedKeyword.groovy)
	at com.kms.katalon.core.webui.keyword.internal.WebUIKeywordMain.runKeyword(WebUIKeywordMain.groovy:20)
	at com.kms.katalon.core.webui.keyword.builtin.VerifyElementCheckedKeyword.verifyElementChecked(VerifyElementCheckedKeyword.groovy:92)
	at com.kms.katalon.core.webui.keyword.builtin.VerifyElementCheckedKeyword.execute(VerifyElementCheckedKeyword.groovy:68)
	at com.kms.katalon.core.keyword.internal.KeywordExecutor.executeKeywordForPlatform(KeywordExecutor.groovy:74)
	at com.kms.katalon.core.webui.keyword.WebUiBuiltInKeywords.verifyElementChecked(WebUiBuiltInKeywords.groovy:1397)
	at com.kms.katalon.core.webui.keyword.WebUiBuiltInKeywords$verifyElementChecked$11.call(Unknown Source)
	at Edit Sukses.run(Edit Sukses:52)
	at com.kms.katalon.core.main.ScriptEngine.run(ScriptEngine.java:194)
	at com.kms.katalon.core.main.ScriptEngine.runScriptAsRawText(ScriptEngine.java:119)
	at com.kms.katalon.core.main.TestCaseExecutor.runScript(TestCaseExecutor.java:448)
	at com.kms.katalon.core.main.TestCaseExecutor.doExecute(TestCaseExecutor.java:439)
	at com.kms.katalon.core.main.TestCaseExecutor.processExecutionPhase(TestCaseExecutor.java:418)
	at com.kms.katalon.core.main.TestCaseExecutor.accessMainPhase(TestCaseExecutor.java:410)
	at com.kms.katalon.core.main.TestCaseExecutor.execute(TestCaseExecutor.java:285)
	at com.kms.katalon.core.common.CommonExecutor.accessTestCaseMainPhase(CommonExecutor.java:65)
	at com.kms.katalon.core.main.TestSuiteExecutor.accessTestSuiteMainPhase(TestSuiteExecutor.java:148)
	at com.kms.katalon.core.main.TestSuiteExecutor.execute(TestSuiteExecutor.java:106)
	at com.kms.katalon.core.main.TestCaseMain.startTestSuite(TestCaseMain.java:187)
	at com.kms.katalon.core.main.TestCaseMain$startTestSuite$0.call(Unknown Source)
	at TempTestSuite1689044452003.run(TempTestSuite1689044452003.groovy:36)
)
[[ATTACHMENT|C:\\Users\\202102359\\git\\blicicil-dashboard-uat\\Reports\\20230711_100050\\Master Kategori Toko\\20230711_100052\\1689044560322.png]]

2023-07-11 10:02:40 - [MESSAGE][FAILED] - Unable to verify object 'Object Repository/Master Kategori Toko/Edit/input_Kamera Recorder_category' is checked (Root cause: com.kms.katalon.core.exception.StepFailedException: Unable to verify object 'Object Repository/Master Kategori Toko/Edit/input_Kamera Recorder_category' is checked
	at com.kms.katalon.core.webui.keyword.internal.WebUIKeywordMain.stepFailed(WebUIKeywordMain.groovy:64)
	at com.kms.katalon.core.webui.keyword.internal.WebUIKeywordMain.runKeyword(WebUIKeywordMain.groovy:26)
	at com.kms.katalon.core.webui.keyword.builtin.VerifyElementCheckedKeyword.verifyElementChecked(VerifyElementCheckedKeyword.groovy:92)
	at com.kms.katalon.core.webui.keyword.builtin.VerifyElementCheckedKeyword.execute(VerifyElementCheckedKeyword.groovy:68)
	at com.kms.katalon.core.keyword.internal.KeywordExecutor.executeKeywordForPlatform(KeywordExecutor.groovy:74)
	at com.kms.katalon.core.webui.keyword.WebUiBuiltInKeywords.verifyElementChecked(WebUiBuiltInKeywords.groovy:1397)
	at com.kms.katalon.core.webui.keyword.WebUiBuiltInKeywords$verifyElementChecked$11.call(Unknown Source)
	at Edit Sukses.run(Edit Sukses:52)
	at com.kms.katalon.core.main.ScriptEngine.run(ScriptEngine.java:194)
	at com.kms.katalon.core.main.ScriptEngine.runScriptAsRawText(ScriptEngine.java:119)
	at com.kms.katalon.core.main.TestCaseExecutor.runScript(TestCaseExecutor.java:448)
	at com.kms.katalon.core.main.TestCaseExecutor.doExecute(TestCaseExecutor.java:439)
	at com.kms.katalon.core.main.TestCaseExecutor.processExecutionPhase(TestCaseExecutor.java:418)
	at com.kms.katalon.core.main.TestCaseExecutor.accessMainPhase(TestCaseExecutor.java:410)
	at com.kms.katalon.core.main.TestCaseExecutor.execute(TestCaseExecutor.java:285)
	at com.kms.katalon.core.common.CommonExecutor.accessTestCaseMainPhase(CommonExecutor.java:65)
	at com.kms.katalon.core.main.TestSuiteExecutor.accessTestSuiteMainPhase(TestSuiteExecutor.java:148)
	at com.kms.katalon.core.main.TestSuiteExecutor.execute(TestSuiteExecutor.java:106)
	at com.kms.katalon.core.main.TestCaseMain.startTestSuite(TestCaseMain.java:187)
	at com.kms.katalon.core.main.TestCaseMain$startTestSuite$0.call(Unknown Source)
	at TempTestSuite1689044452003.run(TempTestSuite1689044452003.groovy:36)
Caused by: com.kms.katalon.core.exception.StepFailedException: Object 'Object Repository/Master Kategori Toko/Edit/input_Kamera Recorder_category' is not checked
	at com.kms.katalon.core.webui.keyword.internal.WebUIKeywordMain.stepFailed(WebUIKeywordMain.groovy:64)
	at com.kms.katalon.core.webui.keyword.builtin.VerifyElementCheckedKeyword$_verifyElementChecked_closure1.doCall(VerifyElementCheckedKeyword.groovy:81)
	at com.kms.katalon.core.webui.keyword.builtin.VerifyElementCheckedKeyword$_verifyElementChecked_closure1.call(VerifyElementCheckedKeyword.groovy)
	at com.kms.katalon.core.webui.keyword.internal.WebUIKeywordMain.runKeyword(WebUIKeywordMain.groovy:20)
	... 19 more
)
[[ATTACHMENT|C:\\Users\\202102359\\git\\blicicil-dashboard-uat\\Reports\\20230711_100050\\Master Kategori Toko\\20230711_100052\\1689044560516.png]]]]></system-out>
         <system-err><![CDATA[2023-07-11 10:02:27 - [TEST_CASE][FAILED] - Test Cases/Master Kategori Toko/Edit Sukses: Test Cases/Master Kategori Toko/Edit Sukses FAILED.
Reason:
com.kms.katalon.core.exception.StepFailedException: Unable to verify object 'Object Repository/Master Kategori Toko/Edit/input_Kamera Recorder_category' is checked
	at com.kms.katalon.core.webui.keyword.internal.WebUIKeywordMain.stepFailed(WebUIKeywordMain.groovy:64)
	at com.kms.katalon.core.webui.keyword.internal.WebUIKeywordMain.runKeyword(WebUIKeywordMain.groovy:26)
	at com.kms.katalon.core.webui.keyword.builtin.VerifyElementCheckedKeyword.verifyElementChecked(VerifyElementCheckedKeyword.groovy:92)
	at com.kms.katalon.core.webui.keyword.builtin.VerifyElementCheckedKeyword.execute(VerifyElementCheckedKeyword.groovy:68)
	at com.kms.katalon.core.keyword.internal.KeywordExecutor.executeKeywordForPlatform(KeywordExecutor.groovy:74)
	at com.kms.katalon.core.webui.keyword.WebUiBuiltInKeywords.verifyElementChecked(WebUiBuiltInKeywords.groovy:1397)
	at com.kms.katalon.core.webui.keyword.WebUiBuiltInKeywords$verifyElementChecked$11.call(Unknown Source)
	at Edit Sukses.run(Edit Sukses:52)
	at com.kms.katalon.core.main.ScriptEngine.run(ScriptEngine.java:194)
	at com.kms.katalon.core.main.ScriptEngine.runScriptAsRawText(ScriptEngine.java:119)
	at com.kms.katalon.core.main.TestCaseExecutor.runScript(TestCaseExecutor.java:448)
	at com.kms.katalon.core.main.TestCaseExecutor.doExecute(TestCaseExecutor.java:439)
	at com.kms.katalon.core.main.TestCaseExecutor.processExecutionPhase(TestCaseExecutor.java:418)
	at com.kms.katalon.core.main.TestCaseExecutor.accessMainPhase(TestCaseExecutor.java:410)
	at com.kms.katalon.core.main.TestCaseExecutor.execute(TestCaseExecutor.java:285)
	at com.kms.katalon.core.common.CommonExecutor.accessTestCaseMainPhase(CommonExecutor.java:65)
	at com.kms.katalon.core.main.TestSuiteExecutor.accessTestSuiteMainPhase(TestSuiteExecutor.java:148)
	at com.kms.katalon.core.main.TestSuiteExecutor.execute(TestSuiteExecutor.java:106)
	at com.kms.katalon.core.main.TestCaseMain.startTestSuite(TestCaseMain.java:187)
	at com.kms.katalon.core.main.TestCaseMain$startTestSuite$0.call(Unknown Source)
	at TempTestSuite1689044452003.run(TempTestSuite1689044452003.groovy:36)
Caused by: com.kms.katalon.core.exception.StepFailedException: Object 'Object Repository/Master Kategori Toko/Edit/input_Kamera Recorder_category' is not checked
	at com.kms.katalon.core.webui.keyword.internal.WebUIKeywordMain.stepFailed(WebUIKeywordMain.groovy:64)
	at com.kms.katalon.core.webui.keyword.builtin.VerifyElementCheckedKeyword$_verifyElementChecked_closure1.doCall(VerifyElementCheckedKeyword.groovy:81)
	at com.kms.katalon.core.webui.keyword.builtin.VerifyElementCheckedKeyword$_verifyElementChecked_closure1.call(VerifyElementCheckedKeyword.groovy)
	at com.kms.katalon.core.webui.keyword.internal.WebUIKeywordMain.runKeyword(WebUIKeywordMain.groovy:20)
	... 19 more]]></system-err>
      </testcase>
      <testcase name="Test Cases/Master Kategori Toko/Searching Success" time="14.16" classname="Test Cases/Master Kategori Toko/Searching Success" status="PASSED">
         <system-out><![CDATA[2023-07-11 10:02:40 - [TEST_CASE][PASSED] - Test Cases/Master Kategori Toko/Searching Success: Test Cases/Master Kategori Toko/Searching Success

2023-07-11 10:02:41 - [TEST_STEP][PASSED] - openBrowser(""): Browser is opened with url: ''

2023-07-11 10:02:41 - [MESSAGE][WARNING] - A browser is already opened. Closing browser and opening a new one

2023-07-11 10:02:42 - [MESSAGE][INFO] - Starting 'Chrome' driver

2023-07-11 10:02:42 - [MESSAGE][INFO] - User set preference: ['args', '[--start-maximized]']

2023-07-11 10:02:42 - [MESSAGE][INFO] - Action delay is set to 0 milliseconds

2023-07-11 10:02:44 - [MESSAGE][PASSED] - Browser is opened with url: ''

2023-07-11 10:02:44 - [TEST_STEP][PASSED] - maximizeWindow(): Current window maximized

2023-07-11 10:02:44 - [MESSAGE][PASSED] - Current window maximized

2023-07-11 10:02:44 - [TEST_STEP][PASSED] - navigateToUrl("https://uat-dashboard.blicicil.com/auth/login"): Navigate to 'https://uat-dashboard.blicicil.com/auth/login' successfully

2023-07-11 10:02:45 - [MESSAGE][PASSED] - Navigate to 'https://uat-dashboard.blicicil.com/auth/login' successfully

2023-07-11 10:02:45 - [TEST_STEP][PASSED] - setText(findTestObject("Object Repository/Master Kategori Toko/Searching Success/input_Email_email"), "eva.mayadila@megafinance.co.id"): Text 'eva.mayadila@megafinance.co.id' is set on object 'Object Repository/Master Kategori Toko/Searching Success/input_Email_email'

2023-07-11 10:02:46 - [MESSAGE][PASSED] - Text 'eva.mayadila@megafinance.co.id' is set on object 'Object Repository/Master Kategori Toko/Searching Success/input_Email_email'

2023-07-11 10:02:46 - [TEST_STEP][PASSED] - setEncryptedText(findTestObject("Object Repository/Master Kategori Toko/Searching Success/input_Password_password"), "aeHFOx8jV/A="): Text ****** has been set on object 'Object Repository/Master Kategori Toko/Searching Success/input_Password_password'

2023-07-11 10:02:47 - [MESSAGE][PASSED] - Text ****** has been set on object 'Object Repository/Master Kategori Toko/Searching Success/input_Password_password'

2023-07-11 10:02:47 - [TEST_STEP][PASSED] - click(findTestObject("Object Repository/Master Kategori Toko/Searching Success/button_Login")): Object: 'Object Repository/Master Kategori Toko/Searching Success/button_Login' is clicked on

2023-07-11 10:02:47 - [MESSAGE][PASSED] - Object: 'Object Repository/Master Kategori Toko/Searching Success/button_Login' is clicked on

2023-07-11 10:02:47 - [TEST_STEP][PASSED] - click(findTestObject("Object Repository/Master Kategori Toko/Searching Success/a_Master")): Object: 'Object Repository/Master Kategori Toko/Searching Success/a_Master' is clicked on

2023-07-11 10:02:49 - [MESSAGE][PASSED] - Object: 'Object Repository/Master Kategori Toko/Searching Success/a_Master' is clicked on

2023-07-11 10:02:49 - [TEST_STEP][PASSED] - click(findTestObject("Object Repository/Master Kategori Toko/Searching Success/a_Kategori Toko")): Object: 'Object Repository/Master Kategori Toko/Searching Success/a_Kategori Toko' is clicked on

2023-07-11 10:02:50 - [MESSAGE][PASSED] - Object: 'Object Repository/Master Kategori Toko/Searching Success/a_Kategori Toko' is clicked on

2023-07-11 10:02:50 - [TEST_STEP][PASSED] - getText(findTestObject("Object Repository/Master Kategori Toko/Searching Success/div_List Kategori Toko BliCicil Admin as   _2278a0")): Text of object 'Object Repository/Master Kategori Toko/Searching Success/div_List Kategori Toko BliCicil Admin as   _2278a0' is: 'List Kategori Toko BliCicil Admin as
New Kategori Toko'

2023-07-11 10:02:51 - [MESSAGE][PASSED] - Text of object 'Object Repository/Master Kategori Toko/Searching Success/div_List Kategori Toko BliCicil Admin as   _2278a0' is: 'List Kategori Toko BliCicil Admin as
New Kategori Toko'

2023-07-11 10:02:51 - [TEST_STEP][PASSED] - setText(findTestObject("Object Repository/Master Kategori Toko/Searching Success/input_Search_form-control form-control-sm"), "Panasonic"): Text 'Panasonic' is set on object 'Object Repository/Master Kategori Toko/Searching Success/input_Search_form-control form-control-sm'

2023-07-11 10:02:52 - [MESSAGE][PASSED] - Text 'Panasonic' is set on object 'Object Repository/Master Kategori Toko/Searching Success/input_Search_form-control form-control-sm'

2023-07-11 10:02:52 - [TEST_STEP][PASSED] - sendKeys(findTestObject("Object Repository/Master Kategori Toko/Searching Success/input_Search_form-control form-control-sm"), Keys.chord(ENTER)): Keys 'ENTER + ' sent to object: 'Object Repository/Master Kategori Toko/Searching Success/input_Search_form-control form-control-sm'

2023-07-11 10:02:52 - [MESSAGE][PASSED] - Keys 'ENTER + ' sent to object: 'Object Repository/Master Kategori Toko/Searching Success/input_Search_form-control form-control-sm'

2023-07-11 10:02:52 - [TEST_STEP][PASSED] - setText(findTestObject("Object Repository/Master Kategori Toko/Searching Success/input_Search_form-control form-control-sm"), "Carrefour"): Text 'Carrefour' is set on object 'Object Repository/Master Kategori Toko/Searching Success/input_Search_form-control form-control-sm'

2023-07-11 10:02:53 - [MESSAGE][PASSED] - Text 'Carrefour' is set on object 'Object Repository/Master Kategori Toko/Searching Success/input_Search_form-control form-control-sm'

2023-07-11 10:02:53 - [TEST_STEP][PASSED] - sendKeys(findTestObject("Object Repository/Master Kategori Toko/Searching Success/input_Search_form-control form-control-sm"), Keys.chord(ENTER)): Keys 'ENTER + ' sent to object: 'Object Repository/Master Kategori Toko/Searching Success/input_Search_form-control form-control-sm'

2023-07-11 10:02:54 - [MESSAGE][PASSED] - Keys 'ENTER + ' sent to object: 'Object Repository/Master Kategori Toko/Searching Success/input_Search_form-control form-control-sm'

2023-07-11 10:02:54 - [TEST_STEP][PASSED] - closeBrowser(): Browser is closed

2023-07-11 10:02:54 - [MESSAGE][PASSED] - Browser is closed]]></system-out>
         <system-err><![CDATA[]]></system-err>
      </testcase>
      <testcase name="Test Cases/Master Kategori Toko/Searching Failed" time="12.419" classname="Test Cases/Master Kategori Toko/Searching Failed" status="PASSED">
         <system-out><![CDATA[2023-07-11 10:02:54 - [TEST_CASE][PASSED] - Test Cases/Master Kategori Toko/Searching Failed: Test Cases/Master Kategori Toko/Searching Failed

2023-07-11 10:02:55 - [TEST_STEP][PASSED] - openBrowser(""): Browser is opened with url: ''

2023-07-11 10:02:55 - [MESSAGE][INFO] - Starting 'Chrome' driver

2023-07-11 10:02:55 - [MESSAGE][INFO] - User set preference: ['args', '[--start-maximized]']

2023-07-11 10:02:55 - [MESSAGE][INFO] - Action delay is set to 0 milliseconds

2023-07-11 10:02:57 - [MESSAGE][PASSED] - Browser is opened with url: ''

2023-07-11 10:02:57 - [TEST_STEP][PASSED] - maximizeWindow(): Current window maximized

2023-07-11 10:02:57 - [MESSAGE][PASSED] - Current window maximized

2023-07-11 10:02:57 - [TEST_STEP][PASSED] - navigateToUrl("https://uat-dashboard.blicicil.com/auth/login"): Navigate to 'https://uat-dashboard.blicicil.com/auth/login' successfully

2023-07-11 10:02:57 - [MESSAGE][PASSED] - Navigate to 'https://uat-dashboard.blicicil.com/auth/login' successfully

2023-07-11 10:02:57 - [TEST_STEP][PASSED] - setText(findTestObject("Object Repository/Master Kategori Toko/Searching Failed/input_Email_email"), "eva.mayadila@megafinance.co.id"): Text 'eva.mayadila@megafinance.co.id' is set on object 'Object Repository/Master Kategori Toko/Searching Failed/input_Email_email'

2023-07-11 10:02:59 - [MESSAGE][PASSED] - Text 'eva.mayadila@megafinance.co.id' is set on object 'Object Repository/Master Kategori Toko/Searching Failed/input_Email_email'

2023-07-11 10:02:59 - [TEST_STEP][PASSED] - setEncryptedText(findTestObject("Object Repository/Master Kategori Toko/Searching Failed/input_Password_password"), "aeHFOx8jV/A="): Text ****** has been set on object 'Object Repository/Master Kategori Toko/Searching Failed/input_Password_password'

2023-07-11 10:02:59 - [MESSAGE][PASSED] - Text ****** has been set on object 'Object Repository/Master Kategori Toko/Searching Failed/input_Password_password'

2023-07-11 10:02:59 - [TEST_STEP][PASSED] - click(findTestObject("Object Repository/Master Kategori Toko/Searching Failed/button_Login")): Object: 'Object Repository/Master Kategori Toko/Searching Failed/button_Login' is clicked on

2023-07-11 10:03:00 - [MESSAGE][PASSED] - Object: 'Object Repository/Master Kategori Toko/Searching Failed/button_Login' is clicked on

2023-07-11 10:03:00 - [TEST_STEP][PASSED] - click(findTestObject("Object Repository/Master Kategori Toko/Searching Failed/a_Master")): Object: 'Object Repository/Master Kategori Toko/Searching Failed/a_Master' is clicked on

2023-07-11 10:03:02 - [MESSAGE][PASSED] - Object: 'Object Repository/Master Kategori Toko/Searching Failed/a_Master' is clicked on

2023-07-11 10:03:02 - [TEST_STEP][PASSED] - click(findTestObject("Object Repository/Master Kategori Toko/Searching Failed/a_Kategori Toko")): Object: 'Object Repository/Master Kategori Toko/Searching Failed/a_Kategori Toko' is clicked on

2023-07-11 10:03:03 - [MESSAGE][PASSED] - Object: 'Object Repository/Master Kategori Toko/Searching Failed/a_Kategori Toko' is clicked on

2023-07-11 10:03:03 - [TEST_STEP][PASSED] - click(findTestObject("Object Repository/Master Kategori Toko/Searching Failed/div_List Kategori Toko BliCicil Admin as   _2278a0")): Object: 'Object Repository/Master Kategori Toko/Searching Failed/div_List Kategori Toko BliCicil Admin as   _2278a0' is clicked on

2023-07-11 10:03:04 - [MESSAGE][PASSED] - Object: 'Object Repository/Master Kategori Toko/Searching Failed/div_List Kategori Toko BliCicil Admin as   _2278a0' is clicked on

2023-07-11 10:03:04 - [TEST_STEP][PASSED] - setText(findTestObject("Object Repository/Master Kategori Toko/Searching Failed/input_Search_form-control form-control-sm"), "123456"): Text '123456' is set on object 'Object Repository/Master Kategori Toko/Searching Failed/input_Search_form-control form-control-sm'

2023-07-11 10:03:04 - [MESSAGE][PASSED] - Text '123456' is set on object 'Object Repository/Master Kategori Toko/Searching Failed/input_Search_form-control form-control-sm'

2023-07-11 10:03:04 - [TEST_STEP][PASSED] - sendKeys(findTestObject("Object Repository/Master Kategori Toko/Searching Failed/input_Search_form-control form-control-sm"), Keys.chord(ENTER)): Keys 'ENTER + ' sent to object: 'Object Repository/Master Kategori Toko/Searching Failed/input_Search_form-control form-control-sm'

2023-07-11 10:03:05 - [MESSAGE][PASSED] - Keys 'ENTER + ' sent to object: 'Object Repository/Master Kategori Toko/Searching Failed/input_Search_form-control form-control-sm'

2023-07-11 10:03:05 - [TEST_STEP][PASSED] - setText(findTestObject("Object Repository/Master Kategori Toko/Searching Failed/input_Search_form-control form-control-sm"), "Sharp"): Text 'Sharp' is set on object 'Object Repository/Master Kategori Toko/Searching Failed/input_Search_form-control form-control-sm'

2023-07-11 10:03:05 - [MESSAGE][PASSED] - Text 'Sharp' is set on object 'Object Repository/Master Kategori Toko/Searching Failed/input_Search_form-control form-control-sm'

2023-07-11 10:03:05 - [TEST_STEP][PASSED] - sendKeys(findTestObject("Object Repository/Master Kategori Toko/Searching Failed/input_Search_form-control form-control-sm"), Keys.chord(ENTER)): Keys 'ENTER + ' sent to object: 'Object Repository/Master Kategori Toko/Searching Failed/input_Search_form-control form-control-sm'

2023-07-11 10:03:06 - [MESSAGE][PASSED] - Keys 'ENTER + ' sent to object: 'Object Repository/Master Kategori Toko/Searching Failed/input_Search_form-control form-control-sm'

2023-07-11 10:03:06 - [TEST_STEP][PASSED] - closeBrowser(): Browser is closed

2023-07-11 10:03:07 - [MESSAGE][PASSED] - Browser is closed]]></system-out>
         <system-err><![CDATA[]]></system-err>
      </testcase>
      <system-out><![CDATA[2023-07-11 10:00:55 - [TEST_SUITE][FAILED] - Master Kategori Toko: Test Cases/Master Kategori Toko/Edit Sukses FAILED.
Reason:
com.kms.katalon.core.exception.StepFailedException: Unable to verify object 'Object Repository/Master Kategori Toko/Edit/input_Kamera Recorder_category' is checked
	at com.kms.katalon.core.webui.keyword.internal.WebUIKeywordMain.stepFailed(WebUIKeywordMain.groovy:64)
	at com.kms.katalon.core.webui.keyword.internal.WebUIKeywordMain.runKeyword(WebUIKeywordMain.groovy:26)
	at com.kms.katalon.core.webui.keyword.builtin.VerifyElementCheckedKeyword.verifyElementChecked(VerifyElementCheckedKeyword.groovy:92)
	at com.kms.katalon.core.webui.keyword.builtin.VerifyElementCheckedKeyword.execute(VerifyElementCheckedKeyword.groovy:68)
	at com.kms.katalon.core.keyword.internal.KeywordExecutor.executeKeywordForPlatform(KeywordExecutor.groovy:74)
	at com.kms.katalon.core.webui.keyword.WebUiBuiltInKeywords.verifyElementChecked(WebUiBuiltInKeywords.groovy:1397)
	at com.kms.katalon.core.webui.keyword.WebUiBuiltInKeywords$verifyElementChecked$11.call(Unknown Source)
	at Edit Sukses.run(Edit Sukses:52)
	at com.kms.katalon.core.main.ScriptEngine.run(ScriptEngine.java:194)
	at com.kms.katalon.core.main.ScriptEngine.runScriptAsRawText(ScriptEngine.java:119)
	at com.kms.katalon.core.main.TestCaseExecutor.runScript(TestCaseExecutor.java:448)
	at com.kms.katalon.core.main.TestCaseExecutor.doExecute(TestCaseExecutor.java:439)
	at com.kms.katalon.core.main.TestCaseExecutor.processExecutionPhase(TestCaseExecutor.java:418)
	at com.kms.katalon.core.main.TestCaseExecutor.accessMainPhase(TestCaseExecutor.java:410)
	at com.kms.katalon.core.main.TestCaseExecutor.execute(TestCaseExecutor.java:285)
	at com.kms.katalon.core.common.CommonExecutor.accessTestCaseMainPhase(CommonExecutor.java:65)
	at com.kms.katalon.core.main.TestSuiteExecutor.accessTestSuiteMainPhase(TestSuiteExecutor.java:148)
	at com.kms.katalon.core.main.TestSuiteExecutor.execute(TestSuiteExecutor.java:106)
	at com.kms.katalon.core.main.TestCaseMain.startTestSuite(TestCaseMain.java:187)
	at com.kms.katalon.core.main.TestCaseMain$startTestSuite$0.call(Unknown Source)
	at TempTestSuite1689044452003.run(TempTestSuite1689044452003.groovy:36)
Caused by: com.kms.katalon.core.exception.StepFailedException: Object 'Object Repository/Master Kategori Toko/Edit/input_Kamera Recorder_category' is not checked
	at com.kms.katalon.core.webui.keyword.internal.WebUIKeywordMain.stepFailed(WebUIKeywordMain.groovy:64)
	at com.kms.katalon.core.webui.keyword.builtin.VerifyElementCheckedKeyword$_verifyElementChecked_closure1.doCall(VerifyElementCheckedKeyword.groovy:81)
	at com.kms.katalon.core.webui.keyword.builtin.VerifyElementCheckedKeyword$_verifyElementChecked_closure1.call(VerifyElementCheckedKeyword.groovy)
	at com.kms.katalon.core.webui.keyword.internal.WebUIKeywordMain.runKeyword(WebUIKeywordMain.groovy:20)
	... 19 more]]></system-out>
      <system-err><![CDATA[2023-07-11 10:00:55 - [TEST_SUITE][FAILED] - Master Kategori Toko: Test Cases/Master Kategori Toko/Edit Sukses FAILED.
Reason:
com.kms.katalon.core.exception.StepFailedException: Unable to verify object 'Object Repository/Master Kategori Toko/Edit/input_Kamera Recorder_category' is checked
	at com.kms.katalon.core.webui.keyword.internal.WebUIKeywordMain.stepFailed(WebUIKeywordMain.groovy:64)
	at com.kms.katalon.core.webui.keyword.internal.WebUIKeywordMain.runKeyword(WebUIKeywordMain.groovy:26)
	at com.kms.katalon.core.webui.keyword.builtin.VerifyElementCheckedKeyword.verifyElementChecked(VerifyElementCheckedKeyword.groovy:92)
	at com.kms.katalon.core.webui.keyword.builtin.VerifyElementCheckedKeyword.execute(VerifyElementCheckedKeyword.groovy:68)
	at com.kms.katalon.core.keyword.internal.KeywordExecutor.executeKeywordForPlatform(KeywordExecutor.groovy:74)
	at com.kms.katalon.core.webui.keyword.WebUiBuiltInKeywords.verifyElementChecked(WebUiBuiltInKeywords.groovy:1397)
	at com.kms.katalon.core.webui.keyword.WebUiBuiltInKeywords$verifyElementChecked$11.call(Unknown Source)
	at Edit Sukses.run(Edit Sukses:52)
	at com.kms.katalon.core.main.ScriptEngine.run(ScriptEngine.java:194)
	at com.kms.katalon.core.main.ScriptEngine.runScriptAsRawText(ScriptEngine.java:119)
	at com.kms.katalon.core.main.TestCaseExecutor.runScript(TestCaseExecutor.java:448)
	at com.kms.katalon.core.main.TestCaseExecutor.doExecute(TestCaseExecutor.java:439)
	at com.kms.katalon.core.main.TestCaseExecutor.processExecutionPhase(TestCaseExecutor.java:418)
	at com.kms.katalon.core.main.TestCaseExecutor.accessMainPhase(TestCaseExecutor.java:410)
	at com.kms.katalon.core.main.TestCaseExecutor.execute(TestCaseExecutor.java:285)
	at com.kms.katalon.core.common.CommonExecutor.accessTestCaseMainPhase(CommonExecutor.java:65)
	at com.kms.katalon.core.main.TestSuiteExecutor.accessTestSuiteMainPhase(TestSuiteExecutor.java:148)
	at com.kms.katalon.core.main.TestSuiteExecutor.execute(TestSuiteExecutor.java:106)
	at com.kms.katalon.core.main.TestCaseMain.startTestSuite(TestCaseMain.java:187)
	at com.kms.katalon.core.main.TestCaseMain$startTestSuite$0.call(Unknown Source)
	at TempTestSuite1689044452003.run(TempTestSuite1689044452003.groovy:36)
Caused by: com.kms.katalon.core.exception.StepFailedException: Object 'Object Repository/Master Kategori Toko/Edit/input_Kamera Recorder_category' is not checked
	at com.kms.katalon.core.webui.keyword.internal.WebUIKeywordMain.stepFailed(WebUIKeywordMain.groovy:64)
	at com.kms.katalon.core.webui.keyword.builtin.VerifyElementCheckedKeyword$_verifyElementChecked_closure1.doCall(VerifyElementCheckedKeyword.groovy:81)
	at com.kms.katalon.core.webui.keyword.builtin.VerifyElementCheckedKeyword$_verifyElementChecked_closure1.call(VerifyElementCheckedKeyword.groovy)
	at com.kms.katalon.core.webui.keyword.internal.WebUIKeywordMain.runKeyword(WebUIKeywordMain.groovy:20)
	... 19 more]]></system-err>
   </testsuite>
</testsuites>
