<?xml version="1.0" encoding="UTF-8"?>
<testsuites name="FAQ" time="88.328" tests="5" failures="2" errors="0">
   <testsuite name="FAQ" tests="5" failures="2" errors="0" time="88.328" skipped="0" timestamp="2023-07-14 14:54:57" hostname="202102359 - KPO-Blicicil.pdc.megafinance.co.id" id="Test Suites/FAQ">
      <properties>
         <property name="deviceName" value=""/>
         <property name="devicePlatform" value=""/>
         <property name="logFolder" value="C:\\Users\\202102359\\git\\blicicil-dashboard-uat\\Reports\\20230714_145454\\FAQ\\20230714_145455"/>
         <property name="logFiles" value="C:\\Users\\202102359\\git\\blicicil-dashboard-uat\\Reports\\20230714_145454\\FAQ\\20230714_145455\\execution0.log"/>
         <property name="attachments" value="C:\\Users\\202102359\\git\\blicicil-dashboard-uat\\Reports\\20230714_145454\\FAQ\\20230714_145455\\1689321357132.png"/>
         <property name="hostName" value="202102359 - KPO-Blicicil.pdc.megafinance.co.id"/>
         <property name="os" value="Windows 10 64bit"/>
         <property name="katalonVersion" value="8.6.0.208"/>
         <property name="browser" value="Chrome 114.0.0.0"/>
         <property name="hostAddress" value="192.168.16.53"/>
         <property name="sessionId" value="c810a44ff548e30e2e9544892e0cc1e7"/>
         <property name="seleniumVersion" value="3.141.59"/>
         <property name="proxyInformation" value="ProxyInformation { proxyOption=NO_PROXY, proxyServerType=HTTP, username=, password=********, proxyServerAddress=, proxyServerPort=0, executionList=&quot;&quot;, isApplyToDesiredCapabilities=true }"/>
         <property name="platform" value="Windows 10"/>
      </properties>
      <testcase name="Test Cases/FAQS/Beranda" time="15.519" classname="Test Cases/FAQS/Beranda" status="PASSED">
         <system-out><![CDATA[2023-07-14 14:54:57 - [TEST_CASE][PASSED] - Test Cases/FAQS/Beranda: Test Cases/FAQS/Beranda

2023-07-14 14:54:58 - [TEST_STEP][PASSED] - openBrowser(""): Browser is opened with url: ''

2023-07-14 14:54:58 - [MESSAGE][INFO] - Starting 'Chrome' driver

2023-07-14 14:54:58 - [MESSAGE][INFO] - User set preference: ['args', '[--start-maximized]']

2023-07-14 14:54:58 - [MESSAGE][INFO] - Action delay is set to 0 milliseconds

2023-07-14 14:55:00 - [MESSAGE][PASSED] - Browser is opened with url: ''

2023-07-14 14:55:00 - [TEST_STEP][PASSED] - maximizeWindow(): Current window maximized

2023-07-14 14:55:00 - [MESSAGE][PASSED] - Current window maximized

2023-07-14 14:55:00 - [TEST_STEP][PASSED] - navigateToUrl("https://uat-dashboard.blicicil.com/auth/login"): Navigate to 'https://uat-dashboard.blicicil.com/auth/login' successfully

2023-07-14 14:55:01 - [MESSAGE][PASSED] - Navigate to 'https://uat-dashboard.blicicil.com/auth/login' successfully

2023-07-14 14:55:01 - [TEST_STEP][PASSED] - setText(findTestObject("Object Repository/FAQS/Beranda/input_Email_email"), "eva.mayadila@megafinance.co.id"): Text 'eva.mayadila@megafinance.co.id' is set on object 'Object Repository/FAQS/Beranda/input_Email_email'

2023-07-14 14:55:02 - [MESSAGE][PASSED] - Text 'eva.mayadila@megafinance.co.id' is set on object 'Object Repository/FAQS/Beranda/input_Email_email'

2023-07-14 14:55:02 - [TEST_STEP][PASSED] - setEncryptedText(findTestObject("Object Repository/FAQS/Beranda/input_Password_password"), "aeHFOx8jV/A="): Text ****** has been set on object 'Object Repository/FAQS/Beranda/input_Password_password'

2023-07-14 14:55:02 - [MESSAGE][PASSED] - Text ****** has been set on object 'Object Repository/FAQS/Beranda/input_Password_password'

2023-07-14 14:55:02 - [TEST_STEP][PASSED] - click(findTestObject("Object Repository/FAQS/Beranda/button_Login")): Object: 'Object Repository/FAQS/Beranda/button_Login' is clicked on

2023-07-14 14:55:02 - [MESSAGE][PASSED] - Object: 'Object Repository/FAQS/Beranda/button_Login' is clicked on

2023-07-14 14:55:02 - [TEST_STEP][PASSED] - click(findTestObject("Object Repository/FAQS/Beranda/a_FAQ")): Object: 'Object Repository/FAQS/Beranda/a_FAQ' is clicked on

2023-07-14 14:55:05 - [MESSAGE][PASSED] - Object: 'Object Repository/FAQS/Beranda/a_FAQ' is clicked on

2023-07-14 14:55:05 - [TEST_STEP][PASSED] - click(findTestObject("Object Repository/FAQS/Beranda/a_Next")): Object: 'Object Repository/FAQS/Beranda/a_Next' is clicked on

2023-07-14 14:55:06 - [MESSAGE][PASSED] - Object: 'Object Repository/FAQS/Beranda/a_Next' is clicked on

2023-07-14 14:55:06 - [TEST_STEP][PASSED] - click(findTestObject("Object Repository/FAQS/Beranda/a_Previous")): Object: 'Object Repository/FAQS/Beranda/a_Previous' is clicked on

2023-07-14 14:55:06 - [MESSAGE][PASSED] - Object: 'Object Repository/FAQS/Beranda/a_Previous' is clicked on

2023-07-14 14:55:06 - [TEST_STEP][PASSED] - click(findTestObject("Object Repository/FAQS/Beranda/button_Unpublish")): Object: 'Object Repository/FAQS/Beranda/button_Unpublish' is clicked on

2023-07-14 14:55:07 - [MESSAGE][PASSED] - Object: 'Object Repository/FAQS/Beranda/button_Unpublish' is clicked on

2023-07-14 14:55:07 - [TEST_STEP][PASSED] - click(findTestObject("Object Repository/FAQS/Beranda/button_No")): Object: 'Object Repository/FAQS/Beranda/button_No' is clicked on

2023-07-14 14:55:07 - [MESSAGE][PASSED] - Object: 'Object Repository/FAQS/Beranda/button_No' is clicked on

2023-07-14 14:55:07 - [TEST_STEP][PASSED] - click(findTestObject("Object Repository/FAQS/Beranda/button_Unpublish")): Object: 'Object Repository/FAQS/Beranda/button_Unpublish' is clicked on

2023-07-14 14:55:08 - [MESSAGE][PASSED] - Object: 'Object Repository/FAQS/Beranda/button_Unpublish' is clicked on

2023-07-14 14:55:08 - [TEST_STEP][PASSED] - click(findTestObject("Object Repository/FAQS/Beranda/button_Yes")): Object: 'Object Repository/FAQS/Beranda/button_Yes' is clicked on

2023-07-14 14:55:08 - [MESSAGE][PASSED] - Object: 'Object Repository/FAQS/Beranda/button_Yes' is clicked on

2023-07-14 14:55:08 - [TEST_STEP][PASSED] - click(findTestObject("Object Repository/FAQS/Beranda/a_2")): Object: 'Object Repository/FAQS/Beranda/a_2' is clicked on

2023-07-14 14:55:09 - [MESSAGE][PASSED] - Object: 'Object Repository/FAQS/Beranda/a_2' is clicked on

2023-07-14 14:55:09 - [TEST_STEP][PASSED] - click(findTestObject("Object Repository/FAQS/Beranda/a_1")): Object: 'Object Repository/FAQS/Beranda/a_1' is clicked on

2023-07-14 14:55:10 - [MESSAGE][PASSED] - Object: 'Object Repository/FAQS/Beranda/a_1' is clicked on

2023-07-14 14:55:10 - [TEST_STEP][PASSED] - click(findTestObject("Object Repository/FAQS/Beranda/button_Publish")): Object: 'Object Repository/FAQS/Beranda/button_Publish' is clicked on

2023-07-14 14:55:11 - [MESSAGE][PASSED] - Object: 'Object Repository/FAQS/Beranda/button_Publish' is clicked on

2023-07-14 14:55:11 - [TEST_STEP][PASSED] - click(findTestObject("Object Repository/FAQS/Beranda/button_No")): Object: 'Object Repository/FAQS/Beranda/button_No' is clicked on

2023-07-14 14:55:11 - [MESSAGE][PASSED] - Object: 'Object Repository/FAQS/Beranda/button_No' is clicked on

2023-07-14 14:55:11 - [TEST_STEP][PASSED] - click(findTestObject("Object Repository/FAQS/Beranda/button_Publish")): Object: 'Object Repository/FAQS/Beranda/button_Publish' is clicked on

2023-07-14 14:55:12 - [MESSAGE][PASSED] - Object: 'Object Repository/FAQS/Beranda/button_Publish' is clicked on

2023-07-14 14:55:12 - [TEST_STEP][PASSED] - click(findTestObject("Object Repository/FAQS/Beranda/button_Yes")): Object: 'Object Repository/FAQS/Beranda/button_Yes' is clicked on

2023-07-14 14:55:12 - [MESSAGE][PASSED] - Object: 'Object Repository/FAQS/Beranda/button_Yes' is clicked on

2023-07-14 14:55:12 - [TEST_STEP][PASSED] - closeBrowser(STOP_ON_FAILURE): Browser is closed

2023-07-14 14:55:13 - [MESSAGE][PASSED] - Browser is closed]]></system-out>
         <system-err><![CDATA[]]></system-err>
      </testcase>
      <testcase name="Test Cases/FAQS/Success/Searching Success" time="43.804" classname="Test Cases/FAQS/Success/Searching Success" status="FAILED">
         <failure type="FAILED" message="Test Cases/FAQS/Success/Searching Success FAILED.
Reason:
com.kms.katalon.core.exception.StepFailedException: Unable to click on object 'Object Repository/FAQS/Searching Success/button_No'
	at com.kms.katalon.core.webui.keyword.internal.WebUIKeywordMain.stepFailed(WebUIKeywordMain.groovy:64)
	at com.kms.katalon.core.webui.keyword.internal.WebUIKeywordMain.runKeyword(WebUIKeywordMain.groovy:26)
	at com.kms.katalon.core.webui.keyword.builtin.ClickKeyword.click(ClickKeyword.groovy:74)
	at com.kms.katalon.core.webui.keyword.builtin.ClickKeyword.execute(ClickKeyword.groovy:40)
	at com.kms.katalon.core.keyword.internal.KeywordExecutor.executeKeywordForPlatform(KeywordExecutor.groovy:74)
	at com.kms.katalon.core.webui.keyword.WebUiBuiltInKeywords.click(WebUiBuiltInKeywords.groovy:620)
	at com.kms.katalon.core.webui.keyword.WebUiBuiltInKeywords$click$4.call(Unknown Source)
	at Searching Success.run(Searching Success:56)
	at com.kms.katalon.core.main.ScriptEngine.run(ScriptEngine.java:194)
	at com.kms.katalon.core.main.ScriptEngine.runScriptAsRawText(ScriptEngine.java:119)
	at com.kms.katalon.core.main.TestCaseExecutor.runScript(TestCaseExecutor.java:448)
	at com.kms.katalon.core.main.TestCaseExecutor.doExecute(TestCaseExecutor.java:439)
	at com.kms.katalon.core.main.TestCaseExecutor.processExecutionPhase(TestCaseExecutor.java:418)
	at com.kms.katalon.core.main.TestCaseExecutor.accessMainPhase(TestCaseExecutor.java:410)
	at com.kms.katalon.core.main.TestCaseExecutor.execute(TestCaseExecutor.java:285)
	at com.kms.katalon.core.common.CommonExecutor.accessTestCaseMainPhase(CommonExecutor.java:65)
	at com.kms.katalon.core.main.TestSuiteExecutor.accessTestSuiteMainPhase(TestSuiteExecutor.java:148)
	at com.kms.katalon.core.main.TestSuiteExecutor.execute(TestSuiteExecutor.java:106)
	at com.kms.katalon.core.main.TestCaseMain.startTestSuite(TestCaseMain.java:187)
	at com.kms.katalon.core.main.TestCaseMain$startTestSuite$0.call(Unknown Source)
	at TempTestSuite1689321295830.run(TempTestSuite1689321295830.groovy:36)
Caused by: com.kms.katalon.core.webui.exception.WebElementNotFoundException: Web element with id: 'Object Repository/FAQS/Searching Success/button_No' located by '(//button[@type='button'])[17]' not found
	at com.kms.katalon.core.webui.common.WebUiCommonHelper.findWebElement(WebUiCommonHelper.java:1376)
	at com.kms.katalon.core.webui.keyword.internal.WebUIAbstractKeyword.findWebElement(WebUIAbstractKeyword.groovy:27)
	at com.kms.katalon.core.webui.keyword.builtin.ClickKeyword$_click_closure1.doCall(ClickKeyword.groovy:65)
	at com.kms.katalon.core.webui.keyword.builtin.ClickKeyword$_click_closure1.call(ClickKeyword.groovy)
	at com.kms.katalon.core.webui.keyword.internal.WebUIKeywordMain.runKeyword(WebUIKeywordMain.groovy:20)
	... 19 more
"/>
         <system-out><![CDATA[2023-07-14 14:55:13 - [TEST_CASE][FAILED] - Test Cases/FAQS/Success/Searching Success: Test Cases/FAQS/Success/Searching Success FAILED.
Reason:
com.kms.katalon.core.exception.StepFailedException: Unable to click on object 'Object Repository/FAQS/Searching Success/button_No'
	at com.kms.katalon.core.webui.keyword.internal.WebUIKeywordMain.stepFailed(WebUIKeywordMain.groovy:64)
	at com.kms.katalon.core.webui.keyword.internal.WebUIKeywordMain.runKeyword(WebUIKeywordMain.groovy:26)
	at com.kms.katalon.core.webui.keyword.builtin.ClickKeyword.click(ClickKeyword.groovy:74)
	at com.kms.katalon.core.webui.keyword.builtin.ClickKeyword.execute(ClickKeyword.groovy:40)
	at com.kms.katalon.core.keyword.internal.KeywordExecutor.executeKeywordForPlatform(KeywordExecutor.groovy:74)
	at com.kms.katalon.core.webui.keyword.WebUiBuiltInKeywords.click(WebUiBuiltInKeywords.groovy:620)
	at com.kms.katalon.core.webui.keyword.WebUiBuiltInKeywords$click$4.call(Unknown Source)
	at Searching Success.run(Searching Success:56)
	at com.kms.katalon.core.main.ScriptEngine.run(ScriptEngine.java:194)
	at com.kms.katalon.core.main.ScriptEngine.runScriptAsRawText(ScriptEngine.java:119)
	at com.kms.katalon.core.main.TestCaseExecutor.runScript(TestCaseExecutor.java:448)
	at com.kms.katalon.core.main.TestCaseExecutor.doExecute(TestCaseExecutor.java:439)
	at com.kms.katalon.core.main.TestCaseExecutor.processExecutionPhase(TestCaseExecutor.java:418)
	at com.kms.katalon.core.main.TestCaseExecutor.accessMainPhase(TestCaseExecutor.java:410)
	at com.kms.katalon.core.main.TestCaseExecutor.execute(TestCaseExecutor.java:285)
	at com.kms.katalon.core.common.CommonExecutor.accessTestCaseMainPhase(CommonExecutor.java:65)
	at com.kms.katalon.core.main.TestSuiteExecutor.accessTestSuiteMainPhase(TestSuiteExecutor.java:148)
	at com.kms.katalon.core.main.TestSuiteExecutor.execute(TestSuiteExecutor.java:106)
	at com.kms.katalon.core.main.TestCaseMain.startTestSuite(TestCaseMain.java:187)
	at com.kms.katalon.core.main.TestCaseMain$startTestSuite$0.call(Unknown Source)
	at TempTestSuite1689321295830.run(TempTestSuite1689321295830.groovy:36)
Caused by: com.kms.katalon.core.webui.exception.WebElementNotFoundException: Web element with id: 'Object Repository/FAQS/Searching Success/button_No' located by '(//button[@type='button'])[17]' not found
	at com.kms.katalon.core.webui.common.WebUiCommonHelper.findWebElement(WebUiCommonHelper.java:1376)
	at com.kms.katalon.core.webui.keyword.internal.WebUIAbstractKeyword.findWebElement(WebUIAbstractKeyword.groovy:27)
	at com.kms.katalon.core.webui.keyword.builtin.ClickKeyword$_click_closure1.doCall(ClickKeyword.groovy:65)
	at com.kms.katalon.core.webui.keyword.builtin.ClickKeyword$_click_closure1.call(ClickKeyword.groovy)
	at com.kms.katalon.core.webui.keyword.internal.WebUIKeywordMain.runKeyword(WebUIKeywordMain.groovy:20)
	... 19 more


2023-07-14 14:55:13 - [TEST_STEP][PASSED] - openBrowser(""): Browser is opened with url: ''

2023-07-14 14:55:13 - [MESSAGE][INFO] - Starting 'Chrome' driver

2023-07-14 14:55:13 - [MESSAGE][INFO] - User set preference: ['args', '[--start-maximized]']

2023-07-14 14:55:13 - [MESSAGE][INFO] - Action delay is set to 0 milliseconds

2023-07-14 14:55:14 - [MESSAGE][PASSED] - Browser is opened with url: ''

2023-07-14 14:55:14 - [TEST_STEP][PASSED] - maximizeWindow(): Current window maximized

2023-07-14 14:55:15 - [MESSAGE][PASSED] - Current window maximized

2023-07-14 14:55:15 - [TEST_STEP][PASSED] - navigateToUrl("https://uat-dashboard.blicicil.com/auth/login"): Navigate to 'https://uat-dashboard.blicicil.com/auth/login' successfully

2023-07-14 14:55:15 - [MESSAGE][PASSED] - Navigate to 'https://uat-dashboard.blicicil.com/auth/login' successfully

2023-07-14 14:55:15 - [TEST_STEP][PASSED] - setText(findTestObject("Object Repository/FAQS/Searching Success/input_Email_email"), "eva.mayadila@megafinance.co.id"): Text 'eva.mayadila@megafinance.co.id' is set on object 'Object Repository/FAQS/Searching Success/input_Email_email'

2023-07-14 14:55:16 - [MESSAGE][PASSED] - Text 'eva.mayadila@megafinance.co.id' is set on object 'Object Repository/FAQS/Searching Success/input_Email_email'

2023-07-14 14:55:16 - [TEST_STEP][PASSED] - setEncryptedText(findTestObject("Object Repository/FAQS/Searching Success/input_Password_password"), "aeHFOx8jV/A="): Text ****** has been set on object 'Object Repository/FAQS/Searching Success/input_Password_password'

2023-07-14 14:55:16 - [MESSAGE][PASSED] - Text ****** has been set on object 'Object Repository/FAQS/Searching Success/input_Password_password'

2023-07-14 14:55:16 - [TEST_STEP][PASSED] - click(findTestObject("Object Repository/FAQS/Searching Success/button_Login")): Object: 'Object Repository/FAQS/Searching Success/button_Login' is clicked on

2023-07-14 14:55:17 - [MESSAGE][PASSED] - Object: 'Object Repository/FAQS/Searching Success/button_Login' is clicked on

2023-07-14 14:55:17 - [TEST_STEP][PASSED] - click(findTestObject("Object Repository/FAQS/Searching Success/a_FAQ")): Object: 'Object Repository/FAQS/Searching Success/a_FAQ' is clicked on

2023-07-14 14:55:19 - [MESSAGE][PASSED] - Object: 'Object Repository/FAQS/Searching Success/a_FAQ' is clicked on

2023-07-14 14:55:19 - [TEST_STEP][PASSED] - setText(findTestObject("Object Repository/FAQS/Searching Success/input_Search_form-control form-control-sm"), "Limit Kredit"): Text 'Limit Kredit' is set on object 'Object Repository/FAQS/Searching Success/input_Search_form-control form-control-sm'

2023-07-14 14:55:20 - [MESSAGE][PASSED] - Text 'Limit Kredit' is set on object 'Object Repository/FAQS/Searching Success/input_Search_form-control form-control-sm'

2023-07-14 14:55:20 - [TEST_STEP][PASSED] - sendKeys(findTestObject("Object Repository/FAQS/Searching Success/input_Search_form-control form-control-sm"), Keys.chord(ENTER)): Keys 'ENTER + ' sent to object: 'Object Repository/FAQS/Searching Success/input_Search_form-control form-control-sm'

2023-07-14 14:55:21 - [MESSAGE][PASSED] - Keys 'ENTER + ' sent to object: 'Object Repository/FAQS/Searching Success/input_Search_form-control form-control-sm'

2023-07-14 14:55:21 - [TEST_STEP][PASSED] - click(findTestObject("Object Repository/FAQS/Searching Success/button_Publish")): Object: 'Object Repository/FAQS/Searching Success/button_Publish' is clicked on

2023-07-14 14:55:21 - [MESSAGE][PASSED] - Object: 'Object Repository/FAQS/Searching Success/button_Publish' is clicked on

2023-07-14 14:55:21 - [TEST_STEP][PASSED] - click(findTestObject("Object Repository/FAQS/Searching Success/button_No")): Object: 'Object Repository/FAQS/Searching Success/button_No' is clicked on

2023-07-14 14:55:22 - [MESSAGE][PASSED] - Object: 'Object Repository/FAQS/Searching Success/button_No' is clicked on

2023-07-14 14:55:22 - [TEST_STEP][PASSED] - click(findTestObject("Object Repository/FAQS/Searching Success/button_Publish")): Object: 'Object Repository/FAQS/Searching Success/button_Publish' is clicked on

2023-07-14 14:55:22 - [MESSAGE][PASSED] - Object: 'Object Repository/FAQS/Searching Success/button_Publish' is clicked on

2023-07-14 14:55:22 - [TEST_STEP][PASSED] - click(findTestObject("Object Repository/FAQS/Searching Success/button_Yes")): Object: 'Object Repository/FAQS/Searching Success/button_Yes' is clicked on

2023-07-14 14:55:23 - [MESSAGE][PASSED] - Object: 'Object Repository/FAQS/Searching Success/button_Yes' is clicked on

2023-07-14 14:55:23 - [TEST_STEP][PASSED] - refresh(): Refresh successfully

2023-07-14 14:55:23 - [MESSAGE][PASSED] - Refresh successfully

2023-07-14 14:55:23 - [TEST_STEP][PASSED] - setText(findTestObject("Object Repository/FAQS/Searching Success/input_Search_form-control form-control-sm"), "modal instan"): Text 'modal instan' is set on object 'Object Repository/FAQS/Searching Success/input_Search_form-control form-control-sm'

2023-07-14 14:55:24 - [MESSAGE][PASSED] - Text 'modal instan' is set on object 'Object Repository/FAQS/Searching Success/input_Search_form-control form-control-sm'

2023-07-14 14:55:24 - [TEST_STEP][PASSED] - sendKeys(findTestObject("Object Repository/FAQS/Searching Success/input_Search_form-control form-control-sm"), Keys.chord(ENTER)): Keys 'ENTER + ' sent to object: 'Object Repository/FAQS/Searching Success/input_Search_form-control form-control-sm'

2023-07-14 14:55:25 - [MESSAGE][PASSED] - Keys 'ENTER + ' sent to object: 'Object Repository/FAQS/Searching Success/input_Search_form-control form-control-sm'

2023-07-14 14:55:25 - [TEST_STEP][PASSED] - click(findTestObject("Object Repository/FAQS/Searching Success/button_Unpublish")): Object: 'Object Repository/FAQS/Searching Success/button_Unpublish' is clicked on

2023-07-14 14:55:25 - [MESSAGE][PASSED] - Object: 'Object Repository/FAQS/Searching Success/button_Unpublish' is clicked on

2023-07-14 14:55:25 - [TEST_STEP][FAILED] - click(findTestObject("Object Repository/FAQS/Searching Success/button_No")): Unable to click on object 'Object Repository/FAQS/Searching Success/button_No' (Root cause: com.kms.katalon.core.exception.StepFailedException: Unable to click on object 'Object Repository/FAQS/Searching Success/button_No'
	at com.kms.katalon.core.webui.keyword.internal.WebUIKeywordMain.stepFailed(WebUIKeywordMain.groovy:64)
	at com.kms.katalon.core.webui.keyword.internal.WebUIKeywordMain.runKeyword(WebUIKeywordMain.groovy:26)
	at com.kms.katalon.core.webui.keyword.builtin.ClickKeyword.click(ClickKeyword.groovy:74)
	at com.kms.katalon.core.webui.keyword.builtin.ClickKeyword.execute(ClickKeyword.groovy:40)
	at com.kms.katalon.core.keyword.internal.KeywordExecutor.executeKeywordForPlatform(KeywordExecutor.groovy:74)
	at com.kms.katalon.core.webui.keyword.WebUiBuiltInKeywords.click(WebUiBuiltInKeywords.groovy:620)
	at com.kms.katalon.core.webui.keyword.WebUiBuiltInKeywords$click$4.call(Unknown Source)
	at Searching Success.run(Searching Success:56)
	at com.kms.katalon.core.main.ScriptEngine.run(ScriptEngine.java:194)
	at com.kms.katalon.core.main.ScriptEngine.runScriptAsRawText(ScriptEngine.java:119)
	at com.kms.katalon.core.main.TestCaseExecutor.runScript(TestCaseExecutor.java:448)
	at com.kms.katalon.core.main.TestCaseExecutor.doExecute(TestCaseExecutor.java:439)
	at com.kms.katalon.core.main.TestCaseExecutor.processExecutionPhase(TestCaseExecutor.java:418)
	at com.kms.katalon.core.main.TestCaseExecutor.accessMainPhase(TestCaseExecutor.java:410)
	at com.kms.katalon.core.main.TestCaseExecutor.execute(TestCaseExecutor.java:285)
	at com.kms.katalon.core.common.CommonExecutor.accessTestCaseMainPhase(CommonExecutor.java:65)
	at com.kms.katalon.core.main.TestSuiteExecutor.accessTestSuiteMainPhase(TestSuiteExecutor.java:148)
	at com.kms.katalon.core.main.TestSuiteExecutor.execute(TestSuiteExecutor.java:106)
	at com.kms.katalon.core.main.TestCaseMain.startTestSuite(TestCaseMain.java:187)
	at com.kms.katalon.core.main.TestCaseMain$startTestSuite$0.call(Unknown Source)
	at TempTestSuite1689321295830.run(TempTestSuite1689321295830.groovy:36)
Caused by: com.kms.katalon.core.webui.exception.WebElementNotFoundException: Web element with id: 'Object Repository/FAQS/Searching Success/button_No' located by '(//button[@type='button'])[17]' not found
	at com.kms.katalon.core.webui.common.WebUiCommonHelper.findWebElement(WebUiCommonHelper.java:1376)
	at com.kms.katalon.core.webui.keyword.internal.WebUIAbstractKeyword.findWebElement(WebUIAbstractKeyword.groovy:27)
	at com.kms.katalon.core.webui.keyword.builtin.ClickKeyword$_click_closure1.doCall(ClickKeyword.groovy:65)
	at com.kms.katalon.core.webui.keyword.builtin.ClickKeyword$_click_closure1.call(ClickKeyword.groovy)
	at com.kms.katalon.core.webui.keyword.internal.WebUIKeywordMain.runKeyword(WebUIKeywordMain.groovy:20)
	at com.kms.katalon.core.webui.keyword.builtin.ClickKeyword.click(ClickKeyword.groovy:74)
	at com.kms.katalon.core.webui.keyword.builtin.ClickKeyword.execute(ClickKeyword.groovy:40)
	at com.kms.katalon.core.keyword.internal.KeywordExecutor.executeKeywordForPlatform(KeywordExecutor.groovy:74)
	at com.kms.katalon.core.webui.keyword.WebUiBuiltInKeywords.click(WebUiBuiltInKeywords.groovy:620)
	at com.kms.katalon.core.webui.keyword.WebUiBuiltInKeywords$click$4.call(Unknown Source)
	at Script1689319836257.run(Script1689319836257.groovy:56)
	... 13 more
)

2023-07-14 14:55:57 - [MESSAGE][INFO] - Unable to find the element located by 'By.xpath: (//button[@type='button'])[17]'. Please recheck the objects properties to make sure the desired element is located. 

2023-07-14 14:55:57 - [MESSAGE][FAILED] - Unable to click on object 'Object Repository/FAQS/Searching Success/button_No' (Root cause: com.kms.katalon.core.exception.StepFailedException: Unable to click on object 'Object Repository/FAQS/Searching Success/button_No'
	at com.kms.katalon.core.webui.keyword.internal.WebUIKeywordMain.stepFailed(WebUIKeywordMain.groovy:64)
	at com.kms.katalon.core.webui.keyword.internal.WebUIKeywordMain.runKeyword(WebUIKeywordMain.groovy:26)
	at com.kms.katalon.core.webui.keyword.builtin.ClickKeyword.click(ClickKeyword.groovy:74)
	at com.kms.katalon.core.webui.keyword.builtin.ClickKeyword.execute(ClickKeyword.groovy:40)
	at com.kms.katalon.core.keyword.internal.KeywordExecutor.executeKeywordForPlatform(KeywordExecutor.groovy:74)
	at com.kms.katalon.core.webui.keyword.WebUiBuiltInKeywords.click(WebUiBuiltInKeywords.groovy:620)
	at com.kms.katalon.core.webui.keyword.WebUiBuiltInKeywords$click$4.call(Unknown Source)
	at Searching Success.run(Searching Success:56)
	at com.kms.katalon.core.main.ScriptEngine.run(ScriptEngine.java:194)
	at com.kms.katalon.core.main.ScriptEngine.runScriptAsRawText(ScriptEngine.java:119)
	at com.kms.katalon.core.main.TestCaseExecutor.runScript(TestCaseExecutor.java:448)
	at com.kms.katalon.core.main.TestCaseExecutor.doExecute(TestCaseExecutor.java:439)
	at com.kms.katalon.core.main.TestCaseExecutor.processExecutionPhase(TestCaseExecutor.java:418)
	at com.kms.katalon.core.main.TestCaseExecutor.accessMainPhase(TestCaseExecutor.java:410)
	at com.kms.katalon.core.main.TestCaseExecutor.execute(TestCaseExecutor.java:285)
	at com.kms.katalon.core.common.CommonExecutor.accessTestCaseMainPhase(CommonExecutor.java:65)
	at com.kms.katalon.core.main.TestSuiteExecutor.accessTestSuiteMainPhase(TestSuiteExecutor.java:148)
	at com.kms.katalon.core.main.TestSuiteExecutor.execute(TestSuiteExecutor.java:106)
	at com.kms.katalon.core.main.TestCaseMain.startTestSuite(TestCaseMain.java:187)
	at com.kms.katalon.core.main.TestCaseMain$startTestSuite$0.call(Unknown Source)
	at TempTestSuite1689321295830.run(TempTestSuite1689321295830.groovy:36)
Caused by: com.kms.katalon.core.webui.exception.WebElementNotFoundException: Web element with id: 'Object Repository/FAQS/Searching Success/button_No' located by '(//button[@type='button'])[17]' not found
	at com.kms.katalon.core.webui.common.WebUiCommonHelper.findWebElement(WebUiCommonHelper.java:1376)
	at com.kms.katalon.core.webui.keyword.internal.WebUIAbstractKeyword.findWebElement(WebUIAbstractKeyword.groovy:27)
	at com.kms.katalon.core.webui.keyword.builtin.ClickKeyword$_click_closure1.doCall(ClickKeyword.groovy:65)
	at com.kms.katalon.core.webui.keyword.builtin.ClickKeyword$_click_closure1.call(ClickKeyword.groovy)
	at com.kms.katalon.core.webui.keyword.internal.WebUIKeywordMain.runKeyword(WebUIKeywordMain.groovy:20)
	at com.kms.katalon.core.webui.keyword.builtin.ClickKeyword.click(ClickKeyword.groovy:74)
	at com.kms.katalon.core.webui.keyword.builtin.ClickKeyword.execute(ClickKeyword.groovy:40)
	at com.kms.katalon.core.keyword.internal.KeywordExecutor.executeKeywordForPlatform(KeywordExecutor.groovy:74)
	at com.kms.katalon.core.webui.keyword.WebUiBuiltInKeywords.click(WebUiBuiltInKeywords.groovy:620)
	at com.kms.katalon.core.webui.keyword.WebUiBuiltInKeywords$click$4.call(Unknown Source)
	at Script1689319836257.run(Script1689319836257.groovy:56)
	... 13 more
)
[[ATTACHMENT|C:\\Users\\202102359\\git\\blicicil-dashboard-uat\\Reports\\20230714_145454\\FAQ\\20230714_145455\\1689321357132.png]]]]></system-out>
         <system-err><![CDATA[2023-07-14 14:55:13 - [TEST_CASE][FAILED] - Test Cases/FAQS/Success/Searching Success: Test Cases/FAQS/Success/Searching Success FAILED.
Reason:
com.kms.katalon.core.exception.StepFailedException: Unable to click on object 'Object Repository/FAQS/Searching Success/button_No'
	at com.kms.katalon.core.webui.keyword.internal.WebUIKeywordMain.stepFailed(WebUIKeywordMain.groovy:64)
	at com.kms.katalon.core.webui.keyword.internal.WebUIKeywordMain.runKeyword(WebUIKeywordMain.groovy:26)
	at com.kms.katalon.core.webui.keyword.builtin.ClickKeyword.click(ClickKeyword.groovy:74)
	at com.kms.katalon.core.webui.keyword.builtin.ClickKeyword.execute(ClickKeyword.groovy:40)
	at com.kms.katalon.core.keyword.internal.KeywordExecutor.executeKeywordForPlatform(KeywordExecutor.groovy:74)
	at com.kms.katalon.core.webui.keyword.WebUiBuiltInKeywords.click(WebUiBuiltInKeywords.groovy:620)
	at com.kms.katalon.core.webui.keyword.WebUiBuiltInKeywords$click$4.call(Unknown Source)
	at Searching Success.run(Searching Success:56)
	at com.kms.katalon.core.main.ScriptEngine.run(ScriptEngine.java:194)
	at com.kms.katalon.core.main.ScriptEngine.runScriptAsRawText(ScriptEngine.java:119)
	at com.kms.katalon.core.main.TestCaseExecutor.runScript(TestCaseExecutor.java:448)
	at com.kms.katalon.core.main.TestCaseExecutor.doExecute(TestCaseExecutor.java:439)
	at com.kms.katalon.core.main.TestCaseExecutor.processExecutionPhase(TestCaseExecutor.java:418)
	at com.kms.katalon.core.main.TestCaseExecutor.accessMainPhase(TestCaseExecutor.java:410)
	at com.kms.katalon.core.main.TestCaseExecutor.execute(TestCaseExecutor.java:285)
	at com.kms.katalon.core.common.CommonExecutor.accessTestCaseMainPhase(CommonExecutor.java:65)
	at com.kms.katalon.core.main.TestSuiteExecutor.accessTestSuiteMainPhase(TestSuiteExecutor.java:148)
	at com.kms.katalon.core.main.TestSuiteExecutor.execute(TestSuiteExecutor.java:106)
	at com.kms.katalon.core.main.TestCaseMain.startTestSuite(TestCaseMain.java:187)
	at com.kms.katalon.core.main.TestCaseMain$startTestSuite$0.call(Unknown Source)
	at TempTestSuite1689321295830.run(TempTestSuite1689321295830.groovy:36)
Caused by: com.kms.katalon.core.webui.exception.WebElementNotFoundException: Web element with id: 'Object Repository/FAQS/Searching Success/button_No' located by '(//button[@type='button'])[17]' not found
	at com.kms.katalon.core.webui.common.WebUiCommonHelper.findWebElement(WebUiCommonHelper.java:1376)
	at com.kms.katalon.core.webui.keyword.internal.WebUIAbstractKeyword.findWebElement(WebUIAbstractKeyword.groovy:27)
	at com.kms.katalon.core.webui.keyword.builtin.ClickKeyword$_click_closure1.doCall(ClickKeyword.groovy:65)
	at com.kms.katalon.core.webui.keyword.builtin.ClickKeyword$_click_closure1.call(ClickKeyword.groovy)
	at com.kms.katalon.core.webui.keyword.internal.WebUIKeywordMain.runKeyword(WebUIKeywordMain.groovy:20)
	... 19 more]]></system-err>
      </testcase>
      <testcase name="Test Cases/FAQS/Failed/Searching Failed" time="10.599" classname="Test Cases/FAQS/Failed/Searching Failed" status="PASSED">
         <system-out><![CDATA[2023-07-14 14:55:57 - [TEST_CASE][PASSED] - Test Cases/FAQS/Failed/Searching Failed: Test Cases/FAQS/Failed/Searching Failed

2023-07-14 14:55:57 - [TEST_STEP][PASSED] - openBrowser(""): Browser is opened with url: ''

2023-07-14 14:55:57 - [MESSAGE][WARNING] - A browser is already opened. Closing browser and opening a new one

2023-07-14 14:55:58 - [MESSAGE][INFO] - Starting 'Chrome' driver

2023-07-14 14:55:58 - [MESSAGE][INFO] - User set preference: ['args', '[--start-maximized]']

2023-07-14 14:55:58 - [MESSAGE][INFO] - Action delay is set to 0 milliseconds

2023-07-14 14:55:59 - [MESSAGE][PASSED] - Browser is opened with url: ''

2023-07-14 14:55:59 - [TEST_STEP][PASSED] - maximizeWindow(): Current window maximized

2023-07-14 14:55:59 - [MESSAGE][PASSED] - Current window maximized

2023-07-14 14:55:59 - [TEST_STEP][PASSED] - navigateToUrl("https://uat-dashboard.blicicil.com/auth/login"): Navigate to 'https://uat-dashboard.blicicil.com/auth/login' successfully

2023-07-14 14:55:59 - [MESSAGE][PASSED] - Navigate to 'https://uat-dashboard.blicicil.com/auth/login' successfully

2023-07-14 14:55:59 - [TEST_STEP][PASSED] - setText(findTestObject("Object Repository/FAQS/Searching Failed/input_Email_email"), "eva.mayadila@megafinance.co.id"): Text 'eva.mayadila@megafinance.co.id' is set on object 'Object Repository/FAQS/Searching Failed/input_Email_email'

2023-07-14 14:56:00 - [MESSAGE][PASSED] - Text 'eva.mayadila@megafinance.co.id' is set on object 'Object Repository/FAQS/Searching Failed/input_Email_email'

2023-07-14 14:56:00 - [TEST_STEP][PASSED] - setEncryptedText(findTestObject("Object Repository/FAQS/Searching Failed/input_Password_password"), "aeHFOx8jV/A="): Text ****** has been set on object 'Object Repository/FAQS/Searching Failed/input_Password_password'

2023-07-14 14:56:01 - [MESSAGE][PASSED] - Text ****** has been set on object 'Object Repository/FAQS/Searching Failed/input_Password_password'

2023-07-14 14:56:01 - [TEST_STEP][PASSED] - click(findTestObject("Object Repository/FAQS/Searching Failed/button_Login")): Object: 'Object Repository/FAQS/Searching Failed/button_Login' is clicked on

2023-07-14 14:56:01 - [MESSAGE][PASSED] - Object: 'Object Repository/FAQS/Searching Failed/button_Login' is clicked on

2023-07-14 14:56:01 - [TEST_STEP][PASSED] - click(findTestObject("Object Repository/FAQS/Searching Failed/a_FAQ")): Object: 'Object Repository/FAQS/Searching Failed/a_FAQ' is clicked on

2023-07-14 14:56:03 - [MESSAGE][PASSED] - Object: 'Object Repository/FAQS/Searching Failed/a_FAQ' is clicked on

2023-07-14 14:56:03 - [TEST_STEP][PASSED] - getText(findTestObject("Object Repository/FAQS/Searching Failed/div_List FAQs BliCicil Admin as            _3c8d92")): Text of object 'Object Repository/FAQS/Searching Failed/div_List FAQs BliCicil Admin as            _3c8d92' is: 'List FAQs BliCicil Admin as
New FAQ'

2023-07-14 14:56:04 - [MESSAGE][PASSED] - Text of object 'Object Repository/FAQS/Searching Failed/div_List FAQs BliCicil Admin as            _3c8d92' is: 'List FAQs BliCicil Admin as
New FAQ'

2023-07-14 14:56:04 - [TEST_STEP][PASSED] - setText(findTestObject("Object Repository/FAQS/Searching Failed/input_Search_form-control form-control-sm"), "12345678"): Text '12345678' is set on object 'Object Repository/FAQS/Searching Failed/input_Search_form-control form-control-sm'

2023-07-14 14:56:05 - [MESSAGE][PASSED] - Text '12345678' is set on object 'Object Repository/FAQS/Searching Failed/input_Search_form-control form-control-sm'

2023-07-14 14:56:05 - [TEST_STEP][PASSED] - sendKeys(findTestObject("Object Repository/FAQS/Searching Failed/input_Search_form-control form-control-sm"), Keys.chord(ENTER)): Keys 'ENTER + ' sent to object: 'Object Repository/FAQS/Searching Failed/input_Search_form-control form-control-sm'

2023-07-14 14:56:06 - [MESSAGE][PASSED] - Keys 'ENTER + ' sent to object: 'Object Repository/FAQS/Searching Failed/input_Search_form-control form-control-sm'

2023-07-14 14:56:06 - [TEST_STEP][PASSED] - setText(findTestObject("Object Repository/FAQS/Searching Failed/input_Search_form-control form-control-sm"), "products"): Text 'products' is set on object 'Object Repository/FAQS/Searching Failed/input_Search_form-control form-control-sm'

2023-07-14 14:56:06 - [MESSAGE][PASSED] - Text 'products' is set on object 'Object Repository/FAQS/Searching Failed/input_Search_form-control form-control-sm'

2023-07-14 14:56:06 - [TEST_STEP][PASSED] - sendKeys(findTestObject("Object Repository/FAQS/Searching Failed/input_Search_form-control form-control-sm"), Keys.chord(ENTER)): Keys 'ENTER + ' sent to object: 'Object Repository/FAQS/Searching Failed/input_Search_form-control form-control-sm'

2023-07-14 14:56:07 - [MESSAGE][PASSED] - Keys 'ENTER + ' sent to object: 'Object Repository/FAQS/Searching Failed/input_Search_form-control form-control-sm'

2023-07-14 14:56:07 - [TEST_STEP][PASSED] - closeBrowser(): Browser is closed

2023-07-14 14:56:07 - [MESSAGE][PASSED] - Browser is closed]]></system-out>
         <system-err><![CDATA[]]></system-err>
      </testcase>
      <testcase name="Test Cases/FAQS/Success/Add Success" time="11.723" classname="Test Cases/FAQS/Success/Add Success" status="PASSED">
         <system-out><![CDATA[2023-07-14 14:56:07 - [TEST_CASE][PASSED] - Test Cases/FAQS/Success/Add Success: Test Cases/FAQS/Success/Add Success

2023-07-14 14:56:08 - [TEST_STEP][PASSED] - openBrowser(""): Browser is opened with url: ''

2023-07-14 14:56:08 - [MESSAGE][INFO] - Starting 'Chrome' driver

2023-07-14 14:56:08 - [MESSAGE][INFO] - User set preference: ['args', '[--start-maximized]']

2023-07-14 14:56:08 - [MESSAGE][INFO] - Action delay is set to 0 milliseconds

2023-07-14 14:56:09 - [MESSAGE][PASSED] - Browser is opened with url: ''

2023-07-14 14:56:09 - [TEST_STEP][PASSED] - maximizeWindow(): Current window maximized

2023-07-14 14:56:09 - [MESSAGE][PASSED] - Current window maximized

2023-07-14 14:56:09 - [TEST_STEP][PASSED] - navigateToUrl("https://uat-dashboard.blicicil.com/auth/login"): Navigate to 'https://uat-dashboard.blicicil.com/auth/login' successfully

2023-07-14 14:56:10 - [MESSAGE][PASSED] - Navigate to 'https://uat-dashboard.blicicil.com/auth/login' successfully

2023-07-14 14:56:10 - [TEST_STEP][PASSED] - setText(findTestObject("Object Repository/FAQS/Add FAQ Success/input_Email_email"), "eva.mayadila@megafinance.co.id"): Text 'eva.mayadila@megafinance.co.id' is set on object 'Object Repository/FAQS/Add FAQ Success/input_Email_email'

2023-07-14 14:56:11 - [MESSAGE][PASSED] - Text 'eva.mayadila@megafinance.co.id' is set on object 'Object Repository/FAQS/Add FAQ Success/input_Email_email'

2023-07-14 14:56:11 - [TEST_STEP][PASSED] - setEncryptedText(findTestObject("Object Repository/FAQS/Add FAQ Success/input_Password_password"), "aeHFOx8jV/A="): Text ****** has been set on object 'Object Repository/FAQS/Add FAQ Success/input_Password_password'

2023-07-14 14:56:11 - [MESSAGE][PASSED] - Text ****** has been set on object 'Object Repository/FAQS/Add FAQ Success/input_Password_password'

2023-07-14 14:56:11 - [TEST_STEP][PASSED] - click(findTestObject("Object Repository/FAQS/Add FAQ Success/button_Login")): Object: 'Object Repository/FAQS/Add FAQ Success/button_Login' is clicked on

2023-07-14 14:56:12 - [MESSAGE][PASSED] - Object: 'Object Repository/FAQS/Add FAQ Success/button_Login' is clicked on

2023-07-14 14:56:12 - [TEST_STEP][PASSED] - click(findTestObject("Object Repository/FAQS/Add FAQ Success/a_FAQ")): Object: 'Object Repository/FAQS/Add FAQ Success/a_FAQ' is clicked on

2023-07-14 14:56:14 - [MESSAGE][PASSED] - Object: 'Object Repository/FAQS/Add FAQ Success/a_FAQ' is clicked on

2023-07-14 14:56:14 - [TEST_STEP][PASSED] - click(findTestObject("Object Repository/FAQS/Add FAQ Success/span_New FAQ")): Object: 'Object Repository/FAQS/Add FAQ Success/span_New FAQ' is clicked on

2023-07-14 14:56:15 - [MESSAGE][PASSED] - Object: 'Object Repository/FAQS/Add FAQ Success/span_New FAQ' is clicked on

2023-07-14 14:56:15 - [TEST_STEP][PASSED] - setText(findTestObject("Object Repository/FAQS/Add FAQ Success/input_Judul_txtProductName"), "Testingss"): Text 'Testingss' is set on object 'Object Repository/FAQS/Add FAQ Success/input_Judul_txtProductName'

2023-07-14 14:56:16 - [MESSAGE][PASSED] - Text 'Testingss' is set on object 'Object Repository/FAQS/Add FAQ Success/input_Judul_txtProductName'

2023-07-14 14:56:16 - [TEST_STEP][PASSED] - txaContent = "testing": null

2023-07-14 14:56:16 - [TEST_STEP][PASSED] - setText(findTestObject("Object Repository/FAQS/Add FAQ Success/p"), txaContent): Text 'testing' is set on object 'Object Repository/FAQS/Add FAQ Success/p'

2023-07-14 14:56:17 - [MESSAGE][PASSED] - Text 'testing' is set on object 'Object Repository/FAQS/Add FAQ Success/p'

2023-07-14 14:56:17 - [TEST_STEP][PASSED] - input_Value = getAttribute(findTestObject("Object Repository/FAQS/Add FAQ Success/p"), "value"): Attribute 'value' of object 'Object Repository/FAQS/Add FAQ Success/p' is: 'null'

2023-07-14 14:56:18 - [MESSAGE][PASSED] - Attribute 'value' of object 'Object Repository/FAQS/Add FAQ Success/p' is: 'null'

2023-07-14 14:56:18 - [TEST_STEP][PASSED] - click(findTestObject("Object Repository/FAQS/Add FAQ Success/button_Submit")): Object: 'Object Repository/FAQS/Add FAQ Success/button_Submit' is clicked on

2023-07-14 14:56:18 - [MESSAGE][PASSED] - Object: 'Object Repository/FAQS/Add FAQ Success/button_Submit' is clicked on

2023-07-14 14:56:18 - [TEST_STEP][PASSED] - closeBrowser(): Browser is closed

2023-07-14 14:56:19 - [MESSAGE][PASSED] - Browser is closed]]></system-out>
         <system-err><![CDATA[]]></system-err>
      </testcase>
      <testcase name="Test Cases/FAQS/Failed/Add Failed" time="6.459" classname="Test Cases/FAQS/Failed/Add Failed" status="FAILED">
         <failure type="FAILED" message="Test Cases/FAQS/Failed/Add Failed FAILED.
Reason:
com.kms.katalon.core.exception.StepFailedException: Unable to click on object 'Object Repository/FAQS/Add FAQ Failed/span_New FAQ'
	at com.kms.katalon.core.webui.keyword.internal.WebUIKeywordMain.stepFailed(WebUIKeywordMain.groovy:64)
	at com.kms.katalon.core.webui.keyword.internal.WebUIKeywordMain.runKeyword(WebUIKeywordMain.groovy:26)
	at com.kms.katalon.core.webui.keyword.builtin.ClickKeyword.click(ClickKeyword.groovy:74)
	at com.kms.katalon.core.webui.keyword.builtin.ClickKeyword.execute(ClickKeyword.groovy:40)
	at com.kms.katalon.core.keyword.internal.KeywordExecutor.executeKeywordForPlatform(KeywordExecutor.groovy:74)
	at com.kms.katalon.core.webui.keyword.WebUiBuiltInKeywords.click(WebUiBuiltInKeywords.groovy:620)
	at com.kms.katalon.core.webui.keyword.WebUiBuiltInKeywords$click$4.call(Unknown Source)
	at Add Failed.run(Add Failed:42)
	at com.kms.katalon.core.main.ScriptEngine.run(ScriptEngine.java:194)
	at com.kms.katalon.core.main.ScriptEngine.runScriptAsRawText(ScriptEngine.java:119)
	at com.kms.katalon.core.main.TestCaseExecutor.runScript(TestCaseExecutor.java:448)
	at com.kms.katalon.core.main.TestCaseExecutor.doExecute(TestCaseExecutor.java:439)
	at com.kms.katalon.core.main.TestCaseExecutor.processExecutionPhase(TestCaseExecutor.java:418)
	at com.kms.katalon.core.main.TestCaseExecutor.accessMainPhase(TestCaseExecutor.java:410)
	at com.kms.katalon.core.main.TestCaseExecutor.execute(TestCaseExecutor.java:285)
	at com.kms.katalon.core.common.CommonExecutor.accessTestCaseMainPhase(CommonExecutor.java:65)
	at com.kms.katalon.core.main.TestSuiteExecutor.accessTestSuiteMainPhase(TestSuiteExecutor.java:148)
	at com.kms.katalon.core.main.TestSuiteExecutor.execute(TestSuiteExecutor.java:106)
	at com.kms.katalon.core.main.TestCaseMain.startTestSuite(TestCaseMain.java:187)
	at com.kms.katalon.core.main.TestCaseMain$startTestSuite$0.call(Unknown Source)
	at TempTestSuite1689321295830.run(TempTestSuite1689321295830.groovy:36)
Caused by: org.openqa.selenium.NoSuchWindowException: no such window: target window already closed
from unknown error: web view not found
  (Session info: chrome=114.0.5735.199)
Build info: version: '3.141.59', revision: 'e82be7d358', time: '2018-11-14T08:25:53'
System info: host: 'KPO-BLICICIL', ip: '192.168.16.53', os.name: 'Windows 10', os.arch: 'amd64', os.version: '10.0', java.version: '1.8.0_282'
Driver info: com.kms.katalon.selenium.driver.CChromeDriver
Capabilities {acceptInsecureCerts: false, browserName: chrome, browserVersion: 114.0.5735.199, chrome: {chromedriverVersion: 114.0.5735.90 (386bc09e8f4f..., userDataDir: C:\WINDOWS\SystemTemp\scope...}, goog:chromeOptions: {debuggerAddress: localhost:56559}, javascriptEnabled: true, networkConnectionEnabled: false, pageLoadStrategy: normal, platform: WINDOWS, platformName: WINDOWS, proxy: Proxy(), setWindowRect: true, strictFileInteractability: false, timeouts: {implicit: 0, pageLoad: 300000, script: 30000}, unhandledPromptBehavior: dismiss and notify, webauthn:extension:credBlob: true, webauthn:extension:largeBlob: true, webauthn:extension:minPinLength: true, webauthn:extension:prf: true, webauthn:virtualAuthenticators: true}
Session ID: c810a44ff548e30e2e9544892e0cc1e7
*** Element info: {Using=xpath, value=//section[@id='complex-header-datatable']/div/div/div/div/div[2]/a/span}
	at org.openqa.selenium.remote.http.W3CHttpResponseCodec.createException(W3CHttpResponseCodec.java:187)
	at org.openqa.selenium.remote.http.W3CHttpResponseCodec.decode(W3CHttpResponseCodec.java:122)
	at org.openqa.selenium.remote.http.W3CHttpResponseCodec.decode(W3CHttpResponseCodec.java:49)
	at org.openqa.selenium.remote.HttpCommandExecutor.execute(HttpCommandExecutor.java:158)
	at org.openqa.selenium.remote.service.DriverCommandExecutor.execute(DriverCommandExecutor.java:83)
	at org.openqa.selenium.remote.RemoteWebDriver.execute(RemoteWebDriver.java:552)
	at com.kms.katalon.selenium.driver.CChromeDriver.execute(CChromeDriver.java:19)
	at org.openqa.selenium.remote.RemoteWebDriver.findElements(RemoteWebDriver.java:353)
	at org.openqa.selenium.remote.RemoteWebDriver.findElementsByXPath(RemoteWebDriver.java:432)
	at org.openqa.selenium.By$ByXPath.findElements(By.java:348)
	at org.openqa.selenium.remote.RemoteWebDriver.findElements(RemoteWebDriver.java:311)
	at org.openqa.selenium.support.events.EventFiringWebDriver.lambda$new$1(EventFiringWebDriver.java:105)
	at com.sun.proxy.$Proxy10.findElements(Unknown Source)
	at org.openqa.selenium.support.events.EventFiringWebDriver.findElements(EventFiringWebDriver.java:182)
	at com.kms.katalon.core.webui.common.WebUiCommonHelper.findElementByNormalMethods(WebUiCommonHelper.java:1022)
	at com.kms.katalon.core.webui.common.WebUiCommonHelper.findElementsBySelectedMethod(WebUiCommonHelper.java:912)
	at com.kms.katalon.core.webui.common.WebUiCommonHelper.findElementsBySelectedMethod(WebUiCommonHelper.java:894)
	at com.kms.katalon.core.webui.common.WebUiCommonHelper.findElementsBySelectedMethod(WebUiCommonHelper.java:889)
	at com.kms.katalon.core.webui.common.WebUiCommonHelper.findElementsByDefault(WebUiCommonHelper.java:885)
	at com.kms.katalon.core.webui.common.WebUiCommonHelper.findWebElements(WebUiCommonHelper.java:720)
	at com.kms.katalon.core.webui.common.WebUiCommonHelper.findWebElement(WebUiCommonHelper.java:1371)
	at com.kms.katalon.core.webui.keyword.internal.WebUIAbstractKeyword.findWebElement(WebUIAbstractKeyword.groovy:27)
	at com.kms.katalon.core.webui.keyword.builtin.ClickKeyword$_click_closure1.doCall(ClickKeyword.groovy:65)
	at com.kms.katalon.core.webui.keyword.builtin.ClickKeyword$_click_closure1.call(ClickKeyword.groovy)
	at com.kms.katalon.core.webui.keyword.internal.WebUIKeywordMain.runKeyword(WebUIKeywordMain.groovy:20)
	... 19 more
"/>
         <system-out><![CDATA[2023-07-14 14:56:19 - [TEST_CASE][FAILED] - Test Cases/FAQS/Failed/Add Failed: Test Cases/FAQS/Failed/Add Failed FAILED.
Reason:
com.kms.katalon.core.exception.StepFailedException: Unable to click on object 'Object Repository/FAQS/Add FAQ Failed/span_New FAQ'
	at com.kms.katalon.core.webui.keyword.internal.WebUIKeywordMain.stepFailed(WebUIKeywordMain.groovy:64)
	at com.kms.katalon.core.webui.keyword.internal.WebUIKeywordMain.runKeyword(WebUIKeywordMain.groovy:26)
	at com.kms.katalon.core.webui.keyword.builtin.ClickKeyword.click(ClickKeyword.groovy:74)
	at com.kms.katalon.core.webui.keyword.builtin.ClickKeyword.execute(ClickKeyword.groovy:40)
	at com.kms.katalon.core.keyword.internal.KeywordExecutor.executeKeywordForPlatform(KeywordExecutor.groovy:74)
	at com.kms.katalon.core.webui.keyword.WebUiBuiltInKeywords.click(WebUiBuiltInKeywords.groovy:620)
	at com.kms.katalon.core.webui.keyword.WebUiBuiltInKeywords$click$4.call(Unknown Source)
	at Add Failed.run(Add Failed:42)
	at com.kms.katalon.core.main.ScriptEngine.run(ScriptEngine.java:194)
	at com.kms.katalon.core.main.ScriptEngine.runScriptAsRawText(ScriptEngine.java:119)
	at com.kms.katalon.core.main.TestCaseExecutor.runScript(TestCaseExecutor.java:448)
	at com.kms.katalon.core.main.TestCaseExecutor.doExecute(TestCaseExecutor.java:439)
	at com.kms.katalon.core.main.TestCaseExecutor.processExecutionPhase(TestCaseExecutor.java:418)
	at com.kms.katalon.core.main.TestCaseExecutor.accessMainPhase(TestCaseExecutor.java:410)
	at com.kms.katalon.core.main.TestCaseExecutor.execute(TestCaseExecutor.java:285)
	at com.kms.katalon.core.common.CommonExecutor.accessTestCaseMainPhase(CommonExecutor.java:65)
	at com.kms.katalon.core.main.TestSuiteExecutor.accessTestSuiteMainPhase(TestSuiteExecutor.java:148)
	at com.kms.katalon.core.main.TestSuiteExecutor.execute(TestSuiteExecutor.java:106)
	at com.kms.katalon.core.main.TestCaseMain.startTestSuite(TestCaseMain.java:187)
	at com.kms.katalon.core.main.TestCaseMain$startTestSuite$0.call(Unknown Source)
	at TempTestSuite1689321295830.run(TempTestSuite1689321295830.groovy:36)
Caused by: org.openqa.selenium.NoSuchWindowException: no such window: target window already closed
from unknown error: web view not found
  (Session info: chrome=114.0.5735.199)
Build info: version: '3.141.59', revision: 'e82be7d358', time: '2018-11-14T08:25:53'
System info: host: 'KPO-BLICICIL', ip: '192.168.16.53', os.name: 'Windows 10', os.arch: 'amd64', os.version: '10.0', java.version: '1.8.0_282'
Driver info: com.kms.katalon.selenium.driver.CChromeDriver
Capabilities {acceptInsecureCerts: false, browserName: chrome, browserVersion: 114.0.5735.199, chrome: {chromedriverVersion: 114.0.5735.90 (386bc09e8f4f..., userDataDir: C:\WINDOWS\SystemTemp\scope...}, goog:chromeOptions: {debuggerAddress: localhost:56559}, javascriptEnabled: true, networkConnectionEnabled: false, pageLoadStrategy: normal, platform: WINDOWS, platformName: WINDOWS, proxy: Proxy(), setWindowRect: true, strictFileInteractability: false, timeouts: {implicit: 0, pageLoad: 300000, script: 30000}, unhandledPromptBehavior: dismiss and notify, webauthn:extension:credBlob: true, webauthn:extension:largeBlob: true, webauthn:extension:minPinLength: true, webauthn:extension:prf: true, webauthn:virtualAuthenticators: true}
Session ID: c810a44ff548e30e2e9544892e0cc1e7
*** Element info: {Using=xpath, value=//section[@id='complex-header-datatable']/div/div/div/div/div[2]/a/span}
	at org.openqa.selenium.remote.http.W3CHttpResponseCodec.createException(W3CHttpResponseCodec.java:187)
	at org.openqa.selenium.remote.http.W3CHttpResponseCodec.decode(W3CHttpResponseCodec.java:122)
	at org.openqa.selenium.remote.http.W3CHttpResponseCodec.decode(W3CHttpResponseCodec.java:49)
	at org.openqa.selenium.remote.HttpCommandExecutor.execute(HttpCommandExecutor.java:158)
	at org.openqa.selenium.remote.service.DriverCommandExecutor.execute(DriverCommandExecutor.java:83)
	at org.openqa.selenium.remote.RemoteWebDriver.execute(RemoteWebDriver.java:552)
	at com.kms.katalon.selenium.driver.CChromeDriver.execute(CChromeDriver.java:19)
	at org.openqa.selenium.remote.RemoteWebDriver.findElements(RemoteWebDriver.java:353)
	at org.openqa.selenium.remote.RemoteWebDriver.findElementsByXPath(RemoteWebDriver.java:432)
	at org.openqa.selenium.By$ByXPath.findElements(By.java:348)
	at org.openqa.selenium.remote.RemoteWebDriver.findElements(RemoteWebDriver.java:311)
	at org.openqa.selenium.support.events.EventFiringWebDriver.lambda$new$1(EventFiringWebDriver.java:105)
	at com.sun.proxy.$Proxy10.findElements(Unknown Source)
	at org.openqa.selenium.support.events.EventFiringWebDriver.findElements(EventFiringWebDriver.java:182)
	at com.kms.katalon.core.webui.common.WebUiCommonHelper.findElementByNormalMethods(WebUiCommonHelper.java:1022)
	at com.kms.katalon.core.webui.common.WebUiCommonHelper.findElementsBySelectedMethod(WebUiCommonHelper.java:912)
	at com.kms.katalon.core.webui.common.WebUiCommonHelper.findElementsBySelectedMethod(WebUiCommonHelper.java:894)
	at com.kms.katalon.core.webui.common.WebUiCommonHelper.findElementsBySelectedMethod(WebUiCommonHelper.java:889)
	at com.kms.katalon.core.webui.common.WebUiCommonHelper.findElementsByDefault(WebUiCommonHelper.java:885)
	at com.kms.katalon.core.webui.common.WebUiCommonHelper.findWebElements(WebUiCommonHelper.java:720)
	at com.kms.katalon.core.webui.common.WebUiCommonHelper.findWebElement(WebUiCommonHelper.java:1371)
	at com.kms.katalon.core.webui.keyword.internal.WebUIAbstractKeyword.findWebElement(WebUIAbstractKeyword.groovy:27)
	at com.kms.katalon.core.webui.keyword.builtin.ClickKeyword$_click_closure1.doCall(ClickKeyword.groovy:65)
	at com.kms.katalon.core.webui.keyword.builtin.ClickKeyword$_click_closure1.call(ClickKeyword.groovy)
	at com.kms.katalon.core.webui.keyword.internal.WebUIKeywordMain.runKeyword(WebUIKeywordMain.groovy:20)
	... 19 more


2023-07-14 14:56:19 - [TEST_STEP][PASSED] - openBrowser(""): Browser is opened with url: ''

2023-07-14 14:56:19 - [MESSAGE][INFO] - Starting 'Chrome' driver

2023-07-14 14:56:19 - [MESSAGE][INFO] - User set preference: ['args', '[--start-maximized]']

2023-07-14 14:56:19 - [MESSAGE][INFO] - Action delay is set to 0 milliseconds

2023-07-14 14:56:21 - [MESSAGE][PASSED] - Browser is opened with url: ''

2023-07-14 14:56:21 - [TEST_STEP][PASSED] - maximizeWindow(): Current window maximized

2023-07-14 14:56:21 - [MESSAGE][PASSED] - Current window maximized

2023-07-14 14:56:21 - [TEST_STEP][PASSED] - navigateToUrl("https://uat-dashboard.blicicil.com/auth/login"): Navigate to 'https://uat-dashboard.blicicil.com/auth/login' successfully

2023-07-14 14:56:22 - [MESSAGE][PASSED] - Navigate to 'https://uat-dashboard.blicicil.com/auth/login' successfully

2023-07-14 14:56:22 - [TEST_STEP][PASSED] - setText(findTestObject("Object Repository/FAQS/Add FAQ Failed/input_Email_email"), "eva.mayadila@megafinance.co.id"): Text 'eva.mayadila@megafinance.co.id' is set on object 'Object Repository/FAQS/Add FAQ Failed/input_Email_email'

2023-07-14 14:56:23 - [MESSAGE][PASSED] - Text 'eva.mayadila@megafinance.co.id' is set on object 'Object Repository/FAQS/Add FAQ Failed/input_Email_email'

2023-07-14 14:56:23 - [TEST_STEP][PASSED] - setEncryptedText(findTestObject("Object Repository/FAQS/Add FAQ Failed/input_Password_password"), "aeHFOx8jV/A="): Text ****** has been set on object 'Object Repository/FAQS/Add FAQ Failed/input_Password_password'

2023-07-14 14:56:23 - [MESSAGE][PASSED] - Text ****** has been set on object 'Object Repository/FAQS/Add FAQ Failed/input_Password_password'

2023-07-14 14:56:23 - [TEST_STEP][PASSED] - click(findTestObject("Object Repository/FAQS/Add FAQ Failed/button_Login")): Object: 'Object Repository/FAQS/Add FAQ Failed/button_Login' is clicked on

2023-07-14 14:56:23 - [MESSAGE][PASSED] - Object: 'Object Repository/FAQS/Add FAQ Failed/button_Login' is clicked on

2023-07-14 14:56:23 - [TEST_STEP][PASSED] - click(findTestObject("Object Repository/FAQS/Add FAQ Failed/a_FAQ")): Object: 'Object Repository/FAQS/Add FAQ Failed/a_FAQ' is clicked on

2023-07-14 14:56:25 - [MESSAGE][PASSED] - Object: 'Object Repository/FAQS/Add FAQ Failed/a_FAQ' is clicked on

2023-07-14 14:56:25 - [TEST_STEP][FAILED] - click(findTestObject("FAQS/Add FAQ Failed/span_New FAQ")): Unable to click on object 'Object Repository/FAQS/Add FAQ Failed/span_New FAQ' (Root cause: com.kms.katalon.core.exception.StepFailedException: Unable to click on object 'Object Repository/FAQS/Add FAQ Failed/span_New FAQ'
	at com.kms.katalon.core.webui.keyword.internal.WebUIKeywordMain.stepFailed(WebUIKeywordMain.groovy:64)
	at com.kms.katalon.core.webui.keyword.internal.WebUIKeywordMain.runKeyword(WebUIKeywordMain.groovy:26)
	at com.kms.katalon.core.webui.keyword.builtin.ClickKeyword.click(ClickKeyword.groovy:74)
	at com.kms.katalon.core.webui.keyword.builtin.ClickKeyword.execute(ClickKeyword.groovy:40)
	at com.kms.katalon.core.keyword.internal.KeywordExecutor.executeKeywordForPlatform(KeywordExecutor.groovy:74)
	at com.kms.katalon.core.webui.keyword.WebUiBuiltInKeywords.click(WebUiBuiltInKeywords.groovy:620)
	at com.kms.katalon.core.webui.keyword.WebUiBuiltInKeywords$click$4.call(Unknown Source)
	at Add Failed.run(Add Failed:42)
	at com.kms.katalon.core.main.ScriptEngine.run(ScriptEngine.java:194)
	at com.kms.katalon.core.main.ScriptEngine.runScriptAsRawText(ScriptEngine.java:119)
	at com.kms.katalon.core.main.TestCaseExecutor.runScript(TestCaseExecutor.java:448)
	at com.kms.katalon.core.main.TestCaseExecutor.doExecute(TestCaseExecutor.java:439)
	at com.kms.katalon.core.main.TestCaseExecutor.processExecutionPhase(TestCaseExecutor.java:418)
	at com.kms.katalon.core.main.TestCaseExecutor.accessMainPhase(TestCaseExecutor.java:410)
	at com.kms.katalon.core.main.TestCaseExecutor.execute(TestCaseExecutor.java:285)
	at com.kms.katalon.core.common.CommonExecutor.accessTestCaseMainPhase(CommonExecutor.java:65)
	at com.kms.katalon.core.main.TestSuiteExecutor.accessTestSuiteMainPhase(TestSuiteExecutor.java:148)
	at com.kms.katalon.core.main.TestSuiteExecutor.execute(TestSuiteExecutor.java:106)
	at com.kms.katalon.core.main.TestCaseMain.startTestSuite(TestCaseMain.java:187)
	at com.kms.katalon.core.main.TestCaseMain$startTestSuite$0.call(Unknown Source)
	at TempTestSuite1689321295830.run(TempTestSuite1689321295830.groovy:36)
Caused by: org.openqa.selenium.NoSuchWindowException: no such window: target window already closed
from unknown error: web view not found
  (Session info: chrome=114.0.5735.199)
Build info: version: '3.141.59', revision: 'e82be7d358', time: '2018-11-14T08:25:53'
System info: host: 'KPO-BLICICIL', ip: '192.168.16.53', os.name: 'Windows 10', os.arch: 'amd64', os.version: '10.0', java.version: '1.8.0_282'
Driver info: com.kms.katalon.selenium.driver.CChromeDriver
Capabilities {acceptInsecureCerts: false, browserName: chrome, browserVersion: 114.0.5735.199, chrome: {chromedriverVersion: 114.0.5735.90 (386bc09e8f4f..., userDataDir: C:\WINDOWS\SystemTemp\scope...}, goog:chromeOptions: {debuggerAddress: localhost:56559}, javascriptEnabled: true, networkConnectionEnabled: false, pageLoadStrategy: normal, platform: WINDOWS, platformName: WINDOWS, proxy: Proxy(), setWindowRect: true, strictFileInteractability: false, timeouts: {implicit: 0, pageLoad: 300000, script: 30000}, unhandledPromptBehavior: dismiss and notify, webauthn:extension:credBlob: true, webauthn:extension:largeBlob: true, webauthn:extension:minPinLength: true, webauthn:extension:prf: true, webauthn:virtualAuthenticators: true}
Session ID: c810a44ff548e30e2e9544892e0cc1e7
*** Element info: {Using=xpath, value=//section[@id='complex-header-datatable']/div/div/div/div/div[2]/a/span}
	at org.openqa.selenium.remote.http.W3CHttpResponseCodec.createException(W3CHttpResponseCodec.java:187)
	at org.openqa.selenium.remote.http.W3CHttpResponseCodec.decode(W3CHttpResponseCodec.java:122)
	at org.openqa.selenium.remote.http.W3CHttpResponseCodec.decode(W3CHttpResponseCodec.java:49)
	at org.openqa.selenium.remote.HttpCommandExecutor.execute(HttpCommandExecutor.java:158)
	at org.openqa.selenium.remote.service.DriverCommandExecutor.execute(DriverCommandExecutor.java:83)
	at org.openqa.selenium.remote.RemoteWebDriver.execute(RemoteWebDriver.java:552)
	at com.kms.katalon.selenium.driver.CChromeDriver.execute(CChromeDriver.java:19)
	at org.openqa.selenium.remote.RemoteWebDriver.findElements(RemoteWebDriver.java:353)
	at org.openqa.selenium.remote.RemoteWebDriver.findElementsByXPath(RemoteWebDriver.java:432)
	at org.openqa.selenium.By$ByXPath.findElements(By.java:348)
	at org.openqa.selenium.remote.RemoteWebDriver.findElements(RemoteWebDriver.java:311)
	at org.openqa.selenium.support.events.EventFiringWebDriver.lambda$new$1(EventFiringWebDriver.java:105)
	at com.sun.proxy.$Proxy10.findElements(Unknown Source)
	at org.openqa.selenium.support.events.EventFiringWebDriver.findElements(EventFiringWebDriver.java:182)
	at com.kms.katalon.core.webui.common.WebUiCommonHelper.findElementByNormalMethods(WebUiCommonHelper.java:1022)
	at com.kms.katalon.core.webui.common.WebUiCommonHelper.findElementsBySelectedMethod(WebUiCommonHelper.java:912)
	at com.kms.katalon.core.webui.common.WebUiCommonHelper.findElementsBySelectedMethod(WebUiCommonHelper.java:894)
	at com.kms.katalon.core.webui.common.WebUiCommonHelper.findElementsBySelectedMethod(WebUiCommonHelper.java:889)
	at com.kms.katalon.core.webui.common.WebUiCommonHelper.findElementsByDefault(WebUiCommonHelper.java:885)
	at com.kms.katalon.core.webui.common.WebUiCommonHelper.findWebElements(WebUiCommonHelper.java:720)
	at com.kms.katalon.core.webui.common.WebUiCommonHelper.findWebElement(WebUiCommonHelper.java:1371)
	at com.kms.katalon.core.webui.keyword.internal.WebUIAbstractKeyword.findWebElement(WebUIAbstractKeyword.groovy:27)
	at com.kms.katalon.core.webui.keyword.builtin.ClickKeyword$_click_closure1.doCall(ClickKeyword.groovy:65)
	at com.kms.katalon.core.webui.keyword.builtin.ClickKeyword$_click_closure1.call(ClickKeyword.groovy)
	at com.kms.katalon.core.webui.keyword.internal.WebUIKeywordMain.runKeyword(WebUIKeywordMain.groovy:20)
	at com.kms.katalon.core.webui.keyword.builtin.ClickKeyword.click(ClickKeyword.groovy:74)
	at com.kms.katalon.core.webui.keyword.builtin.ClickKeyword.execute(ClickKeyword.groovy:40)
	at com.kms.katalon.core.keyword.internal.KeywordExecutor.executeKeywordForPlatform(KeywordExecutor.groovy:74)
	at com.kms.katalon.core.webui.keyword.WebUiBuiltInKeywords.click(WebUiBuiltInKeywords.groovy:620)
	at com.kms.katalon.core.webui.keyword.WebUiBuiltInKeywords$click$4.call(Unknown Source)
	at Script1689319811978.run(Script1689319811978.groovy:42)
	... 13 more
)

2023-07-14 14:56:26 - [MESSAGE][WARNING] - Cannot take screenshot

2023-07-14 14:56:26 - [MESSAGE][FAILED] - Unable to click on object 'Object Repository/FAQS/Add FAQ Failed/span_New FAQ' (Root cause: com.kms.katalon.core.exception.StepFailedException: Unable to click on object 'Object Repository/FAQS/Add FAQ Failed/span_New FAQ'
	at com.kms.katalon.core.webui.keyword.internal.WebUIKeywordMain.stepFailed(WebUIKeywordMain.groovy:64)
	at com.kms.katalon.core.webui.keyword.internal.WebUIKeywordMain.runKeyword(WebUIKeywordMain.groovy:26)
	at com.kms.katalon.core.webui.keyword.builtin.ClickKeyword.click(ClickKeyword.groovy:74)
	at com.kms.katalon.core.webui.keyword.builtin.ClickKeyword.execute(ClickKeyword.groovy:40)
	at com.kms.katalon.core.keyword.internal.KeywordExecutor.executeKeywordForPlatform(KeywordExecutor.groovy:74)
	at com.kms.katalon.core.webui.keyword.WebUiBuiltInKeywords.click(WebUiBuiltInKeywords.groovy:620)
	at com.kms.katalon.core.webui.keyword.WebUiBuiltInKeywords$click$4.call(Unknown Source)
	at Add Failed.run(Add Failed:42)
	at com.kms.katalon.core.main.ScriptEngine.run(ScriptEngine.java:194)
	at com.kms.katalon.core.main.ScriptEngine.runScriptAsRawText(ScriptEngine.java:119)
	at com.kms.katalon.core.main.TestCaseExecutor.runScript(TestCaseExecutor.java:448)
	at com.kms.katalon.core.main.TestCaseExecutor.doExecute(TestCaseExecutor.java:439)
	at com.kms.katalon.core.main.TestCaseExecutor.processExecutionPhase(TestCaseExecutor.java:418)
	at com.kms.katalon.core.main.TestCaseExecutor.accessMainPhase(TestCaseExecutor.java:410)
	at com.kms.katalon.core.main.TestCaseExecutor.execute(TestCaseExecutor.java:285)
	at com.kms.katalon.core.common.CommonExecutor.accessTestCaseMainPhase(CommonExecutor.java:65)
	at com.kms.katalon.core.main.TestSuiteExecutor.accessTestSuiteMainPhase(TestSuiteExecutor.java:148)
	at com.kms.katalon.core.main.TestSuiteExecutor.execute(TestSuiteExecutor.java:106)
	at com.kms.katalon.core.main.TestCaseMain.startTestSuite(TestCaseMain.java:187)
	at com.kms.katalon.core.main.TestCaseMain$startTestSuite$0.call(Unknown Source)
	at TempTestSuite1689321295830.run(TempTestSuite1689321295830.groovy:36)
Caused by: org.openqa.selenium.NoSuchWindowException: no such window: target window already closed
from unknown error: web view not found
  (Session info: chrome=114.0.5735.199)
Build info: version: '3.141.59', revision: 'e82be7d358', time: '2018-11-14T08:25:53'
System info: host: 'KPO-BLICICIL', ip: '192.168.16.53', os.name: 'Windows 10', os.arch: 'amd64', os.version: '10.0', java.version: '1.8.0_282'
Driver info: com.kms.katalon.selenium.driver.CChromeDriver
Capabilities {acceptInsecureCerts: false, browserName: chrome, browserVersion: 114.0.5735.199, chrome: {chromedriverVersion: 114.0.5735.90 (386bc09e8f4f..., userDataDir: C:\WINDOWS\SystemTemp\scope...}, goog:chromeOptions: {debuggerAddress: localhost:56559}, javascriptEnabled: true, networkConnectionEnabled: false, pageLoadStrategy: normal, platform: WINDOWS, platformName: WINDOWS, proxy: Proxy(), setWindowRect: true, strictFileInteractability: false, timeouts: {implicit: 0, pageLoad: 300000, script: 30000}, unhandledPromptBehavior: dismiss and notify, webauthn:extension:credBlob: true, webauthn:extension:largeBlob: true, webauthn:extension:minPinLength: true, webauthn:extension:prf: true, webauthn:virtualAuthenticators: true}
Session ID: c810a44ff548e30e2e9544892e0cc1e7
*** Element info: {Using=xpath, value=//section[@id='complex-header-datatable']/div/div/div/div/div[2]/a/span}
	at org.openqa.selenium.remote.http.W3CHttpResponseCodec.createException(W3CHttpResponseCodec.java:187)
	at org.openqa.selenium.remote.http.W3CHttpResponseCodec.decode(W3CHttpResponseCodec.java:122)
	at org.openqa.selenium.remote.http.W3CHttpResponseCodec.decode(W3CHttpResponseCodec.java:49)
	at org.openqa.selenium.remote.HttpCommandExecutor.execute(HttpCommandExecutor.java:158)
	at org.openqa.selenium.remote.service.DriverCommandExecutor.execute(DriverCommandExecutor.java:83)
	at org.openqa.selenium.remote.RemoteWebDriver.execute(RemoteWebDriver.java:552)
	at com.kms.katalon.selenium.driver.CChromeDriver.execute(CChromeDriver.java:19)
	at org.openqa.selenium.remote.RemoteWebDriver.findElements(RemoteWebDriver.java:353)
	at org.openqa.selenium.remote.RemoteWebDriver.findElementsByXPath(RemoteWebDriver.java:432)
	at org.openqa.selenium.By$ByXPath.findElements(By.java:348)
	at org.openqa.selenium.remote.RemoteWebDriver.findElements(RemoteWebDriver.java:311)
	at org.openqa.selenium.support.events.EventFiringWebDriver.lambda$new$1(EventFiringWebDriver.java:105)
	at com.sun.proxy.$Proxy10.findElements(Unknown Source)
	at org.openqa.selenium.support.events.EventFiringWebDriver.findElements(EventFiringWebDriver.java:182)
	at com.kms.katalon.core.webui.common.WebUiCommonHelper.findElementByNormalMethods(WebUiCommonHelper.java:1022)
	at com.kms.katalon.core.webui.common.WebUiCommonHelper.findElementsBySelectedMethod(WebUiCommonHelper.java:912)
	at com.kms.katalon.core.webui.common.WebUiCommonHelper.findElementsBySelectedMethod(WebUiCommonHelper.java:894)
	at com.kms.katalon.core.webui.common.WebUiCommonHelper.findElementsBySelectedMethod(WebUiCommonHelper.java:889)
	at com.kms.katalon.core.webui.common.WebUiCommonHelper.findElementsByDefault(WebUiCommonHelper.java:885)
	at com.kms.katalon.core.webui.common.WebUiCommonHelper.findWebElements(WebUiCommonHelper.java:720)
	at com.kms.katalon.core.webui.common.WebUiCommonHelper.findWebElement(WebUiCommonHelper.java:1371)
	at com.kms.katalon.core.webui.keyword.internal.WebUIAbstractKeyword.findWebElement(WebUIAbstractKeyword.groovy:27)
	at com.kms.katalon.core.webui.keyword.builtin.ClickKeyword$_click_closure1.doCall(ClickKeyword.groovy:65)
	at com.kms.katalon.core.webui.keyword.builtin.ClickKeyword$_click_closure1.call(ClickKeyword.groovy)
	at com.kms.katalon.core.webui.keyword.internal.WebUIKeywordMain.runKeyword(WebUIKeywordMain.groovy:20)
	at com.kms.katalon.core.webui.keyword.builtin.ClickKeyword.click(ClickKeyword.groovy:74)
	at com.kms.katalon.core.webui.keyword.builtin.ClickKeyword.execute(ClickKeyword.groovy:40)
	at com.kms.katalon.core.keyword.internal.KeywordExecutor.executeKeywordForPlatform(KeywordExecutor.groovy:74)
	at com.kms.katalon.core.webui.keyword.WebUiBuiltInKeywords.click(WebUiBuiltInKeywords.groovy:620)
	at com.kms.katalon.core.webui.keyword.WebUiBuiltInKeywords$click$4.call(Unknown Source)
	at Script1689319811978.run(Script1689319811978.groovy:42)
	... 13 more
)]]></system-out>
         <system-err><![CDATA[2023-07-14 14:56:19 - [TEST_CASE][FAILED] - Test Cases/FAQS/Failed/Add Failed: Test Cases/FAQS/Failed/Add Failed FAILED.
Reason:
com.kms.katalon.core.exception.StepFailedException: Unable to click on object 'Object Repository/FAQS/Add FAQ Failed/span_New FAQ'
	at com.kms.katalon.core.webui.keyword.internal.WebUIKeywordMain.stepFailed(WebUIKeywordMain.groovy:64)
	at com.kms.katalon.core.webui.keyword.internal.WebUIKeywordMain.runKeyword(WebUIKeywordMain.groovy:26)
	at com.kms.katalon.core.webui.keyword.builtin.ClickKeyword.click(ClickKeyword.groovy:74)
	at com.kms.katalon.core.webui.keyword.builtin.ClickKeyword.execute(ClickKeyword.groovy:40)
	at com.kms.katalon.core.keyword.internal.KeywordExecutor.executeKeywordForPlatform(KeywordExecutor.groovy:74)
	at com.kms.katalon.core.webui.keyword.WebUiBuiltInKeywords.click(WebUiBuiltInKeywords.groovy:620)
	at com.kms.katalon.core.webui.keyword.WebUiBuiltInKeywords$click$4.call(Unknown Source)
	at Add Failed.run(Add Failed:42)
	at com.kms.katalon.core.main.ScriptEngine.run(ScriptEngine.java:194)
	at com.kms.katalon.core.main.ScriptEngine.runScriptAsRawText(ScriptEngine.java:119)
	at com.kms.katalon.core.main.TestCaseExecutor.runScript(TestCaseExecutor.java:448)
	at com.kms.katalon.core.main.TestCaseExecutor.doExecute(TestCaseExecutor.java:439)
	at com.kms.katalon.core.main.TestCaseExecutor.processExecutionPhase(TestCaseExecutor.java:418)
	at com.kms.katalon.core.main.TestCaseExecutor.accessMainPhase(TestCaseExecutor.java:410)
	at com.kms.katalon.core.main.TestCaseExecutor.execute(TestCaseExecutor.java:285)
	at com.kms.katalon.core.common.CommonExecutor.accessTestCaseMainPhase(CommonExecutor.java:65)
	at com.kms.katalon.core.main.TestSuiteExecutor.accessTestSuiteMainPhase(TestSuiteExecutor.java:148)
	at com.kms.katalon.core.main.TestSuiteExecutor.execute(TestSuiteExecutor.java:106)
	at com.kms.katalon.core.main.TestCaseMain.startTestSuite(TestCaseMain.java:187)
	at com.kms.katalon.core.main.TestCaseMain$startTestSuite$0.call(Unknown Source)
	at TempTestSuite1689321295830.run(TempTestSuite1689321295830.groovy:36)
Caused by: org.openqa.selenium.NoSuchWindowException: no such window: target window already closed
from unknown error: web view not found
  (Session info: chrome=114.0.5735.199)
Build info: version: '3.141.59', revision: 'e82be7d358', time: '2018-11-14T08:25:53'
System info: host: 'KPO-BLICICIL', ip: '192.168.16.53', os.name: 'Windows 10', os.arch: 'amd64', os.version: '10.0', java.version: '1.8.0_282'
Driver info: com.kms.katalon.selenium.driver.CChromeDriver
Capabilities {acceptInsecureCerts: false, browserName: chrome, browserVersion: 114.0.5735.199, chrome: {chromedriverVersion: 114.0.5735.90 (386bc09e8f4f..., userDataDir: C:\WINDOWS\SystemTemp\scope...}, goog:chromeOptions: {debuggerAddress: localhost:56559}, javascriptEnabled: true, networkConnectionEnabled: false, pageLoadStrategy: normal, platform: WINDOWS, platformName: WINDOWS, proxy: Proxy(), setWindowRect: true, strictFileInteractability: false, timeouts: {implicit: 0, pageLoad: 300000, script: 30000}, unhandledPromptBehavior: dismiss and notify, webauthn:extension:credBlob: true, webauthn:extension:largeBlob: true, webauthn:extension:minPinLength: true, webauthn:extension:prf: true, webauthn:virtualAuthenticators: true}
Session ID: c810a44ff548e30e2e9544892e0cc1e7
*** Element info: {Using=xpath, value=//section[@id='complex-header-datatable']/div/div/div/div/div[2]/a/span}
	at org.openqa.selenium.remote.http.W3CHttpResponseCodec.createException(W3CHttpResponseCodec.java:187)
	at org.openqa.selenium.remote.http.W3CHttpResponseCodec.decode(W3CHttpResponseCodec.java:122)
	at org.openqa.selenium.remote.http.W3CHttpResponseCodec.decode(W3CHttpResponseCodec.java:49)
	at org.openqa.selenium.remote.HttpCommandExecutor.execute(HttpCommandExecutor.java:158)
	at org.openqa.selenium.remote.service.DriverCommandExecutor.execute(DriverCommandExecutor.java:83)
	at org.openqa.selenium.remote.RemoteWebDriver.execute(RemoteWebDriver.java:552)
	at com.kms.katalon.selenium.driver.CChromeDriver.execute(CChromeDriver.java:19)
	at org.openqa.selenium.remote.RemoteWebDriver.findElements(RemoteWebDriver.java:353)
	at org.openqa.selenium.remote.RemoteWebDriver.findElementsByXPath(RemoteWebDriver.java:432)
	at org.openqa.selenium.By$ByXPath.findElements(By.java:348)
	at org.openqa.selenium.remote.RemoteWebDriver.findElements(RemoteWebDriver.java:311)
	at org.openqa.selenium.support.events.EventFiringWebDriver.lambda$new$1(EventFiringWebDriver.java:105)
	at com.sun.proxy.$Proxy10.findElements(Unknown Source)
	at org.openqa.selenium.support.events.EventFiringWebDriver.findElements(EventFiringWebDriver.java:182)
	at com.kms.katalon.core.webui.common.WebUiCommonHelper.findElementByNormalMethods(WebUiCommonHelper.java:1022)
	at com.kms.katalon.core.webui.common.WebUiCommonHelper.findElementsBySelectedMethod(WebUiCommonHelper.java:912)
	at com.kms.katalon.core.webui.common.WebUiCommonHelper.findElementsBySelectedMethod(WebUiCommonHelper.java:894)
	at com.kms.katalon.core.webui.common.WebUiCommonHelper.findElementsBySelectedMethod(WebUiCommonHelper.java:889)
	at com.kms.katalon.core.webui.common.WebUiCommonHelper.findElementsByDefault(WebUiCommonHelper.java:885)
	at com.kms.katalon.core.webui.common.WebUiCommonHelper.findWebElements(WebUiCommonHelper.java:720)
	at com.kms.katalon.core.webui.common.WebUiCommonHelper.findWebElement(WebUiCommonHelper.java:1371)
	at com.kms.katalon.core.webui.keyword.internal.WebUIAbstractKeyword.findWebElement(WebUIAbstractKeyword.groovy:27)
	at com.kms.katalon.core.webui.keyword.builtin.ClickKeyword$_click_closure1.doCall(ClickKeyword.groovy:65)
	at com.kms.katalon.core.webui.keyword.builtin.ClickKeyword$_click_closure1.call(ClickKeyword.groovy)
	at com.kms.katalon.core.webui.keyword.internal.WebUIKeywordMain.runKeyword(WebUIKeywordMain.groovy:20)
	... 19 more]]></system-err>
      </testcase>
      <system-out><![CDATA[2023-07-14 14:54:57 - [TEST_SUITE][FAILED] - FAQ: Test Cases/FAQS/Success/Searching Success FAILED.
Reason:
com.kms.katalon.core.exception.StepFailedException: Unable to click on object 'Object Repository/FAQS/Searching Success/button_No'
	at com.kms.katalon.core.webui.keyword.internal.WebUIKeywordMain.stepFailed(WebUIKeywordMain.groovy:64)
	at com.kms.katalon.core.webui.keyword.internal.WebUIKeywordMain.runKeyword(WebUIKeywordMain.groovy:26)
	at com.kms.katalon.core.webui.keyword.builtin.ClickKeyword.click(ClickKeyword.groovy:74)
	at com.kms.katalon.core.webui.keyword.builtin.ClickKeyword.execute(ClickKeyword.groovy:40)
	at com.kms.katalon.core.keyword.internal.KeywordExecutor.executeKeywordForPlatform(KeywordExecutor.groovy:74)
	at com.kms.katalon.core.webui.keyword.WebUiBuiltInKeywords.click(WebUiBuiltInKeywords.groovy:620)
	at com.kms.katalon.core.webui.keyword.WebUiBuiltInKeywords$click$4.call(Unknown Source)
	at Searching Success.run(Searching Success:56)
	at com.kms.katalon.core.main.ScriptEngine.run(ScriptEngine.java:194)
	at com.kms.katalon.core.main.ScriptEngine.runScriptAsRawText(ScriptEngine.java:119)
	at com.kms.katalon.core.main.TestCaseExecutor.runScript(TestCaseExecutor.java:448)
	at com.kms.katalon.core.main.TestCaseExecutor.doExecute(TestCaseExecutor.java:439)
	at com.kms.katalon.core.main.TestCaseExecutor.processExecutionPhase(TestCaseExecutor.java:418)
	at com.kms.katalon.core.main.TestCaseExecutor.accessMainPhase(TestCaseExecutor.java:410)
	at com.kms.katalon.core.main.TestCaseExecutor.execute(TestCaseExecutor.java:285)
	at com.kms.katalon.core.common.CommonExecutor.accessTestCaseMainPhase(CommonExecutor.java:65)
	at com.kms.katalon.core.main.TestSuiteExecutor.accessTestSuiteMainPhase(TestSuiteExecutor.java:148)
	at com.kms.katalon.core.main.TestSuiteExecutor.execute(TestSuiteExecutor.java:106)
	at com.kms.katalon.core.main.TestCaseMain.startTestSuite(TestCaseMain.java:187)
	at com.kms.katalon.core.main.TestCaseMain$startTestSuite$0.call(Unknown Source)
	at TempTestSuite1689321295830.run(TempTestSuite1689321295830.groovy:36)
Caused by: com.kms.katalon.core.webui.exception.WebElementNotFoundException: Web element with id: 'Object Repository/FAQS/Searching Success/button_No' located by '(//button[@type='button'])[17]' not found
	at com.kms.katalon.core.webui.common.WebUiCommonHelper.findWebElement(WebUiCommonHelper.java:1376)
	at com.kms.katalon.core.webui.keyword.internal.WebUIAbstractKeyword.findWebElement(WebUIAbstractKeyword.groovy:27)
	at com.kms.katalon.core.webui.keyword.builtin.ClickKeyword$_click_closure1.doCall(ClickKeyword.groovy:65)
	at com.kms.katalon.core.webui.keyword.builtin.ClickKeyword$_click_closure1.call(ClickKeyword.groovy)
	at com.kms.katalon.core.webui.keyword.internal.WebUIKeywordMain.runKeyword(WebUIKeywordMain.groovy:20)
	... 19 more]]></system-out>
      <system-err><![CDATA[2023-07-14 14:54:57 - [TEST_SUITE][FAILED] - FAQ: Test Cases/FAQS/Success/Searching Success FAILED.
Reason:
com.kms.katalon.core.exception.StepFailedException: Unable to click on object 'Object Repository/FAQS/Searching Success/button_No'
	at com.kms.katalon.core.webui.keyword.internal.WebUIKeywordMain.stepFailed(WebUIKeywordMain.groovy:64)
	at com.kms.katalon.core.webui.keyword.internal.WebUIKeywordMain.runKeyword(WebUIKeywordMain.groovy:26)
	at com.kms.katalon.core.webui.keyword.builtin.ClickKeyword.click(ClickKeyword.groovy:74)
	at com.kms.katalon.core.webui.keyword.builtin.ClickKeyword.execute(ClickKeyword.groovy:40)
	at com.kms.katalon.core.keyword.internal.KeywordExecutor.executeKeywordForPlatform(KeywordExecutor.groovy:74)
	at com.kms.katalon.core.webui.keyword.WebUiBuiltInKeywords.click(WebUiBuiltInKeywords.groovy:620)
	at com.kms.katalon.core.webui.keyword.WebUiBuiltInKeywords$click$4.call(Unknown Source)
	at Searching Success.run(Searching Success:56)
	at com.kms.katalon.core.main.ScriptEngine.run(ScriptEngine.java:194)
	at com.kms.katalon.core.main.ScriptEngine.runScriptAsRawText(ScriptEngine.java:119)
	at com.kms.katalon.core.main.TestCaseExecutor.runScript(TestCaseExecutor.java:448)
	at com.kms.katalon.core.main.TestCaseExecutor.doExecute(TestCaseExecutor.java:439)
	at com.kms.katalon.core.main.TestCaseExecutor.processExecutionPhase(TestCaseExecutor.java:418)
	at com.kms.katalon.core.main.TestCaseExecutor.accessMainPhase(TestCaseExecutor.java:410)
	at com.kms.katalon.core.main.TestCaseExecutor.execute(TestCaseExecutor.java:285)
	at com.kms.katalon.core.common.CommonExecutor.accessTestCaseMainPhase(CommonExecutor.java:65)
	at com.kms.katalon.core.main.TestSuiteExecutor.accessTestSuiteMainPhase(TestSuiteExecutor.java:148)
	at com.kms.katalon.core.main.TestSuiteExecutor.execute(TestSuiteExecutor.java:106)
	at com.kms.katalon.core.main.TestCaseMain.startTestSuite(TestCaseMain.java:187)
	at com.kms.katalon.core.main.TestCaseMain$startTestSuite$0.call(Unknown Source)
	at TempTestSuite1689321295830.run(TempTestSuite1689321295830.groovy:36)
Caused by: com.kms.katalon.core.webui.exception.WebElementNotFoundException: Web element with id: 'Object Repository/FAQS/Searching Success/button_No' located by '(//button[@type='button'])[17]' not found
	at com.kms.katalon.core.webui.common.WebUiCommonHelper.findWebElement(WebUiCommonHelper.java:1376)
	at com.kms.katalon.core.webui.keyword.internal.WebUIAbstractKeyword.findWebElement(WebUIAbstractKeyword.groovy:27)
	at com.kms.katalon.core.webui.keyword.builtin.ClickKeyword$_click_closure1.doCall(ClickKeyword.groovy:65)
	at com.kms.katalon.core.webui.keyword.builtin.ClickKeyword$_click_closure1.call(ClickKeyword.groovy)
	at com.kms.katalon.core.webui.keyword.internal.WebUIKeywordMain.runKeyword(WebUIKeywordMain.groovy:20)
	... 19 more]]></system-err>
   </testsuite>
</testsuites>
