<?xml version="1.0" encoding="UTF-8"?>
<testsuites name="Master Kategori Toko" time="156.421" tests="6" failures="1" errors="0">
   <testsuite name="Master Kategori Toko" tests="6" failures="1" errors="0" time="156.421" skipped="0" timestamp="2023-07-10 14:34:07" hostname="202102359 - KPO-Blicicil.pdc.megafinance.co.id" id="Test Suites/Master Kategori Toko">
      <properties>
         <property name="deviceName" value=""/>
         <property name="devicePlatform" value=""/>
         <property name="logFolder" value="C:\\Users\\202102359\\git\\blicicil-dashboard-uat\\Reports\\20230710_143404\\Master Kategori Toko\\20230710_143404"/>
         <property name="logFiles" value="C:\\Users\\202102359\\git\\blicicil-dashboard-uat\\Reports\\20230710_143404\\Master Kategori Toko\\20230710_143404\\execution0.log"/>
         <property name="attachments" value="C:\\Users\\202102359\\git\\blicicil-dashboard-uat\\Reports\\20230710_143404\\Master Kategori Toko\\20230710_143404\\1688974578765.png"/>
         <property name="hostName" value="202102359 - KPO-Blicicil.pdc.megafinance.co.id"/>
         <property name="os" value="Windows 10 64bit"/>
         <property name="katalonVersion" value="8.6.0.208"/>
         <property name="browser" value="Chrome 114.0.0.0"/>
         <property name="hostAddress" value="192.168.16.53"/>
         <property name="sessionId" value="a9930c553f280f105b563828e06955f9"/>
         <property name="seleniumVersion" value="3.141.59"/>
         <property name="proxyInformation" value="ProxyInformation { proxyOption=NO_PROXY, proxyServerType=HTTP, username=, password=********, proxyServerAddress=, proxyServerPort=0, executionList=&quot;&quot;, isApplyToDesiredCapabilities=true }"/>
         <property name="platform" value="Windows 10"/>
      </properties>
      <testcase name="Test Cases/Master Kategori Toko/Beranda" time="18.248" classname="Test Cases/Master Kategori Toko/Beranda" status="PASSED">
         <system-out><![CDATA[2023-07-10 14:34:08 - [TEST_CASE][PASSED] - Test Cases/Master Kategori Toko/Beranda: Test Cases/Master Kategori Toko/Beranda

2023-07-10 14:34:08 - [TEST_STEP][PASSED] - openBrowser(""): Browser is opened with url: ''

2023-07-10 14:34:09 - [MESSAGE][INFO] - Starting 'Chrome' driver

2023-07-10 14:34:09 - [MESSAGE][INFO] - User set preference: ['args', '[--start-maximized]']

2023-07-10 14:34:09 - [MESSAGE][INFO] - Action delay is set to 0 milliseconds

2023-07-10 14:34:12 - [MESSAGE][PASSED] - Browser is opened with url: ''

2023-07-10 14:34:12 - [TEST_STEP][PASSED] - maximizeWindow(): Current window maximized

2023-07-10 14:34:12 - [MESSAGE][PASSED] - Current window maximized

2023-07-10 14:34:12 - [TEST_STEP][PASSED] - navigateToUrl("https://uat-dashboard.blicicil.com/auth/login"): Navigate to 'https://uat-dashboard.blicicil.com/auth/login' successfully

2023-07-10 14:34:13 - [MESSAGE][PASSED] - Navigate to 'https://uat-dashboard.blicicil.com/auth/login' successfully

2023-07-10 14:34:13 - [TEST_STEP][PASSED] - setText(findTestObject("Object Repository/Master Kategori Toko/Beranda/input_Email_email"), "eva.mayadila@megafinance.co.id"): Text 'eva.mayadila@megafinance.co.id' is set on object 'Object Repository/Master Kategori Toko/Beranda/input_Email_email'

2023-07-10 14:34:15 - [MESSAGE][PASSED] - Text 'eva.mayadila@megafinance.co.id' is set on object 'Object Repository/Master Kategori Toko/Beranda/input_Email_email'

2023-07-10 14:34:15 - [TEST_STEP][PASSED] - setEncryptedText(findTestObject("Object Repository/Master Kategori Toko/Beranda/input_Password_password"), "aeHFOx8jV/A="): Text ****** has been set on object 'Object Repository/Master Kategori Toko/Beranda/input_Password_password'

2023-07-10 14:34:15 - [MESSAGE][PASSED] - Text ****** has been set on object 'Object Repository/Master Kategori Toko/Beranda/input_Password_password'

2023-07-10 14:34:15 - [TEST_STEP][PASSED] - click(findTestObject("Object Repository/Master Kategori Toko/Beranda/button_Login")): Object: 'Object Repository/Master Kategori Toko/Beranda/button_Login' is clicked on

2023-07-10 14:34:16 - [MESSAGE][PASSED] - Object: 'Object Repository/Master Kategori Toko/Beranda/button_Login' is clicked on

2023-07-10 14:34:16 - [TEST_STEP][PASSED] - click(findTestObject("Object Repository/Master Kategori Toko/Beranda/a_Master")): Object: 'Object Repository/Master Kategori Toko/Beranda/a_Master' is clicked on

2023-07-10 14:34:18 - [MESSAGE][PASSED] - Object: 'Object Repository/Master Kategori Toko/Beranda/a_Master' is clicked on

2023-07-10 14:34:18 - [TEST_STEP][PASSED] - click(findTestObject("Object Repository/Master Kategori Toko/Beranda/a_Kategori Toko")): Object: 'Object Repository/Master Kategori Toko/Beranda/a_Kategori Toko' is clicked on

2023-07-10 14:34:19 - [MESSAGE][PASSED] - Object: 'Object Repository/Master Kategori Toko/Beranda/a_Kategori Toko' is clicked on

2023-07-10 14:34:19 - [TEST_STEP][PASSED] - getText(findTestObject("Object Repository/Master Kategori Toko/Beranda/div_List Kategori Toko BliCicil Admin as   _2278a0")): Text of object 'Object Repository/Master Kategori Toko/Beranda/div_List Kategori Toko BliCicil Admin as   _2278a0' is: 'List Kategori Toko BliCicil Admin as
New Kategori Toko'

2023-07-10 14:34:20 - [MESSAGE][PASSED] - Text of object 'Object Repository/Master Kategori Toko/Beranda/div_List Kategori Toko BliCicil Admin as   _2278a0' is: 'List Kategori Toko BliCicil Admin as
New Kategori Toko'

2023-07-10 14:34:20 - [TEST_STEP][PASSED] - click(findTestObject("Object Repository/Master Kategori Toko/Beranda/a_2")): Object: 'Object Repository/Master Kategori Toko/Beranda/a_2' is clicked on

2023-07-10 14:34:21 - [MESSAGE][PASSED] - Object: 'Object Repository/Master Kategori Toko/Beranda/a_2' is clicked on

2023-07-10 14:34:21 - [TEST_STEP][PASSED] - click(findTestObject("Object Repository/Master Kategori Toko/Beranda/a_Previous")): Object: 'Object Repository/Master Kategori Toko/Beranda/a_Previous' is clicked on

2023-07-10 14:34:21 - [MESSAGE][PASSED] - Object: 'Object Repository/Master Kategori Toko/Beranda/a_Previous' is clicked on

2023-07-10 14:34:21 - [TEST_STEP][PASSED] - click(findTestObject("Object Repository/Master Kategori Toko/Beranda/a_Next")): Object: 'Object Repository/Master Kategori Toko/Beranda/a_Next' is clicked on

2023-07-10 14:34:22 - [MESSAGE][PASSED] - Object: 'Object Repository/Master Kategori Toko/Beranda/a_Next' is clicked on

2023-07-10 14:34:22 - [TEST_STEP][PASSED] - click(findTestObject("Object Repository/Master Kategori Toko/Beranda/a_1")): Object: 'Object Repository/Master Kategori Toko/Beranda/a_1' is clicked on

2023-07-10 14:34:22 - [MESSAGE][PASSED] - Object: 'Object Repository/Master Kategori Toko/Beranda/a_1' is clicked on

2023-07-10 14:34:22 - [TEST_STEP][PASSED] - click(findTestObject("Object Repository/Master Kategori Toko/Beranda/button_Hapus")): Object: 'Object Repository/Master Kategori Toko/Beranda/button_Hapus' is clicked on

2023-07-10 14:34:23 - [MESSAGE][PASSED] - Object: 'Object Repository/Master Kategori Toko/Beranda/button_Hapus' is clicked on

2023-07-10 14:34:23 - [TEST_STEP][PASSED] - getText(findTestObject("Object Repository/Master Kategori Toko/Beranda/div_Are you sure want to delete Panasonic R_24412a")): Text of object 'Object Repository/Master Kategori Toko/Beranda/div_Are you sure want to delete Panasonic R_24412a' is: 'Messages
Timeline
Exceptions
Views5
Route
Queries31
Models80
Mails
Gate
Session
Request
7.4.30
57.18ms
5MB
GET master/katetoko'

2023-07-10 14:34:23 - [MESSAGE][PASSED] - Text of object 'Object Repository/Master Kategori Toko/Beranda/div_Are you sure want to delete Panasonic R_24412a' is: 'Messages
Timeline
Exceptions
Views5
Route
Queries31
Models80
Mails
Gate
Session
Request
7.4.30
57.18ms
5MB
GET master/katetoko'

2023-07-10 14:34:23 - [TEST_STEP][PASSED] - click(findTestObject("Master Kategori Toko/Beranda/button_No")): Object: 'Object Repository/Master Kategori Toko/Beranda/button_No' is clicked on

2023-07-10 14:34:24 - [MESSAGE][PASSED] - Object: 'Object Repository/Master Kategori Toko/Beranda/button_No' is clicked on

2023-07-10 14:34:24 - [TEST_STEP][PASSED] - click(findTestObject("Object Repository/Master Kategori Toko/Beranda/button_Hapus")): Object: 'Object Repository/Master Kategori Toko/Beranda/button_Hapus' is clicked on

2023-07-10 14:34:24 - [MESSAGE][PASSED] - Object: 'Object Repository/Master Kategori Toko/Beranda/button_Hapus' is clicked on

2023-07-10 14:34:24 - [TEST_STEP][PASSED] - getText(findTestObject("Object Repository/Master Kategori Toko/Beranda/div_Are you sure want to delete Panasonic R_24412a")): Text of object 'Object Repository/Master Kategori Toko/Beranda/div_Are you sure want to delete Panasonic R_24412a' is: 'Messages
Timeline
Exceptions
Views5
Route
Queries31
Models80
Mails
Gate
Session
Request
7.4.30
57.18ms
5MB
GET master/katetoko'

2023-07-10 14:34:25 - [MESSAGE][PASSED] - Text of object 'Object Repository/Master Kategori Toko/Beranda/div_Are you sure want to delete Panasonic R_24412a' is: 'Messages
Timeline
Exceptions
Views5
Route
Queries31
Models80
Mails
Gate
Session
Request
7.4.30
57.18ms
5MB
GET master/katetoko'

2023-07-10 14:34:25 - [TEST_STEP][PASSED] - click(findTestObject("Object Repository/Master Kategori Toko/Beranda/button_Yes")): Object: 'Object Repository/Master Kategori Toko/Beranda/button_Yes' is clicked on

2023-07-10 14:34:25 - [MESSAGE][PASSED] - Object: 'Object Repository/Master Kategori Toko/Beranda/button_Yes' is clicked on

2023-07-10 14:34:25 - [TEST_STEP][PASSED] - closeBrowser(): Browser is closed

2023-07-10 14:34:26 - [MESSAGE][PASSED] - Browser is closed]]></system-out>
         <system-err><![CDATA[]]></system-err>
      </testcase>
      <testcase name="Test Cases/Master Kategori Toko/Add Success" time="54.29" classname="Test Cases/Master Kategori Toko/Add Success" status="PASSED">
         <system-out><![CDATA[2023-07-10 14:34:26 - [TEST_CASE][PASSED] - Test Cases/Master Kategori Toko/Add Success: Test Cases/Master Kategori Toko/Add Success

2023-07-10 14:34:26 - [TEST_STEP][PASSED] - openBrowser(""): Browser is opened with url: ''

2023-07-10 14:34:26 - [MESSAGE][INFO] - Starting 'Chrome' driver

2023-07-10 14:34:26 - [MESSAGE][INFO] - User set preference: ['args', '[--start-maximized]']

2023-07-10 14:34:26 - [MESSAGE][INFO] - Action delay is set to 0 milliseconds

2023-07-10 14:34:28 - [MESSAGE][PASSED] - Browser is opened with url: ''

2023-07-10 14:34:28 - [TEST_STEP][PASSED] - maximizeWindow(): Current window maximized

2023-07-10 14:34:28 - [MESSAGE][PASSED] - Current window maximized

2023-07-10 14:34:28 - [TEST_STEP][PASSED] - navigateToUrl("https://uat-dashboard.blicicil.com/auth/login"): Navigate to 'https://uat-dashboard.blicicil.com/auth/login' successfully

2023-07-10 14:34:30 - [MESSAGE][PASSED] - Navigate to 'https://uat-dashboard.blicicil.com/auth/login' successfully

2023-07-10 14:34:30 - [TEST_STEP][PASSED] - setText(findTestObject("Object Repository/Master Kategori Toko/Add Success/input_Email_email"), "eva.mayadila@megafinance.co.id"): Text 'eva.mayadila@megafinance.co.id' is set on object 'Object Repository/Master Kategori Toko/Add Success/input_Email_email'

2023-07-10 14:34:32 - [MESSAGE][PASSED] - Text 'eva.mayadila@megafinance.co.id' is set on object 'Object Repository/Master Kategori Toko/Add Success/input_Email_email'

2023-07-10 14:34:32 - [TEST_STEP][PASSED] - setEncryptedText(findTestObject("Object Repository/Master Kategori Toko/Add Success/input_Password_password"), "aeHFOx8jV/A="): Text ****** has been set on object 'Object Repository/Master Kategori Toko/Add Success/input_Password_password'

2023-07-10 14:34:32 - [MESSAGE][PASSED] - Text ****** has been set on object 'Object Repository/Master Kategori Toko/Add Success/input_Password_password'

2023-07-10 14:34:32 - [TEST_STEP][PASSED] - click(findTestObject("Object Repository/Master Kategori Toko/Add Success/button_Login")): Object: 'Object Repository/Master Kategori Toko/Add Success/button_Login' is clicked on

2023-07-10 14:34:33 - [MESSAGE][PASSED] - Object: 'Object Repository/Master Kategori Toko/Add Success/button_Login' is clicked on

2023-07-10 14:34:33 - [TEST_STEP][PASSED] - click(findTestObject("Object Repository/Master Kategori Toko/Add Success/a_Master")): Object: 'Object Repository/Master Kategori Toko/Add Success/a_Master' is clicked on

2023-07-10 14:34:36 - [MESSAGE][PASSED] - Object: 'Object Repository/Master Kategori Toko/Add Success/a_Master' is clicked on

2023-07-10 14:34:36 - [TEST_STEP][PASSED] - click(findTestObject("Master Kategori Toko/Add Success/a_Kategori Toko")): Object: 'Object Repository/Master Kategori Toko/Add Success/a_Kategori Toko' is clicked on

2023-07-10 14:34:37 - [MESSAGE][PASSED] - Object: 'Object Repository/Master Kategori Toko/Add Success/a_Kategori Toko' is clicked on

2023-07-10 14:34:37 - [TEST_STEP][PASSED] - click(findTestObject("Master Kategori Toko/Add Success/a_New Kategori Toko")): Object: 'Object Repository/Master Kategori Toko/Add Success/a_New Kategori Toko' is clicked on

2023-07-10 14:34:38 - [MESSAGE][PASSED] - Object: 'Object Repository/Master Kategori Toko/Add Success/a_New Kategori Toko' is clicked on

2023-07-10 14:34:38 - [TEST_STEP][PASSED] - selectOptionByValue(findTestObject("Master Kategori Toko/Add Success/Pilih toko"), toko, true): All options with value '27' are selected in object 'Object Repository/Master Kategori Toko/Add Success/Pilih toko'  using regular expression

2023-07-10 14:35:15 - [MESSAGE][PASSED] - All options with value '27' are selected in object 'Object Repository/Master Kategori Toko/Add Success/Pilih toko'  using regular expression

2023-07-10 14:35:15 - [TEST_STEP][PASSED] - click(findTestObject("Object Repository/Master Kategori Toko/Add Success/div_--Pilih Kategori--")): Object: 'Object Repository/Master Kategori Toko/Add Success/div_--Pilih Kategori--' is clicked on

2023-07-10 14:35:16 - [MESSAGE][PASSED] - Object: 'Object Repository/Master Kategori Toko/Add Success/div_--Pilih Kategori--' is clicked on

2023-07-10 14:35:16 - [TEST_STEP][PASSED] - notChecked = verifyElementNotChecked(findTestObject("Master Kategori Toko/Add Success/input_Komputer  Laptop_category"), 0): Object 'Object Repository/Master Kategori Toko/Add Success/input_Komputer  Laptop_category' is not checked

2023-07-10 14:35:16 - [MESSAGE][WARNING] - Timeout '0' is invalid. Using default page load timeout: '30'

2023-07-10 14:35:16 - [MESSAGE][PASSED] - Object 'Object Repository/Master Kategori Toko/Add Success/input_Komputer  Laptop_category' is not checked

2023-07-10 14:35:16 - [TEST_STEP][PASSED] - if (notChecked == true): Object 'Object Repository/Master Kategori Toko/Add Success/input_Komputer  Laptop_category' is checked

2023-07-10 14:35:16 - [TEST_STEP][PASSED] - check(findTestObject("Master Kategori Toko/Add Success/input_Komputer  Laptop_category")): Object 'Object Repository/Master Kategori Toko/Add Success/input_Komputer  Laptop_category' is checked

2023-07-10 14:35:16 - [MESSAGE][PASSED] - Object 'Object Repository/Master Kategori Toko/Add Success/input_Komputer  Laptop_category' is checked

2023-07-10 14:35:16 - [TEST_STEP][PASSED] - notChecked = verifyElementNotChecked(findTestObject("Master Kategori Toko/Add Success/input_TV_category"), 0): Object 'Object Repository/Master Kategori Toko/Add Success/input_TV_category' is not checked

2023-07-10 14:35:17 - [MESSAGE][WARNING] - Timeout '0' is invalid. Using default page load timeout: '30'

2023-07-10 14:35:17 - [MESSAGE][PASSED] - Object 'Object Repository/Master Kategori Toko/Add Success/input_TV_category' is not checked

2023-07-10 14:35:17 - [TEST_STEP][PASSED] - if (notChecked == true): Object 'Object Repository/Master Kategori Toko/Add Success/input_TV_category' is checked

2023-07-10 14:35:17 - [TEST_STEP][PASSED] - check(findTestObject("Master Kategori Toko/Add Success/input_TV_category")): Object 'Object Repository/Master Kategori Toko/Add Success/input_TV_category' is checked

2023-07-10 14:35:17 - [MESSAGE][PASSED] - Object 'Object Repository/Master Kategori Toko/Add Success/input_TV_category' is checked

2023-07-10 14:35:17 - [TEST_STEP][PASSED] - notChecked = verifyElementNotChecked(findTestObject("Master Kategori Toko/Add Success/input_Dapur_category"), 0): Object 'Object Repository/Master Kategori Toko/Add Success/input_Dapur_category' is not checked

2023-07-10 14:35:17 - [MESSAGE][WARNING] - Timeout '0' is invalid. Using default page load timeout: '30'

2023-07-10 14:35:18 - [MESSAGE][PASSED] - Object 'Object Repository/Master Kategori Toko/Add Success/input_Dapur_category' is not checked

2023-07-10 14:35:18 - [TEST_STEP][PASSED] - if (notChecked == true): Object 'Object Repository/Master Kategori Toko/Add Success/input_Dapur_category' is checked

2023-07-10 14:35:18 - [TEST_STEP][PASSED] - check(findTestObject("Master Kategori Toko/Add Success/input_Dapur_category")): Object 'Object Repository/Master Kategori Toko/Add Success/input_Dapur_category' is checked

2023-07-10 14:35:18 - [MESSAGE][PASSED] - Object 'Object Repository/Master Kategori Toko/Add Success/input_Dapur_category' is checked

2023-07-10 14:35:18 - [TEST_STEP][PASSED] - notChecked = verifyElementNotChecked(findTestObject("Master Kategori Toko/Add Success/input_Kamera  Recoder_category"), 0): Object 'Object Repository/Master Kategori Toko/Add Success/input_Kamera  Recoder_category' is not checked

2023-07-10 14:35:18 - [MESSAGE][WARNING] - Timeout '0' is invalid. Using default page load timeout: '30'

2023-07-10 14:35:19 - [MESSAGE][PASSED] - Object 'Object Repository/Master Kategori Toko/Add Success/input_Kamera  Recoder_category' is not checked

2023-07-10 14:35:19 - [TEST_STEP][PASSED] - if (notChecked == true): Object 'Object Repository/Master Kategori Toko/Add Success/input_Kamera  Recoder_category' is checked

2023-07-10 14:35:19 - [TEST_STEP][PASSED] - check(findTestObject("Master Kategori Toko/Add Success/input_Kamera  Recoder_category")): Object 'Object Repository/Master Kategori Toko/Add Success/input_Kamera  Recoder_category' is checked

2023-07-10 14:35:19 - [MESSAGE][PASSED] - Object 'Object Repository/Master Kategori Toko/Add Success/input_Kamera  Recoder_category' is checked

2023-07-10 14:35:19 - [TEST_STEP][PASSED] - click(findTestObject("Master Kategori Toko/Add Success/button_Submit")): Object: 'Object Repository/Master Kategori Toko/Add Success/button_Submit' is clicked on

2023-07-10 14:35:20 - [MESSAGE][PASSED] - Object: 'Object Repository/Master Kategori Toko/Add Success/button_Submit' is clicked on

2023-07-10 14:35:20 - [TEST_STEP][PASSED] - closeBrowser(): Browser is closed

2023-07-10 14:35:20 - [MESSAGE][PASSED] - Browser is closed]]></system-out>
         <system-err><![CDATA[]]></system-err>
      </testcase>
      <testcase name="Test Cases/Master Kategori Toko/Add Failed" time="15.316" classname="Test Cases/Master Kategori Toko/Add Failed" status="PASSED">
         <system-out><![CDATA[2023-07-10 14:35:20 - [TEST_CASE][PASSED] - Test Cases/Master Kategori Toko/Add Failed: Test Cases/Master Kategori Toko/Add Failed

2023-07-10 14:35:21 - [TEST_STEP][PASSED] - openBrowser(""): Browser is opened with url: ''

2023-07-10 14:35:21 - [MESSAGE][INFO] - Starting 'Chrome' driver

2023-07-10 14:35:21 - [MESSAGE][INFO] - User set preference: ['args', '[--start-maximized]']

2023-07-10 14:35:21 - [MESSAGE][INFO] - Action delay is set to 0 milliseconds

2023-07-10 14:35:22 - [MESSAGE][PASSED] - Browser is opened with url: ''

2023-07-10 14:35:22 - [TEST_STEP][PASSED] - maximizeWindow(): Current window maximized

2023-07-10 14:35:22 - [MESSAGE][PASSED] - Current window maximized

2023-07-10 14:35:22 - [TEST_STEP][PASSED] - navigateToUrl("https://uat-dashboard.blicicil.com/auth/login"): Navigate to 'https://uat-dashboard.blicicil.com/auth/login' successfully

2023-07-10 14:35:23 - [MESSAGE][PASSED] - Navigate to 'https://uat-dashboard.blicicil.com/auth/login' successfully

2023-07-10 14:35:23 - [TEST_STEP][PASSED] - setText(findTestObject("Object Repository/Master Kategori Toko/Add/input_Email_email"), "eva.mayadila@megafinance.co.id"): Text 'eva.mayadila@megafinance.co.id' is set on object 'Object Repository/Master Kategori Toko/Add/input_Email_email'

2023-07-10 14:35:24 - [MESSAGE][PASSED] - Text 'eva.mayadila@megafinance.co.id' is set on object 'Object Repository/Master Kategori Toko/Add/input_Email_email'

2023-07-10 14:35:24 - [TEST_STEP][PASSED] - setEncryptedText(findTestObject("Object Repository/Master Kategori Toko/Add/input_Password_password"), "aeHFOx8jV/A="): Text ****** has been set on object 'Object Repository/Master Kategori Toko/Add/input_Password_password'

2023-07-10 14:35:25 - [MESSAGE][PASSED] - Text ****** has been set on object 'Object Repository/Master Kategori Toko/Add/input_Password_password'

2023-07-10 14:35:25 - [TEST_STEP][PASSED] - click(findTestObject("Object Repository/Master Kategori Toko/Add/button_Login")): Object: 'Object Repository/Master Kategori Toko/Add/button_Login' is clicked on

2023-07-10 14:35:25 - [MESSAGE][PASSED] - Object: 'Object Repository/Master Kategori Toko/Add/button_Login' is clicked on

2023-07-10 14:35:25 - [TEST_STEP][PASSED] - click(findTestObject("Object Repository/Master Kategori Toko/Add/a_Master")): Object: 'Object Repository/Master Kategori Toko/Add/a_Master' is clicked on

2023-07-10 14:35:27 - [MESSAGE][PASSED] - Object: 'Object Repository/Master Kategori Toko/Add/a_Master' is clicked on

2023-07-10 14:35:27 - [TEST_STEP][PASSED] - click(findTestObject("Object Repository/Master Kategori Toko/Add/a_Kategori Toko")): Object: 'Object Repository/Master Kategori Toko/Add/a_Kategori Toko' is clicked on

2023-07-10 14:35:28 - [MESSAGE][PASSED] - Object: 'Object Repository/Master Kategori Toko/Add/a_Kategori Toko' is clicked on

2023-07-10 14:35:28 - [TEST_STEP][PASSED] - click(findTestObject("Object Repository/Master Kategori Toko/Add/a_New Kategori Toko")): Object: 'Object Repository/Master Kategori Toko/Add/a_New Kategori Toko' is clicked on

2023-07-10 14:35:30 - [MESSAGE][PASSED] - Object: 'Object Repository/Master Kategori Toko/Add/a_New Kategori Toko' is clicked on

2023-07-10 14:35:30 - [TEST_STEP][PASSED] - click(findTestObject("Master Kategori Toko/Add/select_--Pilih Toko")): Object: 'Object Repository/Master Kategori Toko/Add/select_--Pilih Toko' is clicked on

2023-07-10 14:35:31 - [MESSAGE][PASSED] - Object: 'Object Repository/Master Kategori Toko/Add/select_--Pilih Toko' is clicked on

2023-07-10 14:35:31 - [TEST_STEP][PASSED] - click(findTestObject("Master Kategori Toko/Add/div_--Pilih Kategori--")): Object: 'Object Repository/Master Kategori Toko/Add/div_--Pilih Kategori--' is clicked on

2023-07-10 14:35:31 - [MESSAGE][PASSED] - Object: 'Object Repository/Master Kategori Toko/Add/div_--Pilih Kategori--' is clicked on

2023-07-10 14:35:31 - [TEST_STEP][PASSED] - click(findTestObject("Master Kategori Toko/Add/button_Submit")): Object: 'Object Repository/Master Kategori Toko/Add/button_Submit' is clicked on

2023-07-10 14:35:31 - [MESSAGE][PASSED] - Object: 'Object Repository/Master Kategori Toko/Add/button_Submit' is clicked on

2023-07-10 14:35:31 - [TEST_STEP][PASSED] - refresh(): Refresh successfully

2023-07-10 14:35:32 - [MESSAGE][PASSED] - Refresh successfully

2023-07-10 14:35:32 - [TEST_STEP][PASSED] - click(findTestObject("Master Kategori Toko/Add/select_--Pilih Toko")): Object: 'Object Repository/Master Kategori Toko/Add/select_--Pilih Toko' is clicked on

2023-07-10 14:35:33 - [MESSAGE][PASSED] - Object: 'Object Repository/Master Kategori Toko/Add/select_--Pilih Toko' is clicked on

2023-07-10 14:35:33 - [TEST_STEP][PASSED] - click(findTestObject("Master Kategori Toko/Add/div_--Pilih Kategori--")): Object: 'Object Repository/Master Kategori Toko/Add/div_--Pilih Kategori--' is clicked on

2023-07-10 14:35:34 - [MESSAGE][PASSED] - Object: 'Object Repository/Master Kategori Toko/Add/div_--Pilih Kategori--' is clicked on

2023-07-10 14:35:34 - [TEST_STEP][PASSED] - notChecked = verifyElementNotChecked(findTestObject("Master Kategori Toko/Add/input_Komputer Laptop_category"), 0): Object 'Object Repository/Master Kategori Toko/Add/input_Komputer Laptop_category' is not checked

2023-07-10 14:35:34 - [MESSAGE][WARNING] - Timeout '0' is invalid. Using default page load timeout: '30'

2023-07-10 14:35:34 - [MESSAGE][PASSED] - Object 'Object Repository/Master Kategori Toko/Add/input_Komputer Laptop_category' is not checked

2023-07-10 14:35:34 - [TEST_STEP][PASSED] - if (notChecked == true): Object 'Object Repository/Master Kategori Toko/Add Success/input_Komputer  Laptop_category' is checked

2023-07-10 14:35:34 - [TEST_STEP][PASSED] - check(findTestObject("Master Kategori Toko/Add Success/input_Komputer  Laptop_category")): Object 'Object Repository/Master Kategori Toko/Add Success/input_Komputer  Laptop_category' is checked

2023-07-10 14:35:34 - [MESSAGE][PASSED] - Object 'Object Repository/Master Kategori Toko/Add Success/input_Komputer  Laptop_category' is checked

2023-07-10 14:35:34 - [TEST_STEP][PASSED] - click(findTestObject("Master Kategori Toko/Add/button_Submit")): Object: 'Object Repository/Master Kategori Toko/Add/button_Submit' is clicked on

2023-07-10 14:35:35 - [MESSAGE][PASSED] - Object: 'Object Repository/Master Kategori Toko/Add/button_Submit' is clicked on

2023-07-10 14:35:35 - [TEST_STEP][PASSED] - closeBrowser(): Browser is closed

2023-07-10 14:35:36 - [MESSAGE][PASSED] - Browser is closed]]></system-out>
         <system-err><![CDATA[]]></system-err>
      </testcase>
      <testcase name="Test Cases/Master Kategori Toko/Edit Sukses" time="42.835" classname="Test Cases/Master Kategori Toko/Edit Sukses" status="FAILED">
         <failure type="FAILED" message="Test Cases/Master Kategori Toko/Edit Sukses FAILED.
Reason:
com.kms.katalon.core.exception.StepFailedException: Unable to verify object 'Object Repository/Master Kategori Toko/Edit/input_Komputer Laptop_category' is checked
	at com.kms.katalon.core.webui.keyword.internal.WebUIKeywordMain.stepFailed(WebUIKeywordMain.groovy:64)
	at com.kms.katalon.core.webui.keyword.internal.WebUIKeywordMain.runKeyword(WebUIKeywordMain.groovy:26)
	at com.kms.katalon.core.webui.keyword.builtin.VerifyElementCheckedKeyword.verifyElementChecked(VerifyElementCheckedKeyword.groovy:92)
	at com.kms.katalon.core.webui.keyword.builtin.VerifyElementCheckedKeyword.execute(VerifyElementCheckedKeyword.groovy:68)
	at com.kms.katalon.core.keyword.internal.KeywordExecutor.executeKeywordForPlatform(KeywordExecutor.groovy:74)
	at com.kms.katalon.core.webui.keyword.WebUiBuiltInKeywords.verifyElementChecked(WebUiBuiltInKeywords.groovy:1397)
	at com.kms.katalon.core.webui.keyword.WebUiBuiltInKeywords$verifyElementChecked$11.call(Unknown Source)
	at Edit Sukses.run(Edit Sukses:40)
	at com.kms.katalon.core.main.ScriptEngine.run(ScriptEngine.java:194)
	at com.kms.katalon.core.main.ScriptEngine.runScriptAsRawText(ScriptEngine.java:119)
	at com.kms.katalon.core.main.TestCaseExecutor.runScript(TestCaseExecutor.java:448)
	at com.kms.katalon.core.main.TestCaseExecutor.doExecute(TestCaseExecutor.java:439)
	at com.kms.katalon.core.main.TestCaseExecutor.processExecutionPhase(TestCaseExecutor.java:418)
	at com.kms.katalon.core.main.TestCaseExecutor.accessMainPhase(TestCaseExecutor.java:410)
	at com.kms.katalon.core.main.TestCaseExecutor.execute(TestCaseExecutor.java:285)
	at com.kms.katalon.core.common.CommonExecutor.accessTestCaseMainPhase(CommonExecutor.java:65)
	at com.kms.katalon.core.main.TestSuiteExecutor.accessTestSuiteMainPhase(TestSuiteExecutor.java:148)
	at com.kms.katalon.core.main.TestSuiteExecutor.execute(TestSuiteExecutor.java:106)
	at com.kms.katalon.core.main.TestCaseMain.startTestSuite(TestCaseMain.java:187)
	at com.kms.katalon.core.main.TestCaseMain$startTestSuite$0.call(Unknown Source)
	at TempTestSuite1688974444474.run(TempTestSuite1688974444474.groovy:36)
Caused by: com.kms.katalon.core.webui.exception.WebElementNotFoundException: Web element with id: 'Object Repository/Master Kategori Toko/Edit/input_Komputer Laptop_category' located by 'id(&quot;category62f316842b878f0347211e9e&quot;)[count(. | //*[@checked = 'true']) = count(//*[@checked = 'true'])]' not found
	at com.kms.katalon.core.webui.common.WebUiCommonHelper.findWebElement(WebUiCommonHelper.java:1376)
	at com.kms.katalon.core.webui.keyword.internal.WebUIAbstractKeyword.findWebElement(WebUIAbstractKeyword.groovy:27)
	at com.kms.katalon.core.webui.keyword.builtin.VerifyElementCheckedKeyword$_verifyElementChecked_closure1.doCall(VerifyElementCheckedKeyword.groovy:78)
	at com.kms.katalon.core.webui.keyword.builtin.VerifyElementCheckedKeyword$_verifyElementChecked_closure1.call(VerifyElementCheckedKeyword.groovy)
	at com.kms.katalon.core.webui.keyword.internal.WebUIKeywordMain.runKeyword(WebUIKeywordMain.groovy:20)
	... 19 more
"/>
         <system-out><![CDATA[2023-07-10 14:35:36 - [TEST_CASE][FAILED] - Test Cases/Master Kategori Toko/Edit Sukses: Test Cases/Master Kategori Toko/Edit Sukses FAILED.
Reason:
com.kms.katalon.core.exception.StepFailedException: Unable to verify object 'Object Repository/Master Kategori Toko/Edit/input_Komputer Laptop_category' is checked
	at com.kms.katalon.core.webui.keyword.internal.WebUIKeywordMain.stepFailed(WebUIKeywordMain.groovy:64)
	at com.kms.katalon.core.webui.keyword.internal.WebUIKeywordMain.runKeyword(WebUIKeywordMain.groovy:26)
	at com.kms.katalon.core.webui.keyword.builtin.VerifyElementCheckedKeyword.verifyElementChecked(VerifyElementCheckedKeyword.groovy:92)
	at com.kms.katalon.core.webui.keyword.builtin.VerifyElementCheckedKeyword.execute(VerifyElementCheckedKeyword.groovy:68)
	at com.kms.katalon.core.keyword.internal.KeywordExecutor.executeKeywordForPlatform(KeywordExecutor.groovy:74)
	at com.kms.katalon.core.webui.keyword.WebUiBuiltInKeywords.verifyElementChecked(WebUiBuiltInKeywords.groovy:1397)
	at com.kms.katalon.core.webui.keyword.WebUiBuiltInKeywords$verifyElementChecked$11.call(Unknown Source)
	at Edit Sukses.run(Edit Sukses:40)
	at com.kms.katalon.core.main.ScriptEngine.run(ScriptEngine.java:194)
	at com.kms.katalon.core.main.ScriptEngine.runScriptAsRawText(ScriptEngine.java:119)
	at com.kms.katalon.core.main.TestCaseExecutor.runScript(TestCaseExecutor.java:448)
	at com.kms.katalon.core.main.TestCaseExecutor.doExecute(TestCaseExecutor.java:439)
	at com.kms.katalon.core.main.TestCaseExecutor.processExecutionPhase(TestCaseExecutor.java:418)
	at com.kms.katalon.core.main.TestCaseExecutor.accessMainPhase(TestCaseExecutor.java:410)
	at com.kms.katalon.core.main.TestCaseExecutor.execute(TestCaseExecutor.java:285)
	at com.kms.katalon.core.common.CommonExecutor.accessTestCaseMainPhase(CommonExecutor.java:65)
	at com.kms.katalon.core.main.TestSuiteExecutor.accessTestSuiteMainPhase(TestSuiteExecutor.java:148)
	at com.kms.katalon.core.main.TestSuiteExecutor.execute(TestSuiteExecutor.java:106)
	at com.kms.katalon.core.main.TestCaseMain.startTestSuite(TestCaseMain.java:187)
	at com.kms.katalon.core.main.TestCaseMain$startTestSuite$0.call(Unknown Source)
	at TempTestSuite1688974444474.run(TempTestSuite1688974444474.groovy:36)
Caused by: com.kms.katalon.core.webui.exception.WebElementNotFoundException: Web element with id: 'Object Repository/Master Kategori Toko/Edit/input_Komputer Laptop_category' located by 'id("category62f316842b878f0347211e9e")[count(. | //*[@checked = 'true']) = count(//*[@checked = 'true'])]' not found
	at com.kms.katalon.core.webui.common.WebUiCommonHelper.findWebElement(WebUiCommonHelper.java:1376)
	at com.kms.katalon.core.webui.keyword.internal.WebUIAbstractKeyword.findWebElement(WebUIAbstractKeyword.groovy:27)
	at com.kms.katalon.core.webui.keyword.builtin.VerifyElementCheckedKeyword$_verifyElementChecked_closure1.doCall(VerifyElementCheckedKeyword.groovy:78)
	at com.kms.katalon.core.webui.keyword.builtin.VerifyElementCheckedKeyword$_verifyElementChecked_closure1.call(VerifyElementCheckedKeyword.groovy)
	at com.kms.katalon.core.webui.keyword.internal.WebUIKeywordMain.runKeyword(WebUIKeywordMain.groovy:20)
	... 19 more


2023-07-10 14:35:36 - [TEST_STEP][PASSED] - openBrowser(""): Browser is opened with url: ''

2023-07-10 14:35:36 - [MESSAGE][INFO] - Starting 'Chrome' driver

2023-07-10 14:35:36 - [MESSAGE][INFO] - User set preference: ['args', '[--start-maximized]']

2023-07-10 14:35:36 - [MESSAGE][INFO] - Action delay is set to 0 milliseconds

2023-07-10 14:35:38 - [MESSAGE][PASSED] - Browser is opened with url: ''

2023-07-10 14:35:38 - [TEST_STEP][PASSED] - maximizeWindow(): Current window maximized

2023-07-10 14:35:38 - [MESSAGE][PASSED] - Current window maximized

2023-07-10 14:35:38 - [TEST_STEP][PASSED] - navigateToUrl("https://uat-dashboard.blicicil.com/auth/login"): Navigate to 'https://uat-dashboard.blicicil.com/auth/login' successfully

2023-07-10 14:35:39 - [MESSAGE][PASSED] - Navigate to 'https://uat-dashboard.blicicil.com/auth/login' successfully

2023-07-10 14:35:39 - [TEST_STEP][PASSED] - setText(findTestObject("Object Repository/Master Kategori Toko/Edit/input_Email_email"), "eva.mayadila@megafinance.co.id"): Text 'eva.mayadila@megafinance.co.id' is set on object 'Object Repository/Master Kategori Toko/Edit/input_Email_email'

2023-07-10 14:35:40 - [MESSAGE][PASSED] - Text 'eva.mayadila@megafinance.co.id' is set on object 'Object Repository/Master Kategori Toko/Edit/input_Email_email'

2023-07-10 14:35:40 - [TEST_STEP][PASSED] - setEncryptedText(findTestObject("Object Repository/Master Kategori Toko/Edit/input_Password_password"), "aeHFOx8jV/A="): Text ****** has been set on object 'Object Repository/Master Kategori Toko/Edit/input_Password_password'

2023-07-10 14:35:41 - [MESSAGE][PASSED] - Text ****** has been set on object 'Object Repository/Master Kategori Toko/Edit/input_Password_password'

2023-07-10 14:35:41 - [TEST_STEP][PASSED] - click(findTestObject("Object Repository/Master Kategori Toko/Edit/button_Login")): Object: 'Object Repository/Master Kategori Toko/Edit/button_Login' is clicked on

2023-07-10 14:35:41 - [MESSAGE][PASSED] - Object: 'Object Repository/Master Kategori Toko/Edit/button_Login' is clicked on

2023-07-10 14:35:41 - [TEST_STEP][PASSED] - click(findTestObject("Object Repository/Master Kategori Toko/Edit/a_Master")): Object: 'Object Repository/Master Kategori Toko/Edit/a_Master' is clicked on

2023-07-10 14:35:43 - [MESSAGE][PASSED] - Object: 'Object Repository/Master Kategori Toko/Edit/a_Master' is clicked on

2023-07-10 14:35:43 - [TEST_STEP][PASSED] - click(findTestObject("Object Repository/Master Kategori Toko/Edit/a_Kategori Toko")): Object: 'Object Repository/Master Kategori Toko/Edit/a_Kategori Toko' is clicked on

2023-07-10 14:35:44 - [MESSAGE][PASSED] - Object: 'Object Repository/Master Kategori Toko/Edit/a_Kategori Toko' is clicked on

2023-07-10 14:35:44 - [TEST_STEP][PASSED] - click(findTestObject("Object Repository/Master Kategori Toko/Edit/a_Edit")): Object: 'Object Repository/Master Kategori Toko/Edit/a_Edit' is clicked on

2023-07-10 14:35:46 - [MESSAGE][PASSED] - Object: 'Object Repository/Master Kategori Toko/Edit/a_Edit' is clicked on

2023-07-10 14:35:46 - [TEST_STEP][PASSED] - click(findTestObject("Master Kategori Toko/Edit/div_Kategori")): Object: 'Object Repository/Master Kategori Toko/Edit/div_Kategori' is clicked on

2023-07-10 14:35:47 - [MESSAGE][PASSED] - Object: 'Object Repository/Master Kategori Toko/Edit/div_Kategori' is clicked on

2023-07-10 14:35:47 - [TEST_STEP][FAILED] - checked = verifyElementChecked(findTestObject("Master Kategori Toko/Edit/input_Komputer Laptop_category"), 0): Unable to verify object 'Object Repository/Master Kategori Toko/Edit/input_Komputer Laptop_category' is checked (Root cause: com.kms.katalon.core.exception.StepFailedException: Unable to verify object 'Object Repository/Master Kategori Toko/Edit/input_Komputer Laptop_category' is checked
	at com.kms.katalon.core.webui.keyword.internal.WebUIKeywordMain.stepFailed(WebUIKeywordMain.groovy:64)
	at com.kms.katalon.core.webui.keyword.internal.WebUIKeywordMain.runKeyword(WebUIKeywordMain.groovy:26)
	at com.kms.katalon.core.webui.keyword.builtin.VerifyElementCheckedKeyword.verifyElementChecked(VerifyElementCheckedKeyword.groovy:92)
	at com.kms.katalon.core.webui.keyword.builtin.VerifyElementCheckedKeyword.execute(VerifyElementCheckedKeyword.groovy:68)
	at com.kms.katalon.core.keyword.internal.KeywordExecutor.executeKeywordForPlatform(KeywordExecutor.groovy:74)
	at com.kms.katalon.core.webui.keyword.WebUiBuiltInKeywords.verifyElementChecked(WebUiBuiltInKeywords.groovy:1397)
	at com.kms.katalon.core.webui.keyword.WebUiBuiltInKeywords$verifyElementChecked$11.call(Unknown Source)
	at Edit Sukses.run(Edit Sukses:40)
	at com.kms.katalon.core.main.ScriptEngine.run(ScriptEngine.java:194)
	at com.kms.katalon.core.main.ScriptEngine.runScriptAsRawText(ScriptEngine.java:119)
	at com.kms.katalon.core.main.TestCaseExecutor.runScript(TestCaseExecutor.java:448)
	at com.kms.katalon.core.main.TestCaseExecutor.doExecute(TestCaseExecutor.java:439)
	at com.kms.katalon.core.main.TestCaseExecutor.processExecutionPhase(TestCaseExecutor.java:418)
	at com.kms.katalon.core.main.TestCaseExecutor.accessMainPhase(TestCaseExecutor.java:410)
	at com.kms.katalon.core.main.TestCaseExecutor.execute(TestCaseExecutor.java:285)
	at com.kms.katalon.core.common.CommonExecutor.accessTestCaseMainPhase(CommonExecutor.java:65)
	at com.kms.katalon.core.main.TestSuiteExecutor.accessTestSuiteMainPhase(TestSuiteExecutor.java:148)
	at com.kms.katalon.core.main.TestSuiteExecutor.execute(TestSuiteExecutor.java:106)
	at com.kms.katalon.core.main.TestCaseMain.startTestSuite(TestCaseMain.java:187)
	at com.kms.katalon.core.main.TestCaseMain$startTestSuite$0.call(Unknown Source)
	at TempTestSuite1688974444474.run(TempTestSuite1688974444474.groovy:36)
Caused by: com.kms.katalon.core.webui.exception.WebElementNotFoundException: Web element with id: 'Object Repository/Master Kategori Toko/Edit/input_Komputer Laptop_category' located by 'id("category62f316842b878f0347211e9e")[count(. | //*[@checked = 'true']) = count(//*[@checked = 'true'])]' not found
	at com.kms.katalon.core.webui.common.WebUiCommonHelper.findWebElement(WebUiCommonHelper.java:1376)
	at com.kms.katalon.core.webui.keyword.internal.WebUIAbstractKeyword.findWebElement(WebUIAbstractKeyword.groovy:27)
	at com.kms.katalon.core.webui.keyword.builtin.VerifyElementCheckedKeyword$_verifyElementChecked_closure1.doCall(VerifyElementCheckedKeyword.groovy:78)
	at com.kms.katalon.core.webui.keyword.builtin.VerifyElementCheckedKeyword$_verifyElementChecked_closure1.call(VerifyElementCheckedKeyword.groovy)
	at com.kms.katalon.core.webui.keyword.internal.WebUIKeywordMain.runKeyword(WebUIKeywordMain.groovy:20)
	at com.kms.katalon.core.webui.keyword.builtin.VerifyElementCheckedKeyword.verifyElementChecked(VerifyElementCheckedKeyword.groovy:92)
	at com.kms.katalon.core.webui.keyword.builtin.VerifyElementCheckedKeyword.execute(VerifyElementCheckedKeyword.groovy:68)
	at com.kms.katalon.core.keyword.internal.KeywordExecutor.executeKeywordForPlatform(KeywordExecutor.groovy:74)
	at com.kms.katalon.core.webui.keyword.WebUiBuiltInKeywords.verifyElementChecked(WebUiBuiltInKeywords.groovy:1397)
	at com.kms.katalon.core.webui.keyword.WebUiBuiltInKeywords$verifyElementChecked$11.call(Unknown Source)
	at Script1688973604492.run(Script1688973604492.groovy:40)
	... 13 more
)

2023-07-10 14:35:47 - [MESSAGE][WARNING] - Timeout '0' is invalid. Using default page load timeout: '30'

2023-07-10 14:36:18 - [MESSAGE][INFO] - Unable to find the element located by 'By.xpath: id("category62f316842b878f0347211e9e")[count(. | //*[@checked = 'true']) = count(//*[@checked = 'true'])]'. Please recheck the objects properties to make sure the desired element is located. 

2023-07-10 14:36:18 - [MESSAGE][FAILED] - Unable to verify object 'Object Repository/Master Kategori Toko/Edit/input_Komputer Laptop_category' is checked (Root cause: com.kms.katalon.core.exception.StepFailedException: Unable to verify object 'Object Repository/Master Kategori Toko/Edit/input_Komputer Laptop_category' is checked
	at com.kms.katalon.core.webui.keyword.internal.WebUIKeywordMain.stepFailed(WebUIKeywordMain.groovy:64)
	at com.kms.katalon.core.webui.keyword.internal.WebUIKeywordMain.runKeyword(WebUIKeywordMain.groovy:26)
	at com.kms.katalon.core.webui.keyword.builtin.VerifyElementCheckedKeyword.verifyElementChecked(VerifyElementCheckedKeyword.groovy:92)
	at com.kms.katalon.core.webui.keyword.builtin.VerifyElementCheckedKeyword.execute(VerifyElementCheckedKeyword.groovy:68)
	at com.kms.katalon.core.keyword.internal.KeywordExecutor.executeKeywordForPlatform(KeywordExecutor.groovy:74)
	at com.kms.katalon.core.webui.keyword.WebUiBuiltInKeywords.verifyElementChecked(WebUiBuiltInKeywords.groovy:1397)
	at com.kms.katalon.core.webui.keyword.WebUiBuiltInKeywords$verifyElementChecked$11.call(Unknown Source)
	at Edit Sukses.run(Edit Sukses:40)
	at com.kms.katalon.core.main.ScriptEngine.run(ScriptEngine.java:194)
	at com.kms.katalon.core.main.ScriptEngine.runScriptAsRawText(ScriptEngine.java:119)
	at com.kms.katalon.core.main.TestCaseExecutor.runScript(TestCaseExecutor.java:448)
	at com.kms.katalon.core.main.TestCaseExecutor.doExecute(TestCaseExecutor.java:439)
	at com.kms.katalon.core.main.TestCaseExecutor.processExecutionPhase(TestCaseExecutor.java:418)
	at com.kms.katalon.core.main.TestCaseExecutor.accessMainPhase(TestCaseExecutor.java:410)
	at com.kms.katalon.core.main.TestCaseExecutor.execute(TestCaseExecutor.java:285)
	at com.kms.katalon.core.common.CommonExecutor.accessTestCaseMainPhase(CommonExecutor.java:65)
	at com.kms.katalon.core.main.TestSuiteExecutor.accessTestSuiteMainPhase(TestSuiteExecutor.java:148)
	at com.kms.katalon.core.main.TestSuiteExecutor.execute(TestSuiteExecutor.java:106)
	at com.kms.katalon.core.main.TestCaseMain.startTestSuite(TestCaseMain.java:187)
	at com.kms.katalon.core.main.TestCaseMain$startTestSuite$0.call(Unknown Source)
	at TempTestSuite1688974444474.run(TempTestSuite1688974444474.groovy:36)
Caused by: com.kms.katalon.core.webui.exception.WebElementNotFoundException: Web element with id: 'Object Repository/Master Kategori Toko/Edit/input_Komputer Laptop_category' located by 'id("category62f316842b878f0347211e9e")[count(. | //*[@checked = 'true']) = count(//*[@checked = 'true'])]' not found
	at com.kms.katalon.core.webui.common.WebUiCommonHelper.findWebElement(WebUiCommonHelper.java:1376)
	at com.kms.katalon.core.webui.keyword.internal.WebUIAbstractKeyword.findWebElement(WebUIAbstractKeyword.groovy:27)
	at com.kms.katalon.core.webui.keyword.builtin.VerifyElementCheckedKeyword$_verifyElementChecked_closure1.doCall(VerifyElementCheckedKeyword.groovy:78)
	at com.kms.katalon.core.webui.keyword.builtin.VerifyElementCheckedKeyword$_verifyElementChecked_closure1.call(VerifyElementCheckedKeyword.groovy)
	at com.kms.katalon.core.webui.keyword.internal.WebUIKeywordMain.runKeyword(WebUIKeywordMain.groovy:20)
	at com.kms.katalon.core.webui.keyword.builtin.VerifyElementCheckedKeyword.verifyElementChecked(VerifyElementCheckedKeyword.groovy:92)
	at com.kms.katalon.core.webui.keyword.builtin.VerifyElementCheckedKeyword.execute(VerifyElementCheckedKeyword.groovy:68)
	at com.kms.katalon.core.keyword.internal.KeywordExecutor.executeKeywordForPlatform(KeywordExecutor.groovy:74)
	at com.kms.katalon.core.webui.keyword.WebUiBuiltInKeywords.verifyElementChecked(WebUiBuiltInKeywords.groovy:1397)
	at com.kms.katalon.core.webui.keyword.WebUiBuiltInKeywords$verifyElementChecked$11.call(Unknown Source)
	at Script1688973604492.run(Script1688973604492.groovy:40)
	... 13 more
)
[[ATTACHMENT|C:\\Users\\202102359\\git\\blicicil-dashboard-uat\\Reports\\20230710_143404\\Master Kategori Toko\\20230710_143404\\1688974578765.png]]]]></system-out>
         <system-err><![CDATA[2023-07-10 14:35:36 - [TEST_CASE][FAILED] - Test Cases/Master Kategori Toko/Edit Sukses: Test Cases/Master Kategori Toko/Edit Sukses FAILED.
Reason:
com.kms.katalon.core.exception.StepFailedException: Unable to verify object 'Object Repository/Master Kategori Toko/Edit/input_Komputer Laptop_category' is checked
	at com.kms.katalon.core.webui.keyword.internal.WebUIKeywordMain.stepFailed(WebUIKeywordMain.groovy:64)
	at com.kms.katalon.core.webui.keyword.internal.WebUIKeywordMain.runKeyword(WebUIKeywordMain.groovy:26)
	at com.kms.katalon.core.webui.keyword.builtin.VerifyElementCheckedKeyword.verifyElementChecked(VerifyElementCheckedKeyword.groovy:92)
	at com.kms.katalon.core.webui.keyword.builtin.VerifyElementCheckedKeyword.execute(VerifyElementCheckedKeyword.groovy:68)
	at com.kms.katalon.core.keyword.internal.KeywordExecutor.executeKeywordForPlatform(KeywordExecutor.groovy:74)
	at com.kms.katalon.core.webui.keyword.WebUiBuiltInKeywords.verifyElementChecked(WebUiBuiltInKeywords.groovy:1397)
	at com.kms.katalon.core.webui.keyword.WebUiBuiltInKeywords$verifyElementChecked$11.call(Unknown Source)
	at Edit Sukses.run(Edit Sukses:40)
	at com.kms.katalon.core.main.ScriptEngine.run(ScriptEngine.java:194)
	at com.kms.katalon.core.main.ScriptEngine.runScriptAsRawText(ScriptEngine.java:119)
	at com.kms.katalon.core.main.TestCaseExecutor.runScript(TestCaseExecutor.java:448)
	at com.kms.katalon.core.main.TestCaseExecutor.doExecute(TestCaseExecutor.java:439)
	at com.kms.katalon.core.main.TestCaseExecutor.processExecutionPhase(TestCaseExecutor.java:418)
	at com.kms.katalon.core.main.TestCaseExecutor.accessMainPhase(TestCaseExecutor.java:410)
	at com.kms.katalon.core.main.TestCaseExecutor.execute(TestCaseExecutor.java:285)
	at com.kms.katalon.core.common.CommonExecutor.accessTestCaseMainPhase(CommonExecutor.java:65)
	at com.kms.katalon.core.main.TestSuiteExecutor.accessTestSuiteMainPhase(TestSuiteExecutor.java:148)
	at com.kms.katalon.core.main.TestSuiteExecutor.execute(TestSuiteExecutor.java:106)
	at com.kms.katalon.core.main.TestCaseMain.startTestSuite(TestCaseMain.java:187)
	at com.kms.katalon.core.main.TestCaseMain$startTestSuite$0.call(Unknown Source)
	at TempTestSuite1688974444474.run(TempTestSuite1688974444474.groovy:36)
Caused by: com.kms.katalon.core.webui.exception.WebElementNotFoundException: Web element with id: 'Object Repository/Master Kategori Toko/Edit/input_Komputer Laptop_category' located by 'id("category62f316842b878f0347211e9e")[count(. | //*[@checked = 'true']) = count(//*[@checked = 'true'])]' not found
	at com.kms.katalon.core.webui.common.WebUiCommonHelper.findWebElement(WebUiCommonHelper.java:1376)
	at com.kms.katalon.core.webui.keyword.internal.WebUIAbstractKeyword.findWebElement(WebUIAbstractKeyword.groovy:27)
	at com.kms.katalon.core.webui.keyword.builtin.VerifyElementCheckedKeyword$_verifyElementChecked_closure1.doCall(VerifyElementCheckedKeyword.groovy:78)
	at com.kms.katalon.core.webui.keyword.builtin.VerifyElementCheckedKeyword$_verifyElementChecked_closure1.call(VerifyElementCheckedKeyword.groovy)
	at com.kms.katalon.core.webui.keyword.internal.WebUIKeywordMain.runKeyword(WebUIKeywordMain.groovy:20)
	... 19 more]]></system-err>
      </testcase>
      <testcase name="Test Cases/Master Kategori Toko/Searching Success" time="13.053" classname="Test Cases/Master Kategori Toko/Searching Success" status="PASSED">
         <system-out><![CDATA[2023-07-10 14:36:18 - [TEST_CASE][PASSED] - Test Cases/Master Kategori Toko/Searching Success: Test Cases/Master Kategori Toko/Searching Success

2023-07-10 14:36:19 - [TEST_STEP][PASSED] - openBrowser(""): Browser is opened with url: ''

2023-07-10 14:36:19 - [MESSAGE][WARNING] - A browser is already opened. Closing browser and opening a new one

2023-07-10 14:36:19 - [MESSAGE][INFO] - Starting 'Chrome' driver

2023-07-10 14:36:19 - [MESSAGE][INFO] - User set preference: ['args', '[--start-maximized]']

2023-07-10 14:36:19 - [MESSAGE][INFO] - Action delay is set to 0 milliseconds

2023-07-10 14:36:21 - [MESSAGE][PASSED] - Browser is opened with url: ''

2023-07-10 14:36:21 - [TEST_STEP][PASSED] - maximizeWindow(): Current window maximized

2023-07-10 14:36:21 - [MESSAGE][PASSED] - Current window maximized

2023-07-10 14:36:21 - [TEST_STEP][PASSED] - navigateToUrl("https://uat-dashboard.blicicil.com/auth/login"): Navigate to 'https://uat-dashboard.blicicil.com/auth/login' successfully

2023-07-10 14:36:22 - [MESSAGE][PASSED] - Navigate to 'https://uat-dashboard.blicicil.com/auth/login' successfully

2023-07-10 14:36:22 - [TEST_STEP][PASSED] - setText(findTestObject("Object Repository/Master Kategori Toko/Searching Success/input_Email_email"), "eva.mayadila@megafinance.co.id"): Text 'eva.mayadila@megafinance.co.id' is set on object 'Object Repository/Master Kategori Toko/Searching Success/input_Email_email'

2023-07-10 14:36:23 - [MESSAGE][PASSED] - Text 'eva.mayadila@megafinance.co.id' is set on object 'Object Repository/Master Kategori Toko/Searching Success/input_Email_email'

2023-07-10 14:36:23 - [TEST_STEP][PASSED] - setEncryptedText(findTestObject("Object Repository/Master Kategori Toko/Searching Success/input_Password_password"), "aeHFOx8jV/A="): Text ****** has been set on object 'Object Repository/Master Kategori Toko/Searching Success/input_Password_password'

2023-07-10 14:36:23 - [MESSAGE][PASSED] - Text ****** has been set on object 'Object Repository/Master Kategori Toko/Searching Success/input_Password_password'

2023-07-10 14:36:23 - [TEST_STEP][PASSED] - click(findTestObject("Object Repository/Master Kategori Toko/Searching Success/button_Login")): Object: 'Object Repository/Master Kategori Toko/Searching Success/button_Login' is clicked on

2023-07-10 14:36:24 - [MESSAGE][PASSED] - Object: 'Object Repository/Master Kategori Toko/Searching Success/button_Login' is clicked on

2023-07-10 14:36:24 - [TEST_STEP][PASSED] - click(findTestObject("Object Repository/Master Kategori Toko/Searching Success/a_Master")): Object: 'Object Repository/Master Kategori Toko/Searching Success/a_Master' is clicked on

2023-07-10 14:36:26 - [MESSAGE][PASSED] - Object: 'Object Repository/Master Kategori Toko/Searching Success/a_Master' is clicked on

2023-07-10 14:36:26 - [TEST_STEP][PASSED] - click(findTestObject("Object Repository/Master Kategori Toko/Searching Success/a_Kategori Toko")): Object: 'Object Repository/Master Kategori Toko/Searching Success/a_Kategori Toko' is clicked on

2023-07-10 14:36:27 - [MESSAGE][PASSED] - Object: 'Object Repository/Master Kategori Toko/Searching Success/a_Kategori Toko' is clicked on

2023-07-10 14:36:27 - [TEST_STEP][PASSED] - getText(findTestObject("Object Repository/Master Kategori Toko/Searching Success/div_List Kategori Toko BliCicil Admin as   _2278a0")): Text of object 'Object Repository/Master Kategori Toko/Searching Success/div_List Kategori Toko BliCicil Admin as   _2278a0' is: 'List Kategori Toko BliCicil Admin as
New Kategori Toko'

2023-07-10 14:36:28 - [MESSAGE][PASSED] - Text of object 'Object Repository/Master Kategori Toko/Searching Success/div_List Kategori Toko BliCicil Admin as   _2278a0' is: 'List Kategori Toko BliCicil Admin as
New Kategori Toko'

2023-07-10 14:36:28 - [TEST_STEP][PASSED] - setText(findTestObject("Object Repository/Master Kategori Toko/Searching Success/input_Search_form-control form-control-sm"), "Panasonic"): Text 'Panasonic' is set on object 'Object Repository/Master Kategori Toko/Searching Success/input_Search_form-control form-control-sm'

2023-07-10 14:36:29 - [MESSAGE][PASSED] - Text 'Panasonic' is set on object 'Object Repository/Master Kategori Toko/Searching Success/input_Search_form-control form-control-sm'

2023-07-10 14:36:29 - [TEST_STEP][PASSED] - sendKeys(findTestObject("Object Repository/Master Kategori Toko/Searching Success/input_Search_form-control form-control-sm"), Keys.chord(ENTER)): Keys 'ENTER + ' sent to object: 'Object Repository/Master Kategori Toko/Searching Success/input_Search_form-control form-control-sm'

2023-07-10 14:36:29 - [MESSAGE][PASSED] - Keys 'ENTER + ' sent to object: 'Object Repository/Master Kategori Toko/Searching Success/input_Search_form-control form-control-sm'

2023-07-10 14:36:29 - [TEST_STEP][PASSED] - setText(findTestObject("Object Repository/Master Kategori Toko/Searching Success/input_Search_form-control form-control-sm"), "Carrefour"): Text 'Carrefour' is set on object 'Object Repository/Master Kategori Toko/Searching Success/input_Search_form-control form-control-sm'

2023-07-10 14:36:30 - [MESSAGE][PASSED] - Text 'Carrefour' is set on object 'Object Repository/Master Kategori Toko/Searching Success/input_Search_form-control form-control-sm'

2023-07-10 14:36:30 - [TEST_STEP][PASSED] - sendKeys(findTestObject("Object Repository/Master Kategori Toko/Searching Success/input_Search_form-control form-control-sm"), Keys.chord(ENTER)): Keys 'ENTER + ' sent to object: 'Object Repository/Master Kategori Toko/Searching Success/input_Search_form-control form-control-sm'

2023-07-10 14:36:31 - [MESSAGE][PASSED] - Keys 'ENTER + ' sent to object: 'Object Repository/Master Kategori Toko/Searching Success/input_Search_form-control form-control-sm'

2023-07-10 14:36:31 - [TEST_STEP][PASSED] - closeBrowser(): Browser is closed

2023-07-10 14:36:31 - [MESSAGE][PASSED] - Browser is closed]]></system-out>
         <system-err><![CDATA[]]></system-err>
      </testcase>
      <testcase name="Test Cases/Master Kategori Toko/Searching Failed" time="12.083" classname="Test Cases/Master Kategori Toko/Searching Failed" status="PASSED">
         <system-out><![CDATA[2023-07-10 14:36:31 - [TEST_CASE][PASSED] - Test Cases/Master Kategori Toko/Searching Failed: Test Cases/Master Kategori Toko/Searching Failed

2023-07-10 14:36:32 - [TEST_STEP][PASSED] - openBrowser(""): Browser is opened with url: ''

2023-07-10 14:36:32 - [MESSAGE][INFO] - Starting 'Chrome' driver

2023-07-10 14:36:32 - [MESSAGE][INFO] - User set preference: ['args', '[--start-maximized]']

2023-07-10 14:36:32 - [MESSAGE][INFO] - Action delay is set to 0 milliseconds

2023-07-10 14:36:34 - [MESSAGE][PASSED] - Browser is opened with url: ''

2023-07-10 14:36:34 - [TEST_STEP][PASSED] - maximizeWindow(): Current window maximized

2023-07-10 14:36:34 - [MESSAGE][PASSED] - Current window maximized

2023-07-10 14:36:34 - [TEST_STEP][PASSED] - navigateToUrl("https://uat-dashboard.blicicil.com/auth/login"): Navigate to 'https://uat-dashboard.blicicil.com/auth/login' successfully

2023-07-10 14:36:34 - [MESSAGE][PASSED] - Navigate to 'https://uat-dashboard.blicicil.com/auth/login' successfully

2023-07-10 14:36:34 - [TEST_STEP][PASSED] - setText(findTestObject("Object Repository/Master Kategori Toko/Searching Failed/input_Email_email"), "eva.mayadila@megafinance.co.id"): Text 'eva.mayadila@megafinance.co.id' is set on object 'Object Repository/Master Kategori Toko/Searching Failed/input_Email_email'

2023-07-10 14:36:36 - [MESSAGE][PASSED] - Text 'eva.mayadila@megafinance.co.id' is set on object 'Object Repository/Master Kategori Toko/Searching Failed/input_Email_email'

2023-07-10 14:36:36 - [TEST_STEP][PASSED] - setEncryptedText(findTestObject("Object Repository/Master Kategori Toko/Searching Failed/input_Password_password"), "aeHFOx8jV/A="): Text ****** has been set on object 'Object Repository/Master Kategori Toko/Searching Failed/input_Password_password'

2023-07-10 14:36:36 - [MESSAGE][PASSED] - Text ****** has been set on object 'Object Repository/Master Kategori Toko/Searching Failed/input_Password_password'

2023-07-10 14:36:36 - [TEST_STEP][PASSED] - click(findTestObject("Object Repository/Master Kategori Toko/Searching Failed/button_Login")): Object: 'Object Repository/Master Kategori Toko/Searching Failed/button_Login' is clicked on

2023-07-10 14:36:37 - [MESSAGE][PASSED] - Object: 'Object Repository/Master Kategori Toko/Searching Failed/button_Login' is clicked on

2023-07-10 14:36:37 - [TEST_STEP][PASSED] - click(findTestObject("Object Repository/Master Kategori Toko/Searching Failed/a_Master")): Object: 'Object Repository/Master Kategori Toko/Searching Failed/a_Master' is clicked on

2023-07-10 14:36:39 - [MESSAGE][PASSED] - Object: 'Object Repository/Master Kategori Toko/Searching Failed/a_Master' is clicked on

2023-07-10 14:36:39 - [TEST_STEP][PASSED] - click(findTestObject("Object Repository/Master Kategori Toko/Searching Failed/a_Kategori Toko")): Object: 'Object Repository/Master Kategori Toko/Searching Failed/a_Kategori Toko' is clicked on

2023-07-10 14:36:39 - [MESSAGE][PASSED] - Object: 'Object Repository/Master Kategori Toko/Searching Failed/a_Kategori Toko' is clicked on

2023-07-10 14:36:39 - [TEST_STEP][PASSED] - click(findTestObject("Object Repository/Master Kategori Toko/Searching Failed/div_List Kategori Toko BliCicil Admin as   _2278a0")): Object: 'Object Repository/Master Kategori Toko/Searching Failed/div_List Kategori Toko BliCicil Admin as   _2278a0' is clicked on

2023-07-10 14:36:40 - [MESSAGE][PASSED] - Object: 'Object Repository/Master Kategori Toko/Searching Failed/div_List Kategori Toko BliCicil Admin as   _2278a0' is clicked on

2023-07-10 14:36:40 - [TEST_STEP][PASSED] - setText(findTestObject("Object Repository/Master Kategori Toko/Searching Failed/input_Search_form-control form-control-sm"), "123456"): Text '123456' is set on object 'Object Repository/Master Kategori Toko/Searching Failed/input_Search_form-control form-control-sm'

2023-07-10 14:36:41 - [MESSAGE][PASSED] - Text '123456' is set on object 'Object Repository/Master Kategori Toko/Searching Failed/input_Search_form-control form-control-sm'

2023-07-10 14:36:41 - [TEST_STEP][PASSED] - sendKeys(findTestObject("Object Repository/Master Kategori Toko/Searching Failed/input_Search_form-control form-control-sm"), Keys.chord(ENTER)): Keys 'ENTER + ' sent to object: 'Object Repository/Master Kategori Toko/Searching Failed/input_Search_form-control form-control-sm'

2023-07-10 14:36:42 - [MESSAGE][PASSED] - Keys 'ENTER + ' sent to object: 'Object Repository/Master Kategori Toko/Searching Failed/input_Search_form-control form-control-sm'

2023-07-10 14:36:42 - [TEST_STEP][PASSED] - setText(findTestObject("Object Repository/Master Kategori Toko/Searching Failed/input_Search_form-control form-control-sm"), "Sharp"): Text 'Sharp' is set on object 'Object Repository/Master Kategori Toko/Searching Failed/input_Search_form-control form-control-sm'

2023-07-10 14:36:42 - [MESSAGE][PASSED] - Text 'Sharp' is set on object 'Object Repository/Master Kategori Toko/Searching Failed/input_Search_form-control form-control-sm'

2023-07-10 14:36:42 - [TEST_STEP][PASSED] - sendKeys(findTestObject("Object Repository/Master Kategori Toko/Searching Failed/input_Search_form-control form-control-sm"), Keys.chord(ENTER)): Keys 'ENTER + ' sent to object: 'Object Repository/Master Kategori Toko/Searching Failed/input_Search_form-control form-control-sm'

2023-07-10 14:36:43 - [MESSAGE][PASSED] - Keys 'ENTER + ' sent to object: 'Object Repository/Master Kategori Toko/Searching Failed/input_Search_form-control form-control-sm'

2023-07-10 14:36:43 - [TEST_STEP][PASSED] - closeBrowser(): Browser is closed

2023-07-10 14:36:44 - [MESSAGE][PASSED] - Browser is closed]]></system-out>
         <system-err><![CDATA[]]></system-err>
      </testcase>
      <system-out><![CDATA[2023-07-10 14:34:07 - [TEST_SUITE][FAILED] - Master Kategori Toko: Test Cases/Master Kategori Toko/Edit Sukses FAILED.
Reason:
com.kms.katalon.core.exception.StepFailedException: Unable to verify object 'Object Repository/Master Kategori Toko/Edit/input_Komputer Laptop_category' is checked
	at com.kms.katalon.core.webui.keyword.internal.WebUIKeywordMain.stepFailed(WebUIKeywordMain.groovy:64)
	at com.kms.katalon.core.webui.keyword.internal.WebUIKeywordMain.runKeyword(WebUIKeywordMain.groovy:26)
	at com.kms.katalon.core.webui.keyword.builtin.VerifyElementCheckedKeyword.verifyElementChecked(VerifyElementCheckedKeyword.groovy:92)
	at com.kms.katalon.core.webui.keyword.builtin.VerifyElementCheckedKeyword.execute(VerifyElementCheckedKeyword.groovy:68)
	at com.kms.katalon.core.keyword.internal.KeywordExecutor.executeKeywordForPlatform(KeywordExecutor.groovy:74)
	at com.kms.katalon.core.webui.keyword.WebUiBuiltInKeywords.verifyElementChecked(WebUiBuiltInKeywords.groovy:1397)
	at com.kms.katalon.core.webui.keyword.WebUiBuiltInKeywords$verifyElementChecked$11.call(Unknown Source)
	at Edit Sukses.run(Edit Sukses:40)
	at com.kms.katalon.core.main.ScriptEngine.run(ScriptEngine.java:194)
	at com.kms.katalon.core.main.ScriptEngine.runScriptAsRawText(ScriptEngine.java:119)
	at com.kms.katalon.core.main.TestCaseExecutor.runScript(TestCaseExecutor.java:448)
	at com.kms.katalon.core.main.TestCaseExecutor.doExecute(TestCaseExecutor.java:439)
	at com.kms.katalon.core.main.TestCaseExecutor.processExecutionPhase(TestCaseExecutor.java:418)
	at com.kms.katalon.core.main.TestCaseExecutor.accessMainPhase(TestCaseExecutor.java:410)
	at com.kms.katalon.core.main.TestCaseExecutor.execute(TestCaseExecutor.java:285)
	at com.kms.katalon.core.common.CommonExecutor.accessTestCaseMainPhase(CommonExecutor.java:65)
	at com.kms.katalon.core.main.TestSuiteExecutor.accessTestSuiteMainPhase(TestSuiteExecutor.java:148)
	at com.kms.katalon.core.main.TestSuiteExecutor.execute(TestSuiteExecutor.java:106)
	at com.kms.katalon.core.main.TestCaseMain.startTestSuite(TestCaseMain.java:187)
	at com.kms.katalon.core.main.TestCaseMain$startTestSuite$0.call(Unknown Source)
	at TempTestSuite1688974444474.run(TempTestSuite1688974444474.groovy:36)
Caused by: com.kms.katalon.core.webui.exception.WebElementNotFoundException: Web element with id: 'Object Repository/Master Kategori Toko/Edit/input_Komputer Laptop_category' located by 'id("category62f316842b878f0347211e9e")[count(. | //*[@checked = 'true']) = count(//*[@checked = 'true'])]' not found
	at com.kms.katalon.core.webui.common.WebUiCommonHelper.findWebElement(WebUiCommonHelper.java:1376)
	at com.kms.katalon.core.webui.keyword.internal.WebUIAbstractKeyword.findWebElement(WebUIAbstractKeyword.groovy:27)
	at com.kms.katalon.core.webui.keyword.builtin.VerifyElementCheckedKeyword$_verifyElementChecked_closure1.doCall(VerifyElementCheckedKeyword.groovy:78)
	at com.kms.katalon.core.webui.keyword.builtin.VerifyElementCheckedKeyword$_verifyElementChecked_closure1.call(VerifyElementCheckedKeyword.groovy)
	at com.kms.katalon.core.webui.keyword.internal.WebUIKeywordMain.runKeyword(WebUIKeywordMain.groovy:20)
	... 19 more]]></system-out>
      <system-err><![CDATA[2023-07-10 14:34:07 - [TEST_SUITE][FAILED] - Master Kategori Toko: Test Cases/Master Kategori Toko/Edit Sukses FAILED.
Reason:
com.kms.katalon.core.exception.StepFailedException: Unable to verify object 'Object Repository/Master Kategori Toko/Edit/input_Komputer Laptop_category' is checked
	at com.kms.katalon.core.webui.keyword.internal.WebUIKeywordMain.stepFailed(WebUIKeywordMain.groovy:64)
	at com.kms.katalon.core.webui.keyword.internal.WebUIKeywordMain.runKeyword(WebUIKeywordMain.groovy:26)
	at com.kms.katalon.core.webui.keyword.builtin.VerifyElementCheckedKeyword.verifyElementChecked(VerifyElementCheckedKeyword.groovy:92)
	at com.kms.katalon.core.webui.keyword.builtin.VerifyElementCheckedKeyword.execute(VerifyElementCheckedKeyword.groovy:68)
	at com.kms.katalon.core.keyword.internal.KeywordExecutor.executeKeywordForPlatform(KeywordExecutor.groovy:74)
	at com.kms.katalon.core.webui.keyword.WebUiBuiltInKeywords.verifyElementChecked(WebUiBuiltInKeywords.groovy:1397)
	at com.kms.katalon.core.webui.keyword.WebUiBuiltInKeywords$verifyElementChecked$11.call(Unknown Source)
	at Edit Sukses.run(Edit Sukses:40)
	at com.kms.katalon.core.main.ScriptEngine.run(ScriptEngine.java:194)
	at com.kms.katalon.core.main.ScriptEngine.runScriptAsRawText(ScriptEngine.java:119)
	at com.kms.katalon.core.main.TestCaseExecutor.runScript(TestCaseExecutor.java:448)
	at com.kms.katalon.core.main.TestCaseExecutor.doExecute(TestCaseExecutor.java:439)
	at com.kms.katalon.core.main.TestCaseExecutor.processExecutionPhase(TestCaseExecutor.java:418)
	at com.kms.katalon.core.main.TestCaseExecutor.accessMainPhase(TestCaseExecutor.java:410)
	at com.kms.katalon.core.main.TestCaseExecutor.execute(TestCaseExecutor.java:285)
	at com.kms.katalon.core.common.CommonExecutor.accessTestCaseMainPhase(CommonExecutor.java:65)
	at com.kms.katalon.core.main.TestSuiteExecutor.accessTestSuiteMainPhase(TestSuiteExecutor.java:148)
	at com.kms.katalon.core.main.TestSuiteExecutor.execute(TestSuiteExecutor.java:106)
	at com.kms.katalon.core.main.TestCaseMain.startTestSuite(TestCaseMain.java:187)
	at com.kms.katalon.core.main.TestCaseMain$startTestSuite$0.call(Unknown Source)
	at TempTestSuite1688974444474.run(TempTestSuite1688974444474.groovy:36)
Caused by: com.kms.katalon.core.webui.exception.WebElementNotFoundException: Web element with id: 'Object Repository/Master Kategori Toko/Edit/input_Komputer Laptop_category' located by 'id("category62f316842b878f0347211e9e")[count(. | //*[@checked = 'true']) = count(//*[@checked = 'true'])]' not found
	at com.kms.katalon.core.webui.common.WebUiCommonHelper.findWebElement(WebUiCommonHelper.java:1376)
	at com.kms.katalon.core.webui.keyword.internal.WebUIAbstractKeyword.findWebElement(WebUIAbstractKeyword.groovy:27)
	at com.kms.katalon.core.webui.keyword.builtin.VerifyElementCheckedKeyword$_verifyElementChecked_closure1.doCall(VerifyElementCheckedKeyword.groovy:78)
	at com.kms.katalon.core.webui.keyword.builtin.VerifyElementCheckedKeyword$_verifyElementChecked_closure1.call(VerifyElementCheckedKeyword.groovy)
	at com.kms.katalon.core.webui.keyword.internal.WebUIKeywordMain.runKeyword(WebUIKeywordMain.groovy:20)
	... 19 more]]></system-err>
   </testsuite>
</testsuites>
